2024-03-02 15:44:34,967 [ERROR] LogOutputStream:75 - [STDERR_REDIRECT] Mar 02, 2024 3:44:34 PM java.util.prefs.FileSystemPreferences checkLockFile0ErrorCode
2024-03-02 15:44:34,973 [ERROR] LogOutputStream:75 - [STDERR_REDIRECT] WARNING: Could not lock System prefs. Unix error code 5.
2024-03-02 15:44:34,973 [ERROR] LogOutputStream:75 - [STDERR_REDIRECT] 
2024-03-02 15:44:34,974 [ERROR] LogOutputStream:75 - [STDERR_REDIRECT] Mar 02, 2024 3:44:34 PM java.util.prefs.FileSystemPreferences syncWorld
2024-03-02 15:44:34,974 [ERROR] LogOutputStream:75 - [STDERR_REDIRECT] WARNING: Couldn't flush system prefs: java.util.prefs.BackingStoreException: Couldn't get file lock.
2024-03-02 15:44:34,974 [ERROR] LogOutputStream:75 - [STDERR_REDIRECT] 
2024-03-02 15:45:04,967 [ERROR] LogOutputStream:75 - [STDERR_REDIRECT] Mar 02, 2024 3:45:04 PM java.util.prefs.FileSystemPreferences checkLockFile0ErrorCode
2024-03-02 15:45:04,968 [ERROR] LogOutputStream:75 - [STDERR_REDIRECT] WARNING: Could not lock System prefs. Unix error code 5.
2024-03-02 15:45:04,968 [ERROR] LogOutputStream:75 - [STDERR_REDIRECT] 
2024-03-02 15:45:04,968 [ERROR] LogOutputStream:75 - [STDERR_REDIRECT] Mar 02, 2024 3:45:04 PM java.util.prefs.FileSystemPreferences syncWorld
2024-03-02 15:45:04,968 [ERROR] LogOutputStream:75 - [STDERR_REDIRECT] WARNING: Couldn't flush system prefs: java.util.prefs.BackingStoreException: Couldn't get file lock.
2024-03-02 15:45:04,968 [ERROR] LogOutputStream:75 - [STDERR_REDIRECT] 
2024-03-02 15:45:34,968 [ERROR] LogOutputStream:75 - [STDERR_REDIRECT] Mar 02, 2024 3:45:34 PM java.util.prefs.FileSystemPreferences checkLockFile0ErrorCode
2024-03-02 15:45:34,968 [ERROR] LogOutputStream:75 - [STDERR_REDIRECT] WARNING: Could not lock System prefs. Unix error code 5.
2024-03-02 15:45:34,969 [ERROR] LogOutputStream:75 - [STDERR_REDIRECT] 
2024-03-02 15:45:34,969 [ERROR] LogOutputStream:75 - [STDERR_REDIRECT] Mar 02, 2024 3:45:34 PM java.util.prefs.FileSystemPreferences syncWorld
2024-03-02 15:45:34,969 [ERROR] LogOutputStream:75 - [STDERR_REDIRECT] WARNING: Couldn't flush system prefs: java.util.prefs.BackingStoreException: Couldn't get file lock.
2024-03-02 15:45:34,969 [ERROR] LogOutputStream:75 - [STDERR_REDIRECT] 
2024-03-02 15:46:04,969 [ERROR] LogOutputStream:75 - [STDERR_REDIRECT] Mar 02, 2024 3:46:04 PM java.util.prefs.FileSystemPreferences checkLockFile0ErrorCode
2024-03-02 15:46:04,969 [ERROR] LogOutputStream:75 - [STDERR_REDIRECT] WARNING: Could not lock System prefs. Unix error code 5.
2024-03-02 15:46:04,969 [ERROR] LogOutputStream:75 - [STDERR_REDIRECT] 
2024-03-02 15:46:04,970 [ERROR] LogOutputStream:75 - [STDERR_REDIRECT] Mar 02, 2024 3:46:04 PM java.util.prefs.FileSystemPreferences syncWorld
2024-03-02 15:46:04,970 [ERROR] LogOutputStream:75 - [STDERR_REDIRECT] WARNING: Couldn't flush system prefs: java.util.prefs.BackingStoreException: Couldn't get file lock.
2024-03-02 15:46:04,970 [ERROR] LogOutputStream:75 - [STDERR_REDIRECT] 
2024-03-02 15:46:34,970 [ERROR] LogOutputStream:75 - [STDERR_REDIRECT] Mar 02, 2024 3:46:34 PM java.util.prefs.FileSystemPreferences checkLockFile0ErrorCode
2024-03-02 15:46:34,970 [ERROR] LogOutputStream:75 - [STDERR_REDIRECT] WARNING: Could not lock System prefs. Unix error code 5.
2024-03-02 15:46:34,971 [ERROR] LogOutputStream:75 - [STDERR_REDIRECT] 
2024-03-02 15:46:34,971 [ERROR] LogOutputStream:75 - [STDERR_REDIRECT] Mar 02, 2024 3:46:34 PM java.util.prefs.FileSystemPreferences syncWorld
2024-03-02 15:46:34,971 [ERROR] LogOutputStream:75 - [STDERR_REDIRECT] WARNING: Couldn't flush system prefs: java.util.prefs.BackingStoreException: Couldn't get file lock.
2024-03-02 15:46:34,971 [ERROR] LogOutputStream:75 - [STDERR_REDIRECT] 
2024-03-02 15:47:04,971 [ERROR] LogOutputStream:75 - [STDERR_REDIRECT] Mar 02, 2024 3:47:04 PM java.util.prefs.FileSystemPreferences checkLockFile0ErrorCode
2024-03-02 15:47:04,971 [ERROR] LogOutputStream:75 - [STDERR_REDIRECT] WARNING: Could not lock System prefs. Unix error code 5.
2024-03-02 15:47:04,972 [ERROR] LogOutputStream:75 - [STDERR_REDIRECT] 
2024-03-02 15:47:04,972 [ERROR] LogOutputStream:75 - [STDERR_REDIRECT] Mar 02, 2024 3:47:04 PM java.util.prefs.FileSystemPreferences syncWorld
2024-03-02 15:47:04,972 [ERROR] LogOutputStream:75 - [STDERR_REDIRECT] WARNING: Couldn't flush system prefs: java.util.prefs.BackingStoreException: Couldn't get file lock.
2024-03-02 15:47:04,972 [ERROR] LogOutputStream:75 - [STDERR_REDIRECT] 
2024-03-02 15:47:34,972 [ERROR] LogOutputStream:75 - [STDERR_REDIRECT] Mar 02, 2024 3:47:34 PM java.util.prefs.FileSystemPreferences checkLockFile0ErrorCode
2024-03-02 15:47:34,972 [ERROR] LogOutputStream:75 - [STDERR_REDIRECT] WARNING: Could not lock System prefs. Unix error code 5.
2024-03-02 15:47:34,972 [ERROR] LogOutputStream:75 - [STDERR_REDIRECT] 
2024-03-02 15:47:34,973 [ERROR] LogOutputStream:75 - [STDERR_REDIRECT] Mar 02, 2024 3:47:34 PM java.util.prefs.FileSystemPreferences syncWorld
2024-03-02 15:47:34,973 [ERROR] LogOutputStream:75 - [STDERR_REDIRECT] WARNING: Couldn't flush system prefs: java.util.prefs.BackingStoreException: Couldn't get file lock.
2024-03-02 15:47:34,973 [ERROR] LogOutputStream:75 - [STDERR_REDIRECT] 
2024-03-02 15:48:04,973 [ERROR] LogOutputStream:75 - [STDERR_REDIRECT] Mar 02, 2024 3:48:04 PM java.util.prefs.FileSystemPreferences checkLockFile0ErrorCode
2024-03-02 15:48:04,973 [ERROR] LogOutputStream:75 - [STDERR_REDIRECT] WARNING: Could not lock System prefs. Unix error code 5.
2024-03-02 15:48:04,974 [ERROR] LogOutputStream:75 - [STDERR_REDIRECT] 
2024-03-02 15:48:04,974 [ERROR] LogOutputStream:75 - [STDERR_REDIRECT] Mar 02, 2024 3:48:04 PM java.util.prefs.FileSystemPreferences syncWorld
2024-03-02 15:48:04,974 [ERROR] LogOutputStream:75 - [STDERR_REDIRECT] WARNING: Couldn't flush system prefs: java.util.prefs.BackingStoreException: Couldn't get file lock.
2024-03-02 15:48:04,974 [ERROR] LogOutputStream:75 - [STDERR_REDIRECT] 
2024-03-02 15:48:34,974 [ERROR] LogOutputStream:75 - [STDERR_REDIRECT] Mar 02, 2024 3:48:34 PM java.util.prefs.FileSystemPreferences checkLockFile0ErrorCode
2024-03-02 15:48:34,974 [ERROR] LogOutputStream:75 - [STDERR_REDIRECT] WARNING: Could not lock System prefs. Unix error code 5.
2024-03-02 15:48:34,975 [ERROR] LogOutputStream:75 - [STDERR_REDIRECT] 
2024-03-02 15:48:34,975 [ERROR] LogOutputStream:75 - [STDERR_REDIRECT] Mar 02, 2024 3:48:34 PM java.util.prefs.FileSystemPreferences syncWorld
2024-03-02 15:48:34,975 [ERROR] LogOutputStream:75 - [STDERR_REDIRECT] WARNING: Couldn't flush system prefs: java.util.prefs.BackingStoreException: Couldn't get file lock.
2024-03-02 15:48:34,975 [ERROR] LogOutputStream:75 - [STDERR_REDIRECT] 
2024-03-02 15:49:04,974 [ERROR] LogOutputStream:75 - [STDERR_REDIRECT] Mar 02, 2024 3:49:04 PM java.util.prefs.FileSystemPreferences checkLockFile0ErrorCode
2024-03-02 15:49:04,975 [ERROR] LogOutputStream:75 - [STDERR_REDIRECT] WARNING: Could not lock System prefs. Unix error code 5.
2024-03-02 15:49:04,975 [ERROR] LogOutputStream:75 - [STDERR_REDIRECT] 
2024-03-02 15:49:04,975 [ERROR] LogOutputStream:75 - [STDERR_REDIRECT] Mar 02, 2024 3:49:04 PM java.util.prefs.FileSystemPreferences syncWorld
2024-03-02 15:49:04,976 [ERROR] LogOutputStream:75 - [STDERR_REDIRECT] WARNING: Couldn't flush system prefs: java.util.prefs.BackingStoreException: Couldn't get file lock.
2024-03-02 15:49:04,976 [ERROR] LogOutputStream:75 - [STDERR_REDIRECT] 
2024-03-02 15:49:34,974 [ERROR] LogOutputStream:75 - [STDERR_REDIRECT] Mar 02, 2024 3:49:34 PM java.util.prefs.FileSystemPreferences checkLockFile0ErrorCode
2024-03-02 15:49:34,975 [ERROR] LogOutputStream:75 - [STDERR_REDIRECT] WARNING: Could not lock System prefs. Unix error code 5.
2024-03-02 15:49:34,975 [ERROR] LogOutputStream:75 - [STDERR_REDIRECT] 
2024-03-02 15:49:34,975 [ERROR] LogOutputStream:75 - [STDERR_REDIRECT] Mar 02, 2024 3:49:34 PM java.util.prefs.FileSystemPreferences syncWorld
2024-03-02 15:49:34,976 [ERROR] LogOutputStream:75 - [STDERR_REDIRECT] WARNING: Couldn't flush system prefs: java.util.prefs.BackingStoreException: Couldn't get file lock.
2024-03-02 15:49:34,976 [ERROR] LogOutputStream:75 - [STDERR_REDIRECT] 
2024-03-02 15:50:04,974 [ERROR] LogOutputStream:75 - [STDERR_REDIRECT] Mar 02, 2024 3:50:04 PM java.util.prefs.FileSystemPreferences checkLockFile0ErrorCode
2024-03-02 15:50:04,975 [ERROR] LogOutputStream:75 - [STDERR_REDIRECT] WARNING: Could not lock System prefs. Unix error code 5.
2024-03-02 15:50:04,975 [ERROR] LogOutputStream:75 - [STDERR_REDIRECT] 
2024-03-02 15:50:04,975 [ERROR] LogOutputStream:75 - [STDERR_REDIRECT] Mar 02, 2024 3:50:04 PM java.util.prefs.FileSystemPreferences syncWorld
2024-03-02 15:50:04,976 [ERROR] LogOutputStream:75 - [STDERR_REDIRECT] WARNING: Couldn't flush system prefs: java.util.prefs.BackingStoreException: Couldn't get file lock.
2024-03-02 15:50:04,976 [ERROR] LogOutputStream:75 - [STDERR_REDIRECT] 
2024-03-02 15:50:34,975 [ERROR] LogOutputStream:75 - [STDERR_REDIRECT] Mar 02, 2024 3:50:34 PM java.util.prefs.FileSystemPreferences checkLockFile0ErrorCode
2024-03-02 15:50:34,975 [ERROR] LogOutputStream:75 - [STDERR_REDIRECT] WARNING: Could not lock System prefs. Unix error code 5.
2024-03-02 15:50:34,975 [ERROR] LogOutputStream:75 - [STDERR_REDIRECT] 
2024-03-02 15:50:34,976 [ERROR] LogOutputStream:75 - [STDERR_REDIRECT] Mar 02, 2024 3:50:34 PM java.util.prefs.FileSystemPreferences syncWorld
2024-03-02 15:50:34,976 [ERROR] LogOutputStream:75 - [STDERR_REDIRECT] WARNING: Couldn't flush system prefs: java.util.prefs.BackingStoreException: Couldn't get file lock.
2024-03-02 15:50:34,976 [ERROR] LogOutputStream:75 - [STDERR_REDIRECT] 
2024-03-02 15:51:04,975 [ERROR] LogOutputStream:75 - [STDERR_REDIRECT] Mar 02, 2024 3:51:04 PM java.util.prefs.FileSystemPreferences checkLockFile0ErrorCode
2024-03-02 15:51:04,975 [ERROR] LogOutputStream:75 - [STDERR_REDIRECT] WARNING: Could not lock System prefs. Unix error code 5.
2024-03-02 15:51:04,975 [ERROR] LogOutputStream:75 - [STDERR_REDIRECT] 
2024-03-02 15:51:04,976 [ERROR] LogOutputStream:75 - [STDERR_REDIRECT] Mar 02, 2024 3:51:04 PM java.util.prefs.FileSystemPreferences syncWorld
2024-03-02 15:51:04,976 [ERROR] LogOutputStream:75 - [STDERR_REDIRECT] WARNING: Couldn't flush system prefs: java.util.prefs.BackingStoreException: Couldn't get file lock.
2024-03-02 15:51:04,976 [ERROR] LogOutputStream:75 - [STDERR_REDIRECT] 
2024-03-02 15:51:34,975 [ERROR] LogOutputStream:75 - [STDERR_REDIRECT] Mar 02, 2024 3:51:34 PM java.util.prefs.FileSystemPreferences checkLockFile0ErrorCode
2024-03-02 15:51:34,975 [ERROR] LogOutputStream:75 - [STDERR_REDIRECT] WARNING: Could not lock System prefs. Unix error code 5.
2024-03-02 15:51:34,975 [ERROR] LogOutputStream:75 - [STDERR_REDIRECT] 
2024-03-02 15:51:34,976 [ERROR] LogOutputStream:75 - [STDERR_REDIRECT] Mar 02, 2024 3:51:34 PM java.util.prefs.FileSystemPreferences syncWorld
2024-03-02 15:51:34,976 [ERROR] LogOutputStream:75 - [STDERR_REDIRECT] WARNING: Couldn't flush system prefs: java.util.prefs.BackingStoreException: Couldn't get file lock.
2024-03-02 15:51:34,976 [ERROR] LogOutputStream:75 - [STDERR_REDIRECT] 
2024-03-02 15:52:04,976 [ERROR] LogOutputStream:75 - [STDERR_REDIRECT] Mar 02, 2024 3:52:04 PM java.util.prefs.FileSystemPreferences checkLockFile0ErrorCode
2024-03-02 15:52:04,976 [ERROR] LogOutputStream:75 - [STDERR_REDIRECT] WARNING: Could not lock System prefs. Unix error code 5.
2024-03-02 15:52:04,976 [ERROR] LogOutputStream:75 - [STDERR_REDIRECT] 
2024-03-02 15:52:04,977 [ERROR] LogOutputStream:75 - [STDERR_REDIRECT] Mar 02, 2024 3:52:04 PM java.util.prefs.FileSystemPreferences syncWorld
2024-03-02 15:52:04,977 [ERROR] LogOutputStream:75 - [STDERR_REDIRECT] WARNING: Couldn't flush system prefs: java.util.prefs.BackingStoreException: Couldn't get file lock.
2024-03-02 15:52:04,977 [ERROR] LogOutputStream:75 - [STDERR_REDIRECT] 
2024-03-02 15:52:34,975 [ERROR] LogOutputStream:75 - [STDERR_REDIRECT] Mar 02, 2024 3:52:34 PM java.util.prefs.FileSystemPreferences checkLockFile0ErrorCode
2024-03-02 15:52:34,976 [ERROR] LogOutputStream:75 - [STDERR_REDIRECT] WARNING: Could not lock System prefs. Unix error code 5.
2024-03-02 15:52:34,976 [ERROR] LogOutputStream:75 - [STDERR_REDIRECT] 
2024-03-02 15:52:34,976 [ERROR] LogOutputStream:75 - [STDERR_REDIRECT] Mar 02, 2024 3:52:34 PM java.util.prefs.FileSystemPreferences syncWorld
2024-03-02 15:52:34,976 [ERROR] LogOutputStream:75 - [STDERR_REDIRECT] WARNING: Couldn't flush system prefs: java.util.prefs.BackingStoreException: Couldn't get file lock.
2024-03-02 15:52:34,976 [ERROR] LogOutputStream:75 - [STDERR_REDIRECT] 
2024-03-02 15:53:04,976 [ERROR] LogOutputStream:75 - [STDERR_REDIRECT] Mar 02, 2024 3:53:04 PM java.util.prefs.FileSystemPreferences checkLockFile0ErrorCode
2024-03-02 15:53:04,976 [ERROR] LogOutputStream:75 - [STDERR_REDIRECT] WARNING: Could not lock System prefs. Unix error code 5.
2024-03-02 15:53:04,976 [ERROR] LogOutputStream:75 - [STDERR_REDIRECT] 
2024-03-02 15:53:04,976 [ERROR] LogOutputStream:75 - [STDERR_REDIRECT] Mar 02, 2024 3:53:04 PM java.util.prefs.FileSystemPreferences syncWorld
2024-03-02 15:53:04,977 [ERROR] LogOutputStream:75 - [STDERR_REDIRECT] WARNING: Couldn't flush system prefs: java.util.prefs.BackingStoreException: Couldn't get file lock.
2024-03-02 15:53:04,977 [ERROR] LogOutputStream:75 - [STDERR_REDIRECT] 
2024-03-02 15:53:34,975 [ERROR] LogOutputStream:75 - [STDERR_REDIRECT] Mar 02, 2024 3:53:34 PM java.util.prefs.FileSystemPreferences checkLockFile0ErrorCode
2024-03-02 15:53:34,976 [ERROR] LogOutputStream:75 - [STDERR_REDIRECT] WARNING: Could not lock System prefs. Unix error code 5.
2024-03-02 15:53:34,976 [ERROR] LogOutputStream:75 - [STDERR_REDIRECT] 
2024-03-02 15:53:34,976 [ERROR] LogOutputStream:75 - [STDERR_REDIRECT] Mar 02, 2024 3:53:34 PM java.util.prefs.FileSystemPreferences syncWorld
2024-03-02 15:53:34,976 [ERROR] LogOutputStream:75 - [STDERR_REDIRECT] WARNING: Couldn't flush system prefs: java.util.prefs.BackingStoreException: Couldn't get file lock.
2024-03-02 15:53:34,976 [ERROR] LogOutputStream:75 - [STDERR_REDIRECT] 
2024-03-02 15:54:04,976 [ERROR] LogOutputStream:75 - [STDERR_REDIRECT] Mar 02, 2024 3:54:04 PM java.util.prefs.FileSystemPreferences checkLockFile0ErrorCode
2024-03-02 15:54:04,976 [ERROR] LogOutputStream:75 - [STDERR_REDIRECT] WARNING: Could not lock System prefs. Unix error code 5.
2024-03-02 15:54:04,976 [ERROR] LogOutputStream:75 - [STDERR_REDIRECT] 
2024-03-02 15:54:04,976 [ERROR] LogOutputStream:75 - [STDERR_REDIRECT] Mar 02, 2024 3:54:04 PM java.util.prefs.FileSystemPreferences syncWorld
2024-03-02 15:54:04,976 [ERROR] LogOutputStream:75 - [STDERR_REDIRECT] WARNING: Couldn't flush system prefs: java.util.prefs.BackingStoreException: Couldn't get file lock.
2024-03-02 15:54:04,976 [ERROR] LogOutputStream:75 - [STDERR_REDIRECT] 
2024-03-02 15:54:34,975 [ERROR] LogOutputStream:75 - [STDERR_REDIRECT] Mar 02, 2024 3:54:34 PM java.util.prefs.FileSystemPreferences checkLockFile0ErrorCode
2024-03-02 15:54:34,976 [ERROR] LogOutputStream:75 - [STDERR_REDIRECT] WARNING: Could not lock System prefs. Unix error code 5.
2024-03-02 15:54:34,976 [ERROR] LogOutputStream:75 - [STDERR_REDIRECT] 
2024-03-02 15:54:34,976 [ERROR] LogOutputStream:75 - [STDERR_REDIRECT] Mar 02, 2024 3:54:34 PM java.util.prefs.FileSystemPreferences syncWorld
2024-03-02 15:54:34,976 [ERROR] LogOutputStream:75 - [STDERR_REDIRECT] WARNING: Couldn't flush system prefs: java.util.prefs.BackingStoreException: Couldn't get file lock.
2024-03-02 15:54:34,976 [ERROR] LogOutputStream:75 - [STDERR_REDIRECT] 
2024-03-02 15:55:04,976 [ERROR] LogOutputStream:75 - [STDERR_REDIRECT] Mar 02, 2024 3:55:04 PM java.util.prefs.FileSystemPreferences checkLockFile0ErrorCode
2024-03-02 15:55:04,976 [ERROR] LogOutputStream:75 - [STDERR_REDIRECT] WARNING: Could not lock System prefs. Unix error code 5.
2024-03-02 15:55:04,976 [ERROR] LogOutputStream:75 - [STDERR_REDIRECT] 
2024-03-02 15:55:04,976 [ERROR] LogOutputStream:75 - [STDERR_REDIRECT] Mar 02, 2024 3:55:04 PM java.util.prefs.FileSystemPreferences syncWorld
2024-03-02 15:55:04,977 [ERROR] LogOutputStream:75 - [STDERR_REDIRECT] WARNING: Couldn't flush system prefs: java.util.prefs.BackingStoreException: Couldn't get file lock.
2024-03-02 15:55:04,977 [ERROR] LogOutputStream:75 - [STDERR_REDIRECT] 
2024-03-02 15:55:34,975 [ERROR] LogOutputStream:75 - [STDERR_REDIRECT] Mar 02, 2024 3:55:34 PM java.util.prefs.FileSystemPreferences checkLockFile0ErrorCode
2024-03-02 15:55:34,976 [ERROR] LogOutputStream:75 - [STDERR_REDIRECT] WARNING: Could not lock System prefs. Unix error code 5.
2024-03-02 15:55:34,976 [ERROR] LogOutputStream:75 - [STDERR_REDIRECT] 
2024-03-02 15:55:34,976 [ERROR] LogOutputStream:75 - [STDERR_REDIRECT] Mar 02, 2024 3:55:34 PM java.util.prefs.FileSystemPreferences syncWorld
2024-03-02 15:55:34,976 [ERROR] LogOutputStream:75 - [STDERR_REDIRECT] WARNING: Couldn't flush system prefs: java.util.prefs.BackingStoreException: Couldn't get file lock.
2024-03-02 15:55:34,976 [ERROR] LogOutputStream:75 - [STDERR_REDIRECT] 
2024-03-02 15:56:04,976 [ERROR] LogOutputStream:75 - [STDERR_REDIRECT] Mar 02, 2024 3:56:04 PM java.util.prefs.FileSystemPreferences checkLockFile0ErrorCode
2024-03-02 15:56:04,977 [ERROR] LogOutputStream:75 - [STDERR_REDIRECT] WARNING: Could not lock System prefs. Unix error code 5.
2024-03-02 15:56:04,977 [ERROR] LogOutputStream:75 - [STDERR_REDIRECT] 
2024-03-02 15:56:04,977 [ERROR] LogOutputStream:75 - [STDERR_REDIRECT] Mar 02, 2024 3:56:04 PM java.util.prefs.FileSystemPreferences syncWorld
2024-03-02 15:56:04,977 [ERROR] LogOutputStream:75 - [STDERR_REDIRECT] WARNING: Couldn't flush system prefs: java.util.prefs.BackingStoreException: Couldn't get file lock.
2024-03-02 15:56:04,977 [ERROR] LogOutputStream:75 - [STDERR_REDIRECT] 
2024-03-02 15:56:34,977 [ERROR] LogOutputStream:75 - [STDERR_REDIRECT] Mar 02, 2024 3:56:34 PM java.util.prefs.FileSystemPreferences checkLockFile0ErrorCode
2024-03-02 15:56:34,977 [ERROR] LogOutputStream:75 - [STDERR_REDIRECT] WARNING: Could not lock System prefs. Unix error code 5.
2024-03-02 15:56:34,978 [ERROR] LogOutputStream:75 - [STDERR_REDIRECT] 
2024-03-02 15:56:34,978 [ERROR] LogOutputStream:75 - [STDERR_REDIRECT] Mar 02, 2024 3:56:34 PM java.util.prefs.FileSystemPreferences syncWorld
2024-03-02 15:56:34,978 [ERROR] LogOutputStream:75 - [STDERR_REDIRECT] WARNING: Couldn't flush system prefs: java.util.prefs.BackingStoreException: Couldn't get file lock.
2024-03-02 15:56:34,978 [ERROR] LogOutputStream:75 - [STDERR_REDIRECT] 
2024-03-02 15:57:04,978 [ERROR] LogOutputStream:75 - [STDERR_REDIRECT] Mar 02, 2024 3:57:04 PM java.util.prefs.FileSystemPreferences checkLockFile0ErrorCode
2024-03-02 15:57:04,978 [ERROR] LogOutputStream:75 - [STDERR_REDIRECT] WARNING: Could not lock System prefs. Unix error code 5.
2024-03-02 15:57:04,978 [ERROR] LogOutputStream:75 - [STDERR_REDIRECT] 
2024-03-02 15:57:04,979 [ERROR] LogOutputStream:75 - [STDERR_REDIRECT] Mar 02, 2024 3:57:04 PM java.util.prefs.FileSystemPreferences syncWorld
2024-03-02 15:57:04,979 [ERROR] LogOutputStream:75 - [STDERR_REDIRECT] WARNING: Couldn't flush system prefs: java.util.prefs.BackingStoreException: Couldn't get file lock.
2024-03-02 15:57:04,979 [ERROR] LogOutputStream:75 - [STDERR_REDIRECT] 
2024-03-02 15:57:34,978 [ERROR] LogOutputStream:75 - [STDERR_REDIRECT] Mar 02, 2024 3:57:34 PM java.util.prefs.FileSystemPreferences checkLockFile0ErrorCode
2024-03-02 15:57:34,978 [ERROR] LogOutputStream:75 - [STDERR_REDIRECT] WARNING: Could not lock System prefs. Unix error code 5.
2024-03-02 15:57:34,978 [ERROR] LogOutputStream:75 - [STDERR_REDIRECT] 
2024-03-02 15:57:34,978 [ERROR] LogOutputStream:75 - [STDERR_REDIRECT] Mar 02, 2024 3:57:34 PM java.util.prefs.FileSystemPreferences syncWorld
2024-03-02 15:57:34,978 [ERROR] LogOutputStream:75 - [STDERR_REDIRECT] WARNING: Couldn't flush system prefs: java.util.prefs.BackingStoreException: Couldn't get file lock.
2024-03-02 15:57:34,978 [ERROR] LogOutputStream:75 - [STDERR_REDIRECT] 
2024-03-02 15:58:04,978 [ERROR] LogOutputStream:75 - [STDERR_REDIRECT] Mar 02, 2024 3:58:04 PM java.util.prefs.FileSystemPreferences checkLockFile0ErrorCode
2024-03-02 15:58:04,978 [ERROR] LogOutputStream:75 - [STDERR_REDIRECT] WARNING: Could not lock System prefs. Unix error code 5.
2024-03-02 15:58:04,978 [ERROR] LogOutputStream:75 - [STDERR_REDIRECT] 
2024-03-02 15:58:04,978 [ERROR] LogOutputStream:75 - [STDERR_REDIRECT] Mar 02, 2024 3:58:04 PM java.util.prefs.FileSystemPreferences syncWorld
2024-03-02 15:58:04,979 [ERROR] LogOutputStream:75 - [STDERR_REDIRECT] WARNING: Couldn't flush system prefs: java.util.prefs.BackingStoreException: Couldn't get file lock.
2024-03-02 15:58:04,979 [ERROR] LogOutputStream:75 - [STDERR_REDIRECT] 
2024-03-02 15:58:34,978 [ERROR] LogOutputStream:75 - [STDERR_REDIRECT] Mar 02, 2024 3:58:34 PM java.util.prefs.FileSystemPreferences checkLockFile0ErrorCode
2024-03-02 15:58:34,979 [ERROR] LogOutputStream:75 - [STDERR_REDIRECT] WARNING: Could not lock System prefs. Unix error code 5.
2024-03-02 15:58:34,979 [ERROR] LogOutputStream:75 - [STDERR_REDIRECT] 
2024-03-02 15:58:34,979 [ERROR] LogOutputStream:75 - [STDERR_REDIRECT] Mar 02, 2024 3:58:34 PM java.util.prefs.FileSystemPreferences syncWorld
2024-03-02 15:58:34,979 [ERROR] LogOutputStream:75 - [STDERR_REDIRECT] WARNING: Couldn't flush system prefs: java.util.prefs.BackingStoreException: Couldn't get file lock.
2024-03-02 15:58:34,979 [ERROR] LogOutputStream:75 - [STDERR_REDIRECT] 
2024-03-02 15:59:04,979 [ERROR] LogOutputStream:75 - [STDERR_REDIRECT] Mar 02, 2024 3:59:04 PM java.util.prefs.FileSystemPreferences checkLockFile0ErrorCode
2024-03-02 15:59:04,979 [ERROR] LogOutputStream:75 - [STDERR_REDIRECT] WARNING: Could not lock System prefs. Unix error code 5.
2024-03-02 15:59:04,979 [ERROR] LogOutputStream:75 - [STDERR_REDIRECT] 
2024-03-02 15:59:04,979 [ERROR] LogOutputStream:75 - [STDERR_REDIRECT] Mar 02, 2024 3:59:04 PM java.util.prefs.FileSystemPreferences syncWorld
2024-03-02 15:59:04,980 [ERROR] LogOutputStream:75 - [STDERR_REDIRECT] WARNING: Couldn't flush system prefs: java.util.prefs.BackingStoreException: Couldn't get file lock.
2024-03-02 15:59:04,980 [ERROR] LogOutputStream:75 - [STDERR_REDIRECT] 
2024-03-02 15:59:34,978 [ERROR] LogOutputStream:75 - [STDERR_REDIRECT] Mar 02, 2024 3:59:34 PM java.util.prefs.FileSystemPreferences checkLockFile0ErrorCode
2024-03-02 15:59:34,978 [ERROR] LogOutputStream:75 - [STDERR_REDIRECT] WARNING: Could not lock System prefs. Unix error code 5.
2024-03-02 15:59:34,978 [ERROR] LogOutputStream:75 - [STDERR_REDIRECT] 
2024-03-02 15:59:34,979 [ERROR] LogOutputStream:75 - [STDERR_REDIRECT] Mar 02, 2024 3:59:34 PM java.util.prefs.FileSystemPreferences syncWorld
2024-03-02 15:59:34,979 [ERROR] LogOutputStream:75 - [STDERR_REDIRECT] WARNING: Couldn't flush system prefs: java.util.prefs.BackingStoreException: Couldn't get file lock.
2024-03-02 15:59:34,979 [ERROR] LogOutputStream:75 - [STDERR_REDIRECT] 
2024-03-02 16:00:04,979 [ERROR] LogOutputStream:75 - [STDERR_REDIRECT] Mar 02, 2024 4:00:04 PM java.util.prefs.FileSystemPreferences checkLockFile0ErrorCode
2024-03-02 16:00:04,979 [ERROR] LogOutputStream:75 - [STDERR_REDIRECT] WARNING: Could not lock System prefs. Unix error code 5.
2024-03-02 16:00:04,979 [ERROR] LogOutputStream:75 - [STDERR_REDIRECT] 
2024-03-02 16:00:04,979 [ERROR] LogOutputStream:75 - [STDERR_REDIRECT] Mar 02, 2024 4:00:04 PM java.util.prefs.FileSystemPreferences syncWorld
2024-03-02 16:00:04,979 [ERROR] LogOutputStream:75 - [STDERR_REDIRECT] WARNING: Couldn't flush system prefs: java.util.prefs.BackingStoreException: Couldn't get file lock.
2024-03-02 16:00:04,979 [ERROR] LogOutputStream:75 - [STDERR_REDIRECT] 
2024-03-02 16:00:34,979 [ERROR] LogOutputStream:75 - [STDERR_REDIRECT] Mar 02, 2024 4:00:34 PM java.util.prefs.FileSystemPreferences checkLockFile0ErrorCode
2024-03-02 16:00:34,979 [ERROR] LogOutputStream:75 - [STDERR_REDIRECT] WARNING: Could not lock System prefs. Unix error code 5.
2024-03-02 16:00:34,979 [ERROR] LogOutputStream:75 - [STDERR_REDIRECT] 
2024-03-02 16:00:34,980 [ERROR] LogOutputStream:75 - [STDERR_REDIRECT] Mar 02, 2024 4:00:34 PM java.util.prefs.FileSystemPreferences syncWorld
2024-03-02 16:00:34,980 [ERROR] LogOutputStream:75 - [STDERR_REDIRECT] WARNING: Couldn't flush system prefs: java.util.prefs.BackingStoreException: Couldn't get file lock.
2024-03-02 16:00:34,980 [ERROR] LogOutputStream:75 - [STDERR_REDIRECT] 
2024-03-02 16:01:04,980 [ERROR] LogOutputStream:75 - [STDERR_REDIRECT] Mar 02, 2024 4:01:04 PM java.util.prefs.FileSystemPreferences checkLockFile0ErrorCode
2024-03-02 16:01:04,980 [ERROR] LogOutputStream:75 - [STDERR_REDIRECT] WARNING: Could not lock System prefs. Unix error code 5.
2024-03-02 16:01:04,980 [ERROR] LogOutputStream:75 - [STDERR_REDIRECT] 
2024-03-02 16:01:04,980 [ERROR] LogOutputStream:75 - [STDERR_REDIRECT] Mar 02, 2024 4:01:04 PM java.util.prefs.FileSystemPreferences syncWorld
2024-03-02 16:01:04,980 [ERROR] LogOutputStream:75 - [STDERR_REDIRECT] WARNING: Couldn't flush system prefs: java.util.prefs.BackingStoreException: Couldn't get file lock.
2024-03-02 16:01:04,980 [ERROR] LogOutputStream:75 - [STDERR_REDIRECT] 
2024-03-02 16:01:34,980 [ERROR] LogOutputStream:75 - [STDERR_REDIRECT] Mar 02, 2024 4:01:34 PM java.util.prefs.FileSystemPreferences checkLockFile0ErrorCode
2024-03-02 16:01:34,980 [ERROR] LogOutputStream:75 - [STDERR_REDIRECT] WARNING: Could not lock System prefs. Unix error code 5.
2024-03-02 16:01:34,980 [ERROR] LogOutputStream:75 - [STDERR_REDIRECT] 
2024-03-02 16:01:34,981 [ERROR] LogOutputStream:75 - [STDERR_REDIRECT] Mar 02, 2024 4:01:34 PM java.util.prefs.FileSystemPreferences syncWorld
2024-03-02 16:01:34,981 [ERROR] LogOutputStream:75 - [STDERR_REDIRECT] WARNING: Couldn't flush system prefs: java.util.prefs.BackingStoreException: Couldn't get file lock.
2024-03-02 16:01:34,981 [ERROR] LogOutputStream:75 - [STDERR_REDIRECT] 
2024-03-02 16:02:04,980 [ERROR] LogOutputStream:75 - [STDERR_REDIRECT] Mar 02, 2024 4:02:04 PM java.util.prefs.FileSystemPreferences checkLockFile0ErrorCode
2024-03-02 16:02:04,980 [ERROR] LogOutputStream:75 - [STDERR_REDIRECT] WARNING: Could not lock System prefs. Unix error code 5.
2024-03-02 16:02:04,981 [ERROR] LogOutputStream:75 - [STDERR_REDIRECT] 
2024-03-02 16:02:04,981 [ERROR] LogOutputStream:75 - [STDERR_REDIRECT] Mar 02, 2024 4:02:04 PM java.util.prefs.FileSystemPreferences syncWorld
2024-03-02 16:02:04,981 [ERROR] LogOutputStream:75 - [STDERR_REDIRECT] WARNING: Couldn't flush system prefs: java.util.prefs.BackingStoreException: Couldn't get file lock.
2024-03-02 16:02:04,981 [ERROR] LogOutputStream:75 - [STDERR_REDIRECT] 
2024-03-02 16:02:34,981 [ERROR] LogOutputStream:75 - [STDERR_REDIRECT] Mar 02, 2024 4:02:34 PM java.util.prefs.FileSystemPreferences checkLockFile0ErrorCode
2024-03-02 16:02:34,981 [ERROR] LogOutputStream:75 - [STDERR_REDIRECT] WARNING: Could not lock System prefs. Unix error code 5.
2024-03-02 16:02:34,981 [ERROR] LogOutputStream:75 - [STDERR_REDIRECT] 
2024-03-02 16:02:34,981 [ERROR] LogOutputStream:75 - [STDERR_REDIRECT] Mar 02, 2024 4:02:34 PM java.util.prefs.FileSystemPreferences syncWorld
2024-03-02 16:02:34,981 [ERROR] LogOutputStream:75 - [STDERR_REDIRECT] WARNING: Couldn't flush system prefs: java.util.prefs.BackingStoreException: Couldn't get file lock.
2024-03-02 16:02:34,981 [ERROR] LogOutputStream:75 - [STDERR_REDIRECT] 
2024-03-02 16:03:04,981 [ERROR] LogOutputStream:75 - [STDERR_REDIRECT] Mar 02, 2024 4:03:04 PM java.util.prefs.FileSystemPreferences checkLockFile0ErrorCode
2024-03-02 16:03:04,981 [ERROR] LogOutputStream:75 - [STDERR_REDIRECT] WARNING: Could not lock System prefs. Unix error code 5.
2024-03-02 16:03:04,981 [ERROR] LogOutputStream:75 - [STDERR_REDIRECT] 
2024-03-02 16:03:04,982 [ERROR] LogOutputStream:75 - [STDERR_REDIRECT] Mar 02, 2024 4:03:04 PM java.util.prefs.FileSystemPreferences syncWorld
2024-03-02 16:03:04,982 [ERROR] LogOutputStream:75 - [STDERR_REDIRECT] WARNING: Couldn't flush system prefs: java.util.prefs.BackingStoreException: Couldn't get file lock.
2024-03-02 16:03:04,982 [ERROR] LogOutputStream:75 - [STDERR_REDIRECT] 
2024-03-02 16:03:34,981 [ERROR] LogOutputStream:75 - [STDERR_REDIRECT] Mar 02, 2024 4:03:34 PM java.util.prefs.FileSystemPreferences checkLockFile0ErrorCode
2024-03-02 16:03:34,982 [ERROR] LogOutputStream:75 - [STDERR_REDIRECT] WARNING: Could not lock System prefs. Unix error code 5.
2024-03-02 16:03:34,982 [ERROR] LogOutputStream:75 - [STDERR_REDIRECT] 
2024-03-02 16:03:34,982 [ERROR] LogOutputStream:75 - [STDERR_REDIRECT] Mar 02, 2024 4:03:34 PM java.util.prefs.FileSystemPreferences syncWorld
2024-03-02 16:03:34,982 [ERROR] LogOutputStream:75 - [STDERR_REDIRECT] WARNING: Couldn't flush system prefs: java.util.prefs.BackingStoreException: Couldn't get file lock.
2024-03-02 16:03:34,982 [ERROR] LogOutputStream:75 - [STDERR_REDIRECT] 
2024-03-02 16:04:04,982 [ERROR] LogOutputStream:75 - [STDERR_REDIRECT] Mar 02, 2024 4:04:04 PM java.util.prefs.FileSystemPreferences checkLockFile0ErrorCode
2024-03-02 16:04:04,982 [ERROR] LogOutputStream:75 - [STDERR_REDIRECT] WARNING: Could not lock System prefs. Unix error code 5.
2024-03-02 16:04:04,982 [ERROR] LogOutputStream:75 - [STDERR_REDIRECT] 
2024-03-02 16:04:04,982 [ERROR] LogOutputStream:75 - [STDERR_REDIRECT] Mar 02, 2024 4:04:04 PM java.util.prefs.FileSystemPreferences syncWorld
2024-03-02 16:04:04,983 [ERROR] LogOutputStream:75 - [STDERR_REDIRECT] WARNING: Couldn't flush system prefs: java.util.prefs.BackingStoreException: Couldn't get file lock.
2024-03-02 16:04:04,983 [ERROR] LogOutputStream:75 - [STDERR_REDIRECT] 
2024-03-02 16:04:34,981 [ERROR] LogOutputStream:75 - [STDERR_REDIRECT] Mar 02, 2024 4:04:34 PM java.util.prefs.FileSystemPreferences checkLockFile0ErrorCode
2024-03-02 16:04:34,981 [ERROR] LogOutputStream:75 - [STDERR_REDIRECT] WARNING: Could not lock System prefs. Unix error code 5.
2024-03-02 16:04:34,981 [ERROR] LogOutputStream:75 - [STDERR_REDIRECT] 
2024-03-02 16:04:34,982 [ERROR] LogOutputStream:75 - [STDERR_REDIRECT] Mar 02, 2024 4:04:34 PM java.util.prefs.FileSystemPreferences syncWorld
2024-03-02 16:04:34,982 [ERROR] LogOutputStream:75 - [STDERR_REDIRECT] WARNING: Couldn't flush system prefs: java.util.prefs.BackingStoreException: Couldn't get file lock.
2024-03-02 16:04:34,982 [ERROR] LogOutputStream:75 - [STDERR_REDIRECT] 
2024-03-02 16:05:04,981 [ERROR] LogOutputStream:75 - [STDERR_REDIRECT] Mar 02, 2024 4:05:04 PM java.util.prefs.FileSystemPreferences checkLockFile0ErrorCode
2024-03-02 16:05:04,982 [ERROR] LogOutputStream:75 - [STDERR_REDIRECT] WARNING: Could not lock System prefs. Unix error code 5.
2024-03-02 16:05:04,982 [ERROR] LogOutputStream:75 - [STDERR_REDIRECT] 
2024-03-02 16:05:04,982 [ERROR] LogOutputStream:75 - [STDERR_REDIRECT] Mar 02, 2024 4:05:04 PM java.util.prefs.FileSystemPreferences syncWorld
2024-03-02 16:05:04,982 [ERROR] LogOutputStream:75 - [STDERR_REDIRECT] WARNING: Couldn't flush system prefs: java.util.prefs.BackingStoreException: Couldn't get file lock.
2024-03-02 16:05:04,982 [ERROR] LogOutputStream:75 - [STDERR_REDIRECT] 
