2024-04-04 12:10:35,746 [INFO] Activator:176 - 


2024-04-04 12:10:35,750 [INFO] Activator:177 - !SESSION log4j initialized
2024-04-04 12:10:38,773 [INFO] LogOutputStream:77 - [STDOUT_REDIRECT] 
2024-04-04 12:10:39,278 [INFO] ApplicationProperties:184 - Using Application install path: /opt/st/stm32cubeide_1.14.0/plugins/com.st.stm32cube.common.mx_6.10.0.202311202037
2024-04-04 12:10:39,297 [INFO] DbMcusXml:78 - Set database path to: /opt/st/stm32cubeide_1.14.0/plugins/com.st.stm32cube.common.mx_6.10.0.202311202037//db//mcu/
2024-04-04 12:10:39,298 [INFO] ApiDb:274 - Set plugin database path to: /opt/st/stm32cubeide_1.14.0/plugins/com.st.stm32cube.common.mx_6.10.0.202311202037//db//plugins/boardmanager/
2024-04-04 12:10:39,298 [WARN] ApiDb:259 - Overriding images path with different value:  => /opt/st/stm32cubeide_1.14.0/plugins/com.st.stm32cube.common.mx_6.10.0.202311202037//db//plugins/mcufinder/images/
2024-04-04 12:10:39,305 [INFO] ApiDb:250 - Set database path to: /home/lars/.stmcufinder/plugins/mcufinder//mcu/
2024-04-04 12:10:39,306 [INFO] DbMcusAds:125 - Set database path to: /home/lars/.stmcufinder/plugins/mcufinder//mcu/
2024-04-04 12:10:39,308 [INFO] CrossReferenceDbSqlite:203 - Set database path to: /home/lars/.stmcufinder/plugins/mcufinder//mcu/cs/
2024-04-04 12:10:39,402 [INFO] RulesReader:64 - Compatibility file has been processed (297 Rules)
2024-04-04 12:10:39,448 [INFO] DbMcusXml:78 - Set database path to: /opt/st/stm32cubeide_1.14.0/plugins/com.st.stm32cube.common.mx_6.10.0.202311202037//db//mcu/
2024-04-04 12:10:39,448 [INFO] ApiDb:274 - Set plugin database path to: /opt/st/stm32cubeide_1.14.0/plugins/com.st.stm32cube.common.mx_6.10.0.202311202037//db//plugins/boardmanager/
2024-04-04 12:10:39,448 [INFO] ApiDb:261 - Set plugin images path to: /opt/st/stm32cubeide_1.14.0/plugins/com.st.stm32cube.common.mx_6.10.0.202311202037//db//plugins/mcufinder/images/
2024-04-04 12:10:39,448 [WARN] DbFile:41 - Overriding database path with different value: /home/lars/.stmcufinder/plugins/mcufinder/ => /home/lars/.stmcufinder/plugins/mcufinder
2024-04-04 12:10:39,448 [INFO] ApiDb:250 - Set database path to: /home/lars/.stmcufinder/plugins/mcufinder//mcu/
2024-04-04 12:10:39,448 [WARN] DbFile:41 - Overriding database path with different value: /home/lars/.stmcufinder/plugins/mcufinder/ => /home/lars/.stmcufinder/plugins/mcufinder
2024-04-04 12:10:39,449 [INFO] DbMcusAds:125 - Set database path to: /home/lars/.stmcufinder/plugins/mcufinder//mcu/
2024-04-04 12:10:39,449 [WARN] DbFile:41 - Overriding database path with different value: /home/lars/.stmcufinder/plugins/mcufinder/ => /home/lars/.stmcufinder/plugins/mcufinder
2024-04-04 12:10:39,449 [WARN] DbFile:41 - Overriding database path with different value: /home/lars/.stmcufinder/plugins/mcufinder/ => /home/lars/.stmcufinder/plugins/mcufinder
2024-04-04 12:10:39,449 [INFO] CrossReferenceDbSqlite:203 - Set database path to: /home/lars/.stmcufinder/plugins/mcufinder//mcu/cs/
2024-04-04 12:10:39,505 [INFO] MainPanel:264 - HeapMemory: 268435456
2024-04-04 12:10:39,578 [INFO] DbMcusXml:78 - Set database path to: /opt/st/stm32cubeide_1.14.0/plugins/com.st.stm32cube.common.mx_6.10.0.202311202037//db//mcu/
2024-04-04 12:10:39,579 [INFO] ApiDb:274 - Set plugin database path to: /opt/st/stm32cubeide_1.14.0/plugins/com.st.stm32cube.common.mx_6.10.0.202311202037//db//plugins/boardmanager/
2024-04-04 12:10:39,579 [INFO] ApiDb:261 - Set plugin images path to: /opt/st/stm32cubeide_1.14.0/plugins/com.st.stm32cube.common.mx_6.10.0.202311202037//db//plugins/mcufinder/images/
2024-04-04 12:10:39,579 [WARN] DbFile:41 - Overriding database path with different value: /home/lars/.stmcufinder/plugins/mcufinder/ => /home/lars/.stmcufinder/plugins/mcufinder
2024-04-04 12:10:39,579 [INFO] ApiDb:250 - Set database path to: /home/lars/.stmcufinder/plugins/mcufinder//mcu/
2024-04-04 12:10:39,579 [WARN] DbFile:41 - Overriding database path with different value: /home/lars/.stmcufinder/plugins/mcufinder/ => /home/lars/.stmcufinder/plugins/mcufinder
2024-04-04 12:10:39,579 [INFO] DbMcusAds:125 - Set database path to: /home/lars/.stmcufinder/plugins/mcufinder//mcu/
2024-04-04 12:10:39,579 [WARN] DbFile:41 - Overriding database path with different value: /home/lars/.stmcufinder/plugins/mcufinder/ => /home/lars/.stmcufinder/plugins/mcufinder
2024-04-04 12:10:39,579 [WARN] DbFile:41 - Overriding database path with different value: /home/lars/.stmcufinder/plugins/mcufinder/ => /home/lars/.stmcufinder/plugins/mcufinder
2024-04-04 12:10:39,579 [INFO] CrossReferenceDbSqlite:203 - Set database path to: /home/lars/.stmcufinder/plugins/mcufinder//mcu/cs/
2024-04-04 12:10:39,592 [INFO] ApplicationProperties:184 - Using Application install path: /opt/st/stm32cubeide_1.14.0/plugins/com.st.stm32cube.common.mx_6.10.0.202311202037
2024-04-04 12:10:39,593 [INFO] PluginManage:196 - Search for loadable plugins [exclusion list=, ]
2024-04-04 12:10:39,594 [INFO] PluginManage:310 - Check plugin analytics
2024-04-04 12:10:39,702 [INFO] AnalyticsPlugin:253 - Accepted Software Licenses: 
2024-04-04 12:10:39,702 [INFO] AnalyticsPlugin:255 - Accepted CMSIS Pack Licenses: 
2024-04-04 12:10:39,703 [INFO] AnalyticsPlugin:257 - Accepted Firmware Licenses: 
2024-04-04 12:10:39,705 [INFO] PluginManage:359 - Loaded plugin analytics (category:tool,tabindex:-1)
2024-04-04 12:10:39,705 [INFO] PluginManage:310 - Check plugin cadmodel
2024-04-04 12:10:39,725 [INFO] CADModel:105 - Init CAD model plugin
2024-04-04 12:10:39,725 [INFO] PluginManage:359 - Loaded plugin cadmodel (category:power,tabindex:5)
2024-04-04 12:10:39,725 [INFO] PluginManage:310 - Check plugin clock
2024-04-04 12:10:39,732 [INFO] PluginManage:359 - Loaded plugin clock (category:base,tabindex:2)
2024-04-04 12:10:39,732 [INFO] PluginManage:310 - Check plugin ddr
2024-04-04 12:10:39,734 [INFO] PluginManage:359 - Loaded plugin ddr (category:tool,tabindex:6)
2024-04-04 12:10:39,734 [INFO] PluginManage:310 - Check plugin filemanager
2024-04-04 12:10:39,823 [INFO] PluginManage:359 - Loaded plugin filemanager (category:base,tabindex:10)
2024-04-04 12:10:39,824 [INFO] PluginManage:310 - Check plugin ipmanager
2024-04-04 12:10:39,828 [INFO] PluginManage:359 - Loaded plugin ipmanager (category:base,tabindex:5)
2024-04-04 12:10:39,828 [INFO] PluginManage:310 - Check plugin lpbam
2024-04-04 12:10:39,835 [INFO] PluginManage:359 - Loaded plugin lpbam (category:base,tabindex:0)
2024-04-04 12:10:39,835 [INFO] PluginManage:310 - Check plugin memorymap
2024-04-04 12:10:39,843 [INFO] PluginManage:359 - Loaded plugin memorymap (category:base,tabindex:4)
2024-04-04 12:10:39,843 [INFO] PluginManage:310 - Check plugin pinoutandconfiguration
2024-04-04 12:10:39,849 [INFO] PluginManage:359 - Loaded plugin pinoutandconfiguration (category:base,tabindex:1)
2024-04-04 12:10:39,849 [INFO] PluginManage:310 - Check plugin pinoutconfig
2024-04-04 12:10:39,911 [WARN] SupportedApi:132 - Cannot load RTOS API schema: s4s-elt-must-match.1: The content of 'definitions' must match (annotation?, (simpleType | complexType)?, (unique | key | keyref)*)). A problem was found starting at: attribute.
2024-04-04 12:10:39,995 [INFO] PluginManage:359 - Loaded plugin pinoutconfig (category:base,tabindex:0)
2024-04-04 12:10:39,995 [INFO] PluginManage:310 - Check plugin power
2024-04-04 12:10:40,002 [INFO] PluginManage:359 - Loaded plugin power (category:power,tabindex:4)
2024-04-04 12:10:40,002 [INFO] PluginManage:310 - Check plugin projectmanager
2024-04-04 12:10:40,013 [INFO] PluginManage:359 - Loaded plugin projectmanager (category:projectmanager,tabindex:3)
2024-04-04 12:10:40,013 [INFO] PluginManage:310 - Check plugin thirdparty
2024-04-04 12:10:40,091 [INFO] PluginManage:359 - Loaded plugin thirdparty (category:base,tabindex:-1)
2024-04-04 12:10:40,091 [WARN] IntegrityCheckThread:84 - waiting for thirdparty lock release [integrity check]
2024-04-04 12:10:40,091 [INFO] PluginManage:310 - Check plugin tools
2024-04-04 12:10:40,091 [INFO] IntegrityCheckThread:86 - entering critical section [integrity check]
2024-04-04 12:10:40,091 [INFO] ThirdPartyUpdaterWithRetryManager:70 - Updater plugin not ready yet. [1/15]
2024-04-04 12:10:40,092 [INFO] PluginManage:359 - Loaded plugin tools (category:base,tabindex:7)
2024-04-04 12:10:40,092 [INFO] PluginManage:310 - Check plugin tutovideos
2024-04-04 12:10:40,206 [INFO] PluginManage:359 - Loaded plugin tutovideos (category:base,tabindex:-1)
2024-04-04 12:10:40,206 [INFO] PluginManage:310 - Check plugin updater
2024-04-04 12:10:40,214 [INFO] PluginManage:359 - Loaded plugin updater (category:base,tabindex:12)
2024-04-04 12:10:40,215 [INFO] PluginManage:310 - Check plugin userauth
2024-04-04 12:10:40,220 [INFO] UserAuth:114 - Init User Auth plugin
2024-04-04 12:10:40,220 [INFO] PluginManage:359 - Loaded plugin userauth (category:base,tabindex:14)
2024-04-04 12:10:40,220 [INFO] PluginManage:283 - PluginManage : Loaded plugins [17]
2024-04-04 12:10:40,351 [INFO] PinOutPanel:1499 - setPackage(No Configuration,No Configuration)
2024-04-04 12:10:40,395 [INFO] CADModel:165 - CPN selected for project level
2024-04-04 12:10:40,396 [INFO] CADModel:114 - Register for checkConnection events
2024-04-04 12:10:40,406 [INFO] IPUIPlugin:80 - create IPUIPlugin
2024-04-04 12:10:40,406 [INFO] PluginManager:220 - loadIPPluginJar : add i2s
2024-04-04 12:10:40,409 [INFO] IPUIPlugin:80 - create IPUIPlugin
2024-04-04 12:10:40,409 [INFO] PluginManager:220 - loadIPPluginJar : add ipddr
2024-04-04 12:10:40,410 [INFO] IPUIPlugin:80 - create IPUIPlugin
2024-04-04 12:10:40,411 [INFO] PluginManager:220 - loadIPPluginJar : add tracer_emb
2024-04-04 12:10:40,412 [INFO] IPUIPlugin:80 - create IPUIPlugin
2024-04-04 12:10:40,412 [INFO] PluginManager:220 - loadIPPluginJar : add usart
2024-04-04 12:10:40,414 [INFO] IPUIPlugin:80 - create IPUIPlugin
2024-04-04 12:10:40,414 [INFO] PluginManager:220 - loadIPPluginJar : add gtzc
2024-04-04 12:10:40,415 [INFO] IPUIPlugin:80 - create IPUIPlugin
2024-04-04 12:10:40,415 [INFO] PluginManager:220 - loadIPPluginJar : add quadspi
2024-04-04 12:10:40,418 [INFO] IPUIPlugin:80 - create IPUIPlugin
2024-04-04 12:10:40,419 [INFO] PluginManager:220 - loadIPPluginJar : add gpio
2024-04-04 12:10:40,420 [INFO] IPUIPlugin:80 - create IPUIPlugin
2024-04-04 12:10:40,420 [INFO] PluginManager:220 - loadIPPluginJar : add usbx
2024-04-04 12:10:40,427 [INFO] IPUIPlugin:80 - create IPUIPlugin
2024-04-04 12:10:40,427 [INFO] PluginManager:220 - loadIPPluginJar : add adc
2024-04-04 12:10:40,433 [INFO] IPUIPlugin:80 - create IPUIPlugin
2024-04-04 12:10:40,433 [INFO] PluginManager:220 - loadIPPluginJar : add mdma
2024-04-04 12:10:40,434 [INFO] IPUIPlugin:80 - create IPUIPlugin
2024-04-04 12:10:40,434 [INFO] PluginManager:220 - loadIPPluginJar : add tsc
2024-04-04 12:10:40,436 [INFO] IPUIPlugin:80 - create IPUIPlugin
2024-04-04 12:10:40,436 [INFO] PluginManager:220 - loadIPPluginJar : add aes
2024-04-04 12:10:40,438 [INFO] IPUIPlugin:80 - create IPUIPlugin
2024-04-04 12:10:40,439 [INFO] PluginManager:220 - loadIPPluginJar : add i3c
2024-04-04 12:10:40,440 [INFO] IPUIPlugin:80 - create IPUIPlugin
2024-04-04 12:10:40,440 [INFO] PluginManager:220 - loadIPPluginJar : add ts
2024-04-04 12:10:40,442 [INFO] IPUIPlugin:80 - create IPUIPlugin
2024-04-04 12:10:40,442 [INFO] PluginManager:220 - loadIPPluginJar : add can
2024-04-04 12:10:40,444 [INFO] IPUIPlugin:80 - create IPUIPlugin
2024-04-04 12:10:40,444 [INFO] PluginManager:220 - loadIPPluginJar : add cryp
2024-04-04 12:10:40,451 [INFO] IPUIPlugin:80 - create IPUIPlugin
2024-04-04 12:10:40,451 [INFO] PluginManager:220 - loadIPPluginJar : add stm32_wpan
2024-04-04 12:10:40,453 [INFO] IPUIPlugin:80 - create IPUIPlugin
2024-04-04 12:10:40,453 [INFO] PluginManager:220 - loadIPPluginJar : add genericplugin
2024-04-04 12:10:40,455 [INFO] IPUIPlugin:80 - create IPUIPlugin
2024-04-04 12:10:40,455 [INFO] PluginManager:220 - loadIPPluginJar : add spi
2024-04-04 12:10:40,460 [INFO] IPUIPlugin:80 - create IPUIPlugin
2024-04-04 12:10:40,460 [INFO] PluginManager:220 - loadIPPluginJar : add resmgrutility
2024-04-04 12:10:40,463 [INFO] IPUIPlugin:80 - create IPUIPlugin
2024-04-04 12:10:40,463 [INFO] PluginManager:220 - loadIPPluginJar : add gfxmmu
2024-04-04 12:10:40,464 [INFO] IPUIPlugin:80 - create IPUIPlugin
2024-04-04 12:10:40,465 [INFO] PluginManager:220 - loadIPPluginJar : add ucpd
2024-04-04 12:10:40,472 [INFO] IPUIPlugin:80 - create IPUIPlugin
2024-04-04 12:10:40,473 [INFO] PluginManager:220 - loadIPPluginJar : add linkedlist
2024-04-04 12:10:40,475 [INFO] IPUIPlugin:80 - create IPUIPlugin
2024-04-04 12:10:40,475 [INFO] PluginManager:220 - loadIPPluginJar : add hash
2024-04-04 12:10:40,477 [INFO] IPUIPlugin:80 - create IPUIPlugin
2024-04-04 12:10:40,477 [INFO] PluginManager:220 - loadIPPluginJar : add openamp
2024-04-04 12:10:40,480 [INFO] IPUIPlugin:80 - create IPUIPlugin
2024-04-04 12:10:40,480 [INFO] PluginManager:220 - loadIPPluginJar : add sai
2024-04-04 12:10:40,482 [INFO] IPUIPlugin:80 - create IPUIPlugin
2024-04-04 12:10:40,482 [INFO] PluginManager:220 - loadIPPluginJar : add opamp
2024-04-04 12:10:40,483 [INFO] IPUIPlugin:80 - create IPUIPlugin
2024-04-04 12:10:40,483 [INFO] PluginManager:220 - loadIPPluginJar : add comp
2024-04-04 12:10:40,485 [INFO] IPUIPlugin:80 - create IPUIPlugin
2024-04-04 12:10:40,485 [INFO] PluginManager:220 - loadIPPluginJar : add dma3
2024-04-04 12:10:40,493 [INFO] IPUIPlugin:80 - create IPUIPlugin
2024-04-04 12:10:40,494 [INFO] PluginManager:220 - loadIPPluginJar : add dma
2024-04-04 12:10:40,496 [INFO] IPUIPlugin:80 - create IPUIPlugin
2024-04-04 12:10:40,496 [INFO] PluginManager:220 - loadIPPluginJar : add pdm2pcm
2024-04-04 12:10:40,499 [INFO] IPUIPlugin:80 - create IPUIPlugin
2024-04-04 12:10:40,499 [INFO] PluginManager:220 - loadIPPluginJar : add touchsensing
2024-04-04 12:10:40,501 [INFO] IPUIPlugin:80 - create IPUIPlugin
2024-04-04 12:10:40,501 [INFO] PluginManager:220 - loadIPPluginJar : add ltdc
2024-04-04 12:10:40,503 [INFO] IPUIPlugin:80 - create IPUIPlugin
2024-04-04 12:10:40,503 [INFO] PluginManager:220 - loadIPPluginJar : add i2c
2024-04-04 12:10:40,507 [INFO] IPUIPlugin:80 - create IPUIPlugin
2024-04-04 12:10:40,507 [INFO] PluginManager:220 - loadIPPluginJar : add fmc
2024-04-04 12:10:40,509 [INFO] IPUIPlugin:80 - create IPUIPlugin
2024-04-04 12:10:40,509 [INFO] PluginManager:220 - loadIPPluginJar : add lorawan
2024-04-04 12:10:40,510 [INFO] IPUIPlugin:80 - create IPUIPlugin
2024-04-04 12:10:40,510 [INFO] PluginManager:220 - loadIPPluginJar : add tim
2024-04-04 12:10:40,515 [INFO] IPUIPlugin:80 - create IPUIPlugin
2024-04-04 12:10:40,518 [INFO] PluginManager:220 - loadIPPluginJar : add plateformsettings
2024-04-04 12:10:40,525 [INFO] IPUIPlugin:80 - create IPUIPlugin
2024-04-04 12:10:40,525 [INFO] PluginManager:220 - loadIPPluginJar : add freertos
2024-04-04 12:10:40,527 [INFO] IPUIPlugin:80 - create IPUIPlugin
2024-04-04 12:10:40,527 [INFO] PluginManager:220 - loadIPPluginJar : add dfsdm
2024-04-04 12:10:40,530 [INFO] IPUIPlugin:80 - create IPUIPlugin
2024-04-04 12:10:40,531 [INFO] PluginManager:220 - loadIPPluginJar : add nvic
2024-04-04 12:10:40,536 [INFO] IPUIPlugin:80 - create IPUIPlugin
2024-04-04 12:10:40,536 [INFO] PluginManager:220 - loadIPPluginJar : add gic
2024-04-04 12:10:40,538 [INFO] IPUIPlugin:80 - create IPUIPlugin
2024-04-04 12:10:40,538 [INFO] PluginManager:220 - loadIPPluginJar : add fatfs
2024-04-04 12:10:40,637 [INFO] CADModel:165 - CPN selected for project level
2024-04-04 12:10:40,637 [INFO] CADModel:114 - Register for checkConnection events
2024-04-04 12:10:40,638 [FATAL] Updater:308 - Updater called before beeing initialized
2024-04-04 12:10:40,638 [ERROR] CADModel:125 - Updater not yet initialized, retry later 
2024-04-04 12:10:40,781 [INFO] CADModel:165 - CPN selected for project level
2024-04-04 12:10:40,781 [INFO] CADModel:114 - Register for checkConnection events
2024-04-04 12:10:40,781 [FATAL] Updater:308 - Updater called before beeing initialized
2024-04-04 12:10:40,781 [ERROR] CADModel:125 - Updater not yet initialized, retry later 
2024-04-04 12:10:40,784 [FATAL] Updater:308 - Updater called before beeing initialized
2024-04-04 12:10:40,871 [FATAL] Updater:308 - Updater called before beeing initialized
2024-04-04 12:10:40,875 [INFO] DbMcusAds:53 - JSON generation date=Wed Nov 29 02:52:27 PST 2023 (1701255147349)
2024-04-04 12:10:40,875 [FATAL] Updater:308 - Updater called before beeing initialized
2024-04-04 12:10:40,914 [WARN] DetailPanel:346 - Failed to get advertising image, set to default
2024-04-04 12:10:40,996 [FATAL] Updater:308 - Updater called before beeing initialized
2024-04-04 12:10:40,997 [FATAL] Updater:308 - Updater called before beeing initialized
2024-04-04 12:10:40,998 [FATAL] Updater:308 - Updater called before beeing initialized
2024-04-04 12:10:40,998 [WARN] DetailPanel:346 - Failed to get advertising image, set to default
2024-04-04 12:10:40,998 [FATAL] Updater:308 - Updater called before beeing initialized
2024-04-04 12:10:41,019 [ERROR] Updater:1120 - MainUpdater not yet initialized. External WinMGr cannot be set.
2024-04-04 12:10:41,020 [INFO] Updater:1056 - Updater Version found : 6.10.0
2024-04-04 12:10:41,035 [INFO] ApplicationProperties:184 - Using Application install path: /opt/st/stm32cubeide_1.14.0/plugins/com.st.stm32cube.common.mx_6.10.0.202311202037
2024-04-04 12:10:41,262 [INFO] MainUpdater:2873 - connection check result : 10
2024-04-04 12:10:41,264 [INFO] MainUpdater:290 - Updater Check For Update Now.
2024-04-04 12:10:41,264 [INFO] MicroXplorer:498 - Change Database Version : DB.6.0.100
2024-04-04 12:10:41,270 [INFO] McuFinderGlobals:63 - Set McuFinder mode to 2 (CubeIDE integrated)
2024-04-04 12:10:41,441 [INFO] CheckServerUpdateThread:120 - End of CheckServer Thread
2024-04-04 12:10:41,529 [INFO] UserAuth:404 - Internet connection configuration mode: 1
2024-04-04 12:10:41,539 [INFO] JxBrowserEngine:152 - Initiate JxBrowser Engine with user profile folder
2024-04-04 12:10:42,312 [INFO] WebApp:161 - Instantiating new browser for Auth
2024-04-04 12:10:42,764 [INFO] WebApp:780 - Register for checkConnection events
2024-04-04 12:10:42,764 [INFO] WebApp:414 - Apply proxy settings
2024-04-04 12:10:42,764 [INFO] WebApp:499 - Chromium requires no authentication
2024-04-04 12:10:42,768 [INFO] WebApp:442 - Direct internet connection detected
2024-04-04 12:10:42,848 [INFO] WebApp:192 - Starting web application
2024-04-04 12:10:42,849 [INFO] WebApp:544 - Web application path used /opt/st/stm32cubeide_1.14.0/plugins/com.st.stm32cube.common.mx_6.10.0.202311202037/db/plugins/mcufinder/reactClient1/index.html
2024-04-04 12:10:43,184 [WARN] PackLoader:240 - Cannot read IP mode file for STMicroelectronics.X-CUBE-SMBUS.2.1.0
2024-04-04 12:10:43,188 [WARN] PackLoader:240 - Cannot read IP mode file for STMicroelectronics.X-CUBE-TOUCHGFX.4.23.1
2024-04-04 12:10:43,190 [WARN] PackLoader:240 - Cannot read IP mode file for STMicroelectronics.X-CUBE-TOUCHGFX.4.23.0
2024-04-04 12:10:43,210 [WARN] PackLoader:240 - Cannot read IP mode file for STMicroelectronics.X-CUBE-AZRTOS-F7.1.1.0
2024-04-04 12:10:43,217 [WARN] PackLoader:240 - Cannot read IP mode file for STMicroelectronics.FP-SNS-MOTENV1.4.3.2
2024-04-04 12:10:43,222 [WARN] PackLoader:240 - Cannot read IP mode file for STMicroelectronics.FP-SNS-FLIGHT1.5.0.2
2024-04-04 12:10:43,228 [WARN] PackLoader:240 - Cannot read IP mode file for STMicroelectronics.X-CUBE-DISPLAY.3.0.0
2024-04-04 12:10:43,235 [WARN] PackLoader:240 - Cannot read IP mode file for STMicroelectronics.X-CUBE-BLE1.7.0.0
2024-04-04 12:10:43,239 [WARN] PackLoader:240 - Cannot read IP mode file for emotas.I-CUBE-CANOPEN.1.3.0
2024-04-04 12:10:43,246 [WARN] PackLoader:240 - Cannot read IP mode file for STMicroelectronics.X-CUBE-BLEMGR.3.1.0
2024-04-04 12:10:43,251 [WARN] PackLoader:240 - Cannot read IP mode file for STMicroelectronics.FP-SNS-SMARTAG2.1.2.0
2024-04-04 12:10:43,259 [INFO] LogOutputStream:77 - [STDOUT_REDIRECT] 1 : Invalid condition id : UX_CORESTACK_Condition cause : null
2024-04-04 12:10:43,259 [INFO] LogOutputStream:77 - [STDOUT_REDIRECT] 1 : Invalid condition id : UX_CORESTACK_Condition cause : null
2024-04-04 12:10:43,259 [INFO] LogOutputStream:77 - [STDOUT_REDIRECT] 1 : Invalid condition id : UX_CORESTACK_Condition cause : null
2024-04-04 12:10:43,259 [INFO] LogOutputStream:77 - [STDOUT_REDIRECT] 1 : Invalid condition id : UX_CORESTACK_Condition cause : null
2024-04-04 12:10:43,259 [INFO] LogOutputStream:77 - [STDOUT_REDIRECT] 1 : Invalid condition id : UX_CORESTACK_Condition cause : null
2024-04-04 12:10:43,263 [WARN] PackLoader:240 - Cannot read IP mode file for STMicroelectronics.X-CUBE-AZRTOS-WL.2.0.0
2024-04-04 12:10:43,267 [WARN] PackLoader:240 - Cannot read IP mode file for STMicroelectronics.FP-SNS-MOTENV1.5.0.0
2024-04-04 12:10:43,273 [WARN] PackLoader:240 - Cannot read IP mode file for WES.I-CUBE-Cesium.1.3.0
2024-04-04 12:10:43,276 [WARN] PackLoader:240 - Cannot read IP mode file for STMicroelectronics.X-CUBE-BLE2.3.3.0
2024-04-04 12:10:43,281 [WARN] PackLoader:240 - Cannot read IP mode file for STMicroelectronics.X-CUBE-ALGOBUILD.1.3.0
2024-04-04 12:10:43,293 [WARN] PackLoader:240 - Cannot read IP mode file for STMicroelectronics.X-CUBE-AZRTOS-G0.1.1.0
2024-04-04 12:10:43,298 [WARN] PackLoader:240 - Cannot read IP mode file for STMicroelectronics.X-CUBE-SAFEA1.1.2.2
2024-04-04 12:10:43,302 [WARN] PackLoader:240 - Cannot read IP mode file for STMicroelectronics.X-CUBE-NFC4.3.0.0
2024-04-04 12:10:43,305 [WARN] PackLoader:240 - Cannot read IP mode file for STMicroelectronics.FP-ATR-SIGFOX1.3.2.0
2024-04-04 12:10:43,309 [WARN] PackLoader:240 - Cannot read IP mode file for STMicroelectronics.X-CUBE-EEPRMA1.5.1.0
2024-04-04 12:10:43,334 [WARN] PackLoader:240 - Cannot read IP mode file for SEGGER.I-CUBE-embOS.1.3.1
2024-04-04 12:10:43,373 [WARN] PackLoader:240 - Cannot read IP mode file for STMicroelectronics.X-CUBE-GNSS1.6.0.0
2024-04-04 12:10:43,385 [WARN] PackLoader:240 - Cannot read IP mode file for STMicroelectronics.X-CUBE-AZRTOS-F4.1.1.0
2024-04-04 12:10:43,392 [WARN] PackLoader:240 - Cannot read IP mode file for wolfSSL.I-CUBE-wolfSSL.5.6.6
2024-04-04 12:10:43,405 [WARN] PackLoader:240 - Cannot read IP mode file for STMicroelectronics.X-CUBE-AZRTOS-L5.2.0.0
2024-04-04 12:10:43,413 [WARN] PackLoader:240 - Cannot read IP mode file for STMicroelectronics.X-CUBE-NFC6.3.1.0
2024-04-04 12:10:43,418 [WARN] PackLoader:240 - Cannot read IP mode file for ITTIA_DB.I-CUBE-ITTIADB.8.8.0
2024-04-04 12:10:43,420 [WARN] PackLoader:240 - Cannot read IP mode file for STMicroelectronics.X-CUBE-NFC7.1.0.1
2024-04-04 12:10:43,426 [WARN] PackLoader:240 - Cannot read IP mode file for STMicroelectronics.X-CUBE-NFC6.3.0.0
2024-04-04 12:10:43,432 [WARN] PackLoader:240 - Cannot read IP mode file for STMicroelectronics.X-CUBE-AI.8.1.0
2024-04-04 12:10:43,466 [WARN] ConditionMgr:438 - getConditionDescription Invalid condition id : LAN8742 Phy interface Condition cause : null
2024-04-04 12:10:43,466 [WARN] PackLoader:240 - Cannot read IP mode file for STMicroelectronics.X-CUBE-AZRTOS-L4.2.0.0
2024-04-04 12:10:43,469 [WARN] ConditionMgr:1039 - genDependencies : Invalid condition id : LAN8742 Phy interface Condition cause : null
2024-04-04 12:10:43,470 [WARN] ConditionMgr:1039 - genDependencies : Invalid condition id : LAN8742 Phy interface Condition cause : null
2024-04-04 12:10:43,470 [WARN] ConditionMgr:1039 - genDependencies : Invalid condition id : LAN8742 Phy interface Condition cause : null
2024-04-04 12:10:43,479 [WARN] PackLoader:240 - Cannot read IP mode file for STMicroelectronics.X-CUBE-SFXS2LP1.4.0.0
2024-04-04 12:10:43,491 [WARN] ConditionMgr:438 - getConditionDescription Invalid condition id : UX DEVICE CLASS RTOS Condition cause : null
2024-04-04 12:10:43,491 [WARN] ConditionMgr:438 - getConditionDescription Invalid condition id : UX DEVICE CLASS RTOS Condition cause : null
2024-04-04 12:10:43,492 [WARN] PackLoader:240 - Cannot read IP mode file for STMicroelectronics.X-CUBE-AZRTOS-WB.2.0.0
2024-04-04 12:10:43,493 [WARN] ConditionMgr:1039 - genDependencies : Invalid condition id : UX DEVICE CLASS RTOS Condition cause : null
2024-04-04 12:10:43,493 [WARN] ConditionMgr:1039 - genDependencies : Invalid condition id : UX DEVICE CLASS RTOS Condition cause : null
2024-04-04 12:10:43,493 [WARN] ConditionMgr:1039 - genDependencies : Invalid condition id : UX DEVICE CLASS RTOS Condition cause : null
2024-04-04 12:10:43,493 [WARN] ConditionMgr:1039 - genDependencies : Invalid condition id : UX DEVICE CLASS RTOS Condition cause : null
2024-04-04 12:10:43,493 [WARN] ConditionMgr:1039 - genDependencies : Invalid condition id : UX DEVICE CLASS RTOS Condition cause : null
2024-04-04 12:10:43,500 [WARN] PackLoader:240 - Cannot read IP mode file for STMicroelectronics.X-CUBE-SUBG2.5.0.0
2024-04-04 12:10:43,514 [WARN] PackLoader:240 - Cannot read IP mode file for STMicroelectronics.X-CUBE-AZRTOS-G4.2.0.0
2024-04-04 12:10:43,524 [WARN] PackLoader:240 - Cannot read IP mode file for Infineon.AIROC-Wi-Fi-Bluetooth-STM32.1.5.1
2024-04-04 12:10:43,528 [WARN] PackLoader:240 - Cannot read IP mode file for STMicroelectronics.FP-SNS-MOTENVWB1.1.3.1
2024-04-04 12:10:43,531 [WARN] PackLoader:240 - Cannot read IP mode file for STMicroelectronics.X-CUBE-ISPU.2.0.0
2024-04-04 12:10:43,569 [WARN] PackLoader:240 - Cannot read IP mode file for STMicroelectronics.X-CUBE-MEMS1.10.0.0
2024-04-04 12:10:43,712 [WARN] PackLoader:240 - Cannot read IP mode file for STMicroelectronics.X-CUBE-FREERTOS.1.1.0
2024-04-04 12:10:43,716 [WARN] PackLoader:240 - Cannot read IP mode file for portGmbH.I-Cube-SoM-uGOAL.1.1.0
2024-04-04 12:10:43,719 [WARN] PackLoader:240 - Cannot read IP mode file for STMicroelectronics.X-CUBE-ALS.1.0.1
2024-04-04 12:10:43,721 [WARN] PackLoader:240 - Cannot read IP mode file for STMicroelectronics.FP-ATR-ASTRA1.2.0.0
2024-04-04 12:10:43,730 [WARN] PackLoader:240 - Cannot read IP mode file for STMicroelectronics.X-CUBE-TOF1.3.4.0
2024-04-04 12:10:43,751 [WARN] PackLoader:240 - Cannot read IP mode file for STMicroelectronics.X-CUBE-TOF1.3.4.1
2024-04-04 12:10:43,779 [WARN] PackLoader:240 - Cannot read IP mode file for STMicroelectronics.X-CUBE-AZRTOS-H7.3.2.0
2024-04-04 12:10:43,783 [INFO] ThirdParty:978 - Integrity check success = true
2024-04-04 12:10:43,783 [INFO] IntegrityCheckThread:100 - exiting critical section [integrity check]
2024-04-04 12:10:43,783 [INFO] IntegrityCheckThread:103 - End integrity checks thread
2024-04-04 12:11:02,562 [INFO] McuFinderGlobals:63 - Set McuFinder mode to 2 (CubeIDE integrated)
2024-04-04 12:11:02,566 [INFO] MainUpdater:2873 - connection check result : 10
2024-04-04 12:11:02,566 [INFO] MainUpdater:2873 - connection check result : 10
2024-04-04 12:11:02,589 [INFO] MicroXplorer:468 - Change Database Path : 
2024-04-04 12:11:02,589 [INFO] MicroXplorer:498 - Change Database Version : DB.6.0.100
2024-04-04 12:11:02,594 [WARN] ThirdParty:871 - waiting for thirdparty lock release [close project]
2024-04-04 12:11:02,594 [INFO] ThirdParty:873 - entering critical section [close project]
2024-04-04 12:11:02,594 [INFO] ThirdParty:883 - exiting critical section [close project]
2024-04-04 12:11:02,595 [INFO] PinOutPanel:1499 - setPackage(No Configuration,No Configuration)
2024-04-04 12:11:02,598 [INFO] UtilMem:75 - Begin LoadConfig() Used Memory: 164408536 Bytes (282066944)
2024-04-04 12:11:02,599 [INFO] MicroXplorer:468 - Change Database Path : 
2024-04-04 12:11:02,600 [INFO] MicroXplorer:498 - Change Database Version : DB.6.0.100
2024-04-04 12:11:02,600 [INFO] OpenFileManager:312 - Change cursor
2024-04-04 12:11:02,623 [INFO] Mcu:2016 - Initializing MCU STM32L152RETx STM32L152RETx STM32L152RET6
2024-04-04 12:11:03,340 [ERROR] LogOutputStream:75 - [STDERR_REDIRECT] SLF4J: Failed to load class "org.slf4j.impl.StaticLoggerBinder".
2024-04-04 12:11:03,341 [ERROR] LogOutputStream:75 - [STDERR_REDIRECT] SLF4J: Defaulting to no-operation (NOP) logger implementation
2024-04-04 12:11:03,342 [ERROR] LogOutputStream:75 - [STDERR_REDIRECT] SLF4J: See http://www.slf4j.org/codes.html#StaticLoggerBinder for further details.
2024-04-04 12:11:03,926 [INFO] Context:659 - Trying to add GPIOservice into a context  which must be forbidden
2024-04-04 12:11:04,243 [INFO] RtosManager:555 - Registered RTOS mode: class=CMSIS, group=RTOS, mode=CMSIS_V1, owner=FREERTOS
2024-04-04 12:11:04,243 [INFO] RtosManager:555 - Registered RTOS mode: class=CMSIS, group=RTOS2, mode=CMSIS_V2, owner=FREERTOS
2024-04-04 12:11:04,243 [INFO] RtosManager:555 - Registered RTOS mode: class=RTOS, group=Core, mode=CMSIS_V1, owner=FREERTOS
2024-04-04 12:11:04,243 [INFO] RtosManager:555 - Registered RTOS mode: class=RTOS, group=Core, mode=CMSIS_V2, owner=FREERTOS
2024-04-04 12:11:04,243 [WARN] ModelIntegratedComponent:184 - Missing modes for component STMicroelectronics:FreeRTOS:0.0.1:STMicroelectronics:RTOS:FreeRTOS:Core:::10.2.0:
2024-04-04 12:11:04,253 [WARN] ModelIntegratedComponent:63 - No mode defined for component null
2024-04-04 12:11:04,253 [WARN] ModelIntegratedComponent:63 - No mode defined for component null
2024-04-04 12:11:04,253 [WARN] ModelIntegratedComponent:63 - No mode defined for component null
2024-04-04 12:11:04,253 [WARN] ModelIntegratedComponent:63 - No mode defined for component null
2024-04-04 12:11:04,253 [WARN] ModelIntegratedComponent:63 - No mode defined for component null
2024-04-04 12:11:04,253 [WARN] ModelIntegratedComponent:63 - No mode defined for component null
2024-04-04 12:11:04,253 [WARN] ModelIntegratedComponent:63 - No mode defined for component null
2024-04-04 12:11:04,253 [WARN] ModelIntegratedComponent:63 - No mode defined for component null
2024-04-04 12:11:04,253 [WARN] ModelIntegratedComponent:63 - No mode defined for component null
2024-04-04 12:11:04,253 [WARN] ModelIntegratedComponent:63 - No mode defined for component null
2024-04-04 12:11:04,253 [WARN] ModelIntegratedComponent:63 - No mode defined for component null
2024-04-04 12:11:04,253 [WARN] ModelIntegratedComponent:63 - No mode defined for component null
2024-04-04 12:11:04,253 [WARN] ModelIntegratedComponent:63 - No mode defined for component null
2024-04-04 12:11:04,253 [WARN] ModelIntegratedComponent:63 - No mode defined for component null
2024-04-04 12:11:04,253 [WARN] ModelIntegratedComponent:63 - No mode defined for component null
2024-04-04 12:11:04,253 [WARN] ModelIntegratedComponent:63 - No mode defined for component null
2024-04-04 12:11:04,254 [WARN] ModelIntegratedComponent:63 - No mode defined for component null
2024-04-04 12:11:04,254 [WARN] ModelIntegratedComponent:63 - No mode defined for component null
2024-04-04 12:11:04,254 [WARN] ModelIntegratedComponent:63 - No mode defined for component null
2024-04-04 12:11:04,254 [WARN] ModelIntegratedComponent:63 - No mode defined for component null
2024-04-04 12:11:04,254 [WARN] ModelIntegratedComponent:63 - No mode defined for component null
2024-04-04 12:11:04,254 [WARN] ModelIntegratedComponent:63 - No mode defined for component null
2024-04-04 12:11:04,254 [WARN] ModelIntegratedComponent:63 - No mode defined for component null
2024-04-04 12:11:04,254 [WARN] ModelIntegratedComponent:63 - No mode defined for component null
2024-04-04 12:11:04,254 [WARN] ModelIntegratedComponent:63 - No mode defined for component null
2024-04-04 12:11:04,254 [WARN] ModelIntegratedComponent:63 - No mode defined for component null
2024-04-04 12:11:04,254 [WARN] ModelIntegratedComponent:63 - No mode defined for component null
2024-04-04 12:11:04,254 [WARN] ModelIntegratedComponent:63 - No mode defined for component null
2024-04-04 12:11:04,254 [WARN] ModelIntegratedComponent:63 - No mode defined for component null
2024-04-04 12:11:04,254 [WARN] ModelIntegratedComponent:63 - No mode defined for component null
2024-04-04 12:11:04,254 [WARN] ModelIntegratedComponent:63 - No mode defined for component null
2024-04-04 12:11:04,254 [WARN] ModelIntegratedComponent:63 - No mode defined for component null
2024-04-04 12:11:04,254 [WARN] ModelIntegratedComponent:63 - No mode defined for component null
2024-04-04 12:11:04,329 [INFO] ThirdPartyModel:298 - Start build external matchings
2024-04-04 12:11:04,519 [INFO] ThirdPartyModel:316 - End build external matchings
2024-04-04 12:11:04,531 [INFO] ImportTextPane:194 - (OptionalMessage_ERROR) IP (RCC) : Invalid parameter (FamilyName)
2024-04-04 12:11:04,533 [INFO] ImportTextPane:194 - (OptionalMessage_ERROR) IP (RCC) : Parameter (RTCHSEDivFreq_Value) has invalid value (4000000)
2024-04-04 12:11:04,533 [INFO] ImportTextPane:194 - (OptionalMessage_ERROR) IP (RCC) : Invalid parameter (TIMFreq_Value)
2024-04-04 12:11:04,533 [INFO] ImportTextPane:194 - (OptionalMessage_ERROR) IP (RCC) : Invalid parameter (USBOutput)
2024-04-04 12:11:04,678 [INFO] UtilMem:75 - End LoadConfig() Used Memory: 211609064 Bytes (439353344)
2024-04-04 12:11:04,768 [INFO] ApiDb:581 - Connected to CubeFinder SQLite database (/home/lars/.stmcufinder/plugins/mcufinder/mcu/cube-finder-db.db)
2024-04-04 12:11:04,809 [INFO] ApiDb:668 - CubeFinder database Data Model version=2.1
2024-04-04 12:11:04,809 [INFO] ApiDb:669 - CubeFinder database Configuration version=3.0.39
2024-04-04 12:11:04,809 [INFO] ApiDb:670 - CubeFinder database generation date=2024-03-25 (1711369621)
2024-04-04 12:11:04,809 [INFO] ApiDb:671 - CubeFinder database FW Pack versions=[FP-ATR-ASTRA1_V2.0.0, FP-SNS-FLIGHT1_V5.0.1, FP-SNS-FLIGHT1_V5.0.2, FP-SNS-MOTENV1_V4.3.1, FP-SNS-MOTENV1_V4.3.2, FP-SNS-MOTENVWB1_V1.3.1, FP-SNS-SMARTAG2_V1.2.0, STM32Cube_FW_C0_V1.1.0, STM32Cube_FW_F4_V1.28.0, STM32Cube_FW_F7_V1.17.0, STM32Cube_FW_G0_V1.6.2, STM32Cube_FW_G4_V1.5.2, STM32Cube_FW_H5_V0.5.1, STM32Cube_FW_H5_V1.1.1, STM32Cube_FW_H5_V1.2.0, STM32Cube_FW_H5_V1.2.0RC4, STM32Cube_FW_H7RS_V1.0.0, STM32Cube_FW_H7RS_V1.0.0RC4, STM32Cube_FW_H7_V1.11.0, STM32Cube_FW_L0_V1.12.2, STM32Cube_FW_L5_V1.5.1, STM32Cube_FW_U0_V1.0.0, STM32Cube_FW_U0_V1.0.0RC1, STM32Cube_FW_U5_V1.3.0RC4, STM32Cube_FW_U5_V1.5.0, STM32Cube_FW_U5_V1.5.0RC1, STM32Cube_FW_WBA_V1.0.0RC1, STM32Cube_FW_WBA_V1.2.0, STM32Cube_FW_WBA_V1.2.0RC2, STM32Cube_FW_WBA_V1.3.0, STM32Cube_FW_WBA_V1.3.0RC1, STM32Cube_FW_WB_V1.15.0RC1, STM32Cube_FW_WB_V1.16.0, STM32Cube_FW_WB_V1.16.0RC2, STM32Cube_FW_WB_V1.18.0, STM32Cube_FW_WB_V1.19.0, STM32Cube_FW_WL_V1.3.0, X-CUBE-ALGOBUILD_V1.3.0, X-CUBE-ALS_V1.0.1, X-CUBE-AZRTOS-F4_V1.1.0, X-CUBE-AZRTOS-F7_V1.1.0, X-CUBE-AZRTOS-G0_V1.1.0, X-CUBE-AZRTOS-G4_V2.0.0, X-CUBE-AZRTOS-H7_V3.2.0, X-CUBE-AZRTOS-L4_V1.0.0, X-CUBE-AZRTOS-L4_V2.0.0, X-CUBE-AZRTOS-L5_V1.1.0, X-CUBE-AZRTOS-WB_V2.0.0, X-CUBE-AZRTOS-WL_V2.0.0, X-CUBE-BLE1_V7.0.0, X-CUBE-BLE2_V3.3.0, X-CUBE-BLEMGR_V3.1.0, X-CUBE-EEPRMA1_V4.1.0, X-CUBE-EEPRMA1_V5.1.0, X-CUBE-FREERTOS_V1.1.0, X-CUBE-GNSS1_V6.0.0, X-CUBE-MEMS1_V10.0.0, X-CUBE-MEMS1_V9.1.0, X-CUBE-MEMS1_V9.4.0, X-CUBE-MEMS1_V9.6.0, X-CUBE-NFC4_V3.0.0, X-CUBE-NFC7_V1.0.1, X-CUBE-SFXS2LP1_V4.0.0, X-CUBE-SUBG2_V5.0.0, X-CUBE-TOF1_V3.4.0]
2024-04-04 12:11:06,417 [INFO] ApiDb:240 - Found 371 in-development CPN: [B-G473E-ZEST1S, B-WB1M-WPAN1, B-WL5M-SUBG1, NUCLEO-C031C6, NUCLEO-H503RB, NUCLEO-H563ZI, NUCLEO-U545RE-Q, NUCLEO-U5A5ZJ-Q, NUCLEO-WBA52CG, NUCLEO-WBA55CG, STEVAL-MKBOXPRO, STEVAL-PROTEUS1, STEVAL-STWINBX1, STM320518-EVAL, STM32C0116-DK, STM32C011D6Y3TR, STM32C011D6Y6TR, STM32C011F4P3, STM32C011F4P6, STM32C011F4U3, STM32C011F4U6TR, STM32C011F6P3, STM32C011F6P6, STM32C011F6U3, STM32C011F6U6TR, STM32C011J4M3, STM32C011J4M6, STM32C011J6M3, STM32C011J6M6, STM32C0316-DK, STM32C031C4T3, STM32C031C4T6, STM32C031C4U3, STM32C031C4U6, STM32C031C6T3, STM32C031C6T6, STM32C031C6U3, STM32C031C6U6, STM32C031F4P3, STM32C031F4P6, STM32C031F6P3, STM32C031F6P6, STM32C031G4U3, STM32C031G4U6, STM32C031G6U3, STM32C031G6U6, STM32C031K4T3, STM32C031K4T6, STM32C031K4U3, STM32C031K4U6, STM32C031K6T3, STM32C031K6T6, STM32C031K6U3, STM32C031K6U6, STM32G071K8TXN, STM32G071K8UXN, STM32G081GBU6N, STM32G081KBT6N, STM32G081KBUXN, STM32G0B1CCT6N, STM32G0B1KCT6, STM32G0B1NEY6TR, STM32G0B1RCT6N, STM32G0C1CCT6, STM32G0C1CCT6N, STM32G0C1CCU6N, STM32G0C1CET6N, STM32G0C1CEU6N, STM32G0C1KCT6, STM32G0C1NEY6TR, STM32G0C1RCI6N, STM32G0C1RCT6N, STM32G0C1REI6N, STM32G0C1RET6N, STM32G0C1VCI6, STM32G0C1VEI6, STM32G471CCT6, STM32G471CCU6, STM32G471CET3, STM32G471CET6, STM32G471CEU3, STM32G471CEU6, STM32G471MCT6, STM32G471MET3, STM32G471MET6, STM32G471MEY6TR, STM32G471QCT6, STM32G471QET3, STM32G471RCT6, STM32G471RET3, STM32G471RET6, STM32G471VCH6, STM32G471VCI6, STM32G471VCT6, STM32G471VEH3, STM32G471VEH6, STM32G471VEI3, STM32G471VEI6, STM32G471VET3, STM32G471VET6, STM32G474CCT6, STM32H503CBT6, STM32H503CBU6, STM32H503EBY6TR, STM32H503KBU6, STM32H503RBT6, STM32H562AGI6, STM32H562AII6, STM32H562IGK6, STM32H562IGT6, STM32H562IIK6, STM32H562IIT6, STM32H562RGT6, STM32H562RGV6, STM32H562RIT6, STM32H562RIV6, STM32H562VGT6, STM32H562VIT6, STM32H562ZGT6, STM32H562ZIT6, STM32H563AGI6, STM32H563AII3Q, STM32H563AII6, STM32H563IGK6, STM32H563IGT6, STM32H563IIK3Q, STM32H563IIK6, STM32H563IIT3Q, STM32H563IIT6, STM32H563MIY3QTR, STM32H563RGT6, STM32H563RGV6, STM32H563RIT6, STM32H563RIV6, STM32H563VGT6, STM32H563VIT3Q, STM32H563VIT6, STM32H563ZGT6, STM32H563ZIT3Q, STM32H563ZIT6, STM32H573AII3Q, STM32H573AII6, STM32H573I-DK, STM32H573IIK3Q, STM32H573IIK6, STM32H573IIT3Q, STM32H573IIT6, STM32H573MIY3QTR, STM32H573RIT6, STM32H573RIV6, STM32H573VIT3Q, STM32H573VIT6, STM32H573ZIT3Q, STM32H573ZIT6, STM32L4R5QGI6STR, STM32MP131AAE3, STM32MP131AAF3, STM32MP131AAG3, STM32MP131CAE3, STM32MP131CAF3, STM32MP131CAG3, STM32MP131DAE7, STM32MP131DAF7, STM32MP131DAG7, STM32MP131FAE7, STM32MP131FAF7, STM32MP131FAG7, STM32MP133AAE3, STM32MP133AAF3, STM32MP133AAG3, STM32MP133CAE3, STM32MP133CAF3, STM32MP133CAG3, STM32MP133DAE7, STM32MP133DAF7, STM32MP133DAG7, STM32MP133FAE7, STM32MP133FAF7, STM32MP133FAG7, STM32MP135AAE3, STM32MP135AAF3, STM32MP135AAG3, STM32MP135CAE3, STM32MP135CAF3, STM32MP135CAG3, STM32MP135DAE7, STM32MP135DAF7, STM32MP135DAG7, STM32MP135F-DK, STM32MP135FAE7, STM32MP135FAF7, STM32MP135FAF7T, STM32MP135FAF7U, STM32MP135FAG7, STM32U535CBT6, STM32U535CBT6Q, STM32U535CBU6, STM32U535CBU6Q, STM32U535CCT6, STM32U535CCT6Q, STM32U535CCU6, STM32U535CCU6Q, STM32U535CET6, STM32U535CET6Q, STM32U535CEU6, STM32U535CEU6Q, STM32U535JEY6QTR, STM32U535NCY6QTR, STM32U535NEY6QTR, STM32U535RBI6, STM32U535RBI6Q, STM32U535RBT6, STM32U535RBT6Q, STM32U535RCI6, STM32U535RCI6Q, STM32U535RCT6, STM32U535RCT6Q, STM32U535REI6, STM32U535REI6Q, STM32U535RET6, STM32U535RET6Q, STM32U535VCI6, STM32U535VCI6Q, STM32U535VCT6, STM32U535VCT6Q, STM32U535VEI6, STM32U535VEI6Q, STM32U535VET6, STM32U535VET6Q, STM32U545CET6, STM32U545CET6Q, STM32U545CEU6, STM32U545CEU6Q, STM32U545JEY6QTR, STM32U545NEY6QTR, STM32U545REI6, STM32U545REI6Q, STM32U545RET6, STM32U545RET6Q, STM32U545VEI6, STM32U545VEI6Q, STM32U545VET6, STM32U545VET6Q, STM32U595AIH6, STM32U595AIH6Q, STM32U595AJH6, STM32U595AJH6Q, STM32U595QII6, STM32U595QII6Q, STM32U595QJI6, STM32U595QJI6Q, STM32U595RIT6, STM32U595RIT6Q, STM32U595RJT6, STM32U595RJT6Q, STM32U595VIT6, STM32U595VIT6Q, STM32U595VJT6, STM32U595VJT6Q, STM32U595ZIT6, STM32U595ZIT6Q, STM32U595ZIY6QTR, STM32U595ZJT6, STM32U595ZJT6Q, STM32U595ZJY6QTR, STM32U599BJY6QTR, STM32U599NIH6Q, STM32U599NJH6Q, STM32U599VIT6Q, STM32U599VJT6, STM32U599VJT6Q, STM32U599ZIT6Q, STM32U599ZIY6QTR, STM32U599ZJT6Q, STM32U599ZJY6QTR, STM32U5A5AJH6, STM32U5A5AJH6Q, STM32U5A5QJI6, STM32U5A5QJI6Q, STM32U5A5RJT6, STM32U5A5RJT6Q, STM32U5A5VJT6, STM32U5A5VJT6Q, STM32U5A5ZJT6, STM32U5A5ZJT6Q, STM32U5A5ZJY6QTR, STM32U5A9BJY6QTR, STM32U5A9J-DK, STM32U5A9NJH6Q, STM32U5A9VJT6Q, STM32U5A9ZJT6Q, STM32U5A9ZJY6QTR, STM32U5F7VIT6, STM32U5F7VIT6Q, STM32U5F7VJT6, STM32U5F7VJT6Q, STM32U5F9BJY6QTR, STM32U5F9NJH6Q, STM32U5F9VIT6Q, STM32U5F9VJT6Q, STM32U5F9ZIJ6QTR, STM32U5F9ZIT6Q, STM32U5F9ZJJ6QTR, STM32U5F9ZJT6Q, STM32U5G7VJT6, STM32U5G7VJT6Q, STM32U5G9BJY6QTR, STM32U5G9J-DK1, STM32U5G9J-DK2, STM32U5G9NJH6Q, STM32U5G9VJT6Q, STM32U5G9ZJJ6QTR, STM32U5G9ZJT6Q, STM32WB1MMCH6, STM32WBA50KEU6, STM32WBA50KEU6TR, STM32WBA50KGU6, STM32WBA50KGU6TR, STM32WBA52CEU6, STM32WBA52CEU6TR, STM32WBA52CEU7, STM32WBA52CEU7TR, STM32WBA52CGU6, STM32WBA52CGU6TR, STM32WBA52CGU6U, STM32WBA52CGU7, STM32WBA52CGU7TR, STM32WBA52KEU6, STM32WBA52KEU6TR, STM32WBA52KGU6, STM32WBA52KGU6TR, STM32WBA54CEU6, STM32WBA54CEU6TR, STM32WBA54CEU7, STM32WBA54CEU7TR, STM32WBA54CGU6, STM32WBA54CGU6TR, STM32WBA54CGU7, STM32WBA54CGU7TR, STM32WBA54KEU6, STM32WBA54KEU6TR, STM32WBA54KEU7, STM32WBA54KEU7TR, STM32WBA54KGU6, STM32WBA54KGU6TR, STM32WBA54KGU7, STM32WBA54KGU7TR, STM32WBA55CEU6, STM32WBA55CEU6TR, STM32WBA55CEU7, STM32WBA55CEU7TR, STM32WBA55CGU6, STM32WBA55CGU6TR, STM32WBA55CGU6U, STM32WBA55CGU7, STM32WBA55CGU7TR, STM32WBA55G-DK1, STM32WBA55HEF6, STM32WBA55HEF7, STM32WBA55HGF6, STM32WBA55HGF7, STM32WBA55UEI6, STM32WBA55UEI6TR, STM32WBA55UEI7, STM32WBA55UEI7TR, STM32WBA55UGI6, STM32WBA55UGI6TR, STM32WBA55UGI7, STM32WBA55UGI7TR, STM32WL5MOCH6, STM32WL5MOCH6TR]
2024-04-04 12:11:06,420 [INFO] DbMcus:218 - Found 4069 MCUs, 4069 are supported
2024-04-04 12:11:06,421 [INFO] ApiDb:423 - Load user favorites file /home/lars/.stm32cubeide/favorites.mcus.txt: 1 item(s)
2024-04-04 12:11:06,421 [INFO] ApiDb:427 - User favorites MCUs=[STM32L152RET6]
2024-04-04 12:11:06,421 [INFO] DbMcus:224 - Set 1 / 1 favorites MCUs
2024-04-04 12:11:06,670 [INFO] MicroXplorer:468 - Change Database Path : 
2024-04-04 12:11:06,670 [INFO] MicroXplorer:498 - Change Database Version : DB.6.0.100
2024-04-04 12:11:06,671 [WARN] ThirdParty:833 - waiting for thirdparty lock release [change project]
2024-04-04 12:11:06,671 [INFO] ThirdParty:835 - entering critical section [change project]
2024-04-04 12:11:06,671 [INFO] ThirdParty:1030 - CMSIS Pack Vendor :STMicroelectronics USBPD 4.1
2024-04-04 12:11:06,671 [INFO] ThirdParty:1030 - CMSIS Pack Vendor :STMicroelectronics X-CUBE-GNSS1 6.0.0
2024-04-04 12:11:06,671 [INFO] ThirdParty:1030 - CMSIS Pack Vendor :STMicroelectronics USB_HOST 2.0.0
2024-04-04 12:11:06,671 [INFO] ThirdParty:1030 - CMSIS Pack Vendor :STMicroelectronics X-CUBE-AZRTOS-F4 1.1.0
2024-04-04 12:11:06,671 [INFO] ThirdParty:1030 - CMSIS Pack Vendor :STMicroelectronics LIBJPEG 8.0.0
2024-04-04 12:11:06,671 [INFO] ThirdParty:1030 - CMSIS Pack Vendor :STMicroelectronics X-CUBE-SMBUS 2.1.0
2024-04-04 12:11:06,671 [INFO] ThirdParty:1030 - CMSIS Pack Vendor :STMicroelectronics USB_DEVICE 3.0.0
2024-04-04 12:11:06,671 [INFO] ThirdParty:1030 - CMSIS Pack Vendor :STMicroelectronics X-CUBE-AZRTOS-WB 2.0.0
2024-04-04 12:11:06,671 [INFO] ThirdParty:1030 - CMSIS Pack Vendor :wolfSSL I-CUBE-wolfSSL 5.6.6
2024-04-04 12:11:06,671 [INFO] ThirdParty:1030 - CMSIS Pack Vendor :STMicroelectronics X-CUBE-TOUCHGFX 4.23.1
2024-04-04 12:11:06,671 [INFO] ThirdParty:1030 - CMSIS Pack Vendor :STMicroelectronics X-CUBE-TOUCHGFX 4.23.0
2024-04-04 12:11:06,671 [INFO] ThirdParty:1030 - CMSIS Pack Vendor :STMicroelectronics X-CUBE-AZRTOS-F7 1.1.0
2024-04-04 12:11:06,671 [INFO] ThirdParty:1030 - CMSIS Pack Vendor :STMicroelectronics X-CUBE-AZRTOS-L5 2.0.0
2024-04-04 12:11:06,671 [INFO] ThirdParty:1030 - CMSIS Pack Vendor :STMicroelectronics USB_DEVICE 2.0.0
2024-04-04 12:11:06,672 [INFO] ThirdParty:1030 - CMSIS Pack Vendor :STMicroelectronics X-CUBE-NFC6 3.1.0
2024-04-04 12:11:06,672 [INFO] ThirdParty:1030 - CMSIS Pack Vendor :ITTIA_DB I-CUBE-ITTIADB 8.8.0
2024-04-04 12:11:06,672 [INFO] ThirdParty:1030 - CMSIS Pack Vendor :STMicroelectronics FP-SNS-MOTENV1 4.3.2
2024-04-04 12:11:06,672 [INFO] ThirdParty:1030 - CMSIS Pack Vendor :STMicroelectronics X-CUBE-ALGOBUILD 1.3.0
2024-04-04 12:11:06,672 [INFO] ThirdParty:1030 - CMSIS Pack Vendor :STMicroelectronics FreeRTOS 0.0.1
2024-04-04 12:11:06,672 [INFO] ThirdParty:1030 - CMSIS Pack Vendor :STMicroelectronics X-CUBE-AZRTOS-G0 1.1.0
2024-04-04 12:11:06,672 [INFO] ThirdParty:1030 - CMSIS Pack Vendor :STMicroelectronics X-CUBE-SAFEA1 1.2.2
2024-04-04 12:11:06,672 [INFO] ThirdParty:1030 - CMSIS Pack Vendor :STMicroelectronics X-CUBE-NFC4 3.0.0
2024-04-04 12:11:06,672 [INFO] ThirdParty:1030 - CMSIS Pack Vendor :STMicroelectronics X-CUBE-SUBG2 5.0.0
2024-04-04 12:11:06,672 [INFO] ThirdParty:1030 - CMSIS Pack Vendor :STMicroelectronics STM32_WPAN 1.0.0
2024-04-04 12:11:06,672 [INFO] ThirdParty:1030 - CMSIS Pack Vendor :STMicroelectronics lwIP 2.0.3
2024-04-04 12:11:06,672 [INFO] ThirdParty:1030 - CMSIS Pack Vendor :STMicroelectronics FP-SNS-FLIGHT1 5.0.2
2024-04-04 12:11:06,672 [INFO] ThirdParty:1030 - CMSIS Pack Vendor :STMicroelectronics USB_HOST 1.0.0
2024-04-04 12:11:06,672 [INFO] ThirdParty:1030 - CMSIS Pack Vendor :STMicroelectronics X-CUBE-AZRTOS-G4 2.0.0
2024-04-04 12:11:06,672 [INFO] ThirdParty:1030 - CMSIS Pack Vendor :STMicroelectronics PDM2PCM 3.1.0
2024-04-04 12:11:06,672 [INFO] ThirdParty:1030 - CMSIS Pack Vendor :Infineon AIROC-Wi-Fi-Bluetooth-STM32 1.5.1
2024-04-04 12:11:06,672 [INFO] ThirdParty:1030 - CMSIS Pack Vendor :STMicroelectronics PDM2PCM 3.3.0
2024-04-04 12:11:06,672 [INFO] ThirdParty:1030 - CMSIS Pack Vendor :STMicroelectronics X-CUBE-DISPLAY 3.0.0
2024-04-04 12:11:06,672 [INFO] ThirdParty:1030 - CMSIS Pack Vendor :STMicroelectronics FP-SNS-MOTENVWB1 1.3.1
2024-04-04 12:11:06,672 [INFO] ThirdParty:1030 - CMSIS Pack Vendor :STMicroelectronics X-CUBE-BLE1 7.0.0
2024-04-04 12:11:06,672 [INFO] ThirdParty:1030 - CMSIS Pack Vendor :STMicroelectronics FP-ATR-SIGFOX1 3.2.0
2024-04-04 12:11:06,672 [INFO] ThirdParty:1030 - CMSIS Pack Vendor :STMicroelectronics X-CUBE-ISPU 2.0.0
2024-04-04 12:11:06,672 [INFO] ThirdParty:1030 - CMSIS Pack Vendor :STMicroelectronics X-CUBE-EEPRMA1 5.1.0
2024-04-04 12:11:06,672 [INFO] ThirdParty:1030 - CMSIS Pack Vendor :STMicroelectronics HAL Drivers 0.0.0
2024-04-04 12:11:06,672 [INFO] ThirdParty:1030 - CMSIS Pack Vendor :STMicroelectronics MBEDTLS 2.16.2
2024-04-04 12:11:06,672 [INFO] ThirdParty:1030 - CMSIS Pack Vendor :emotas I-CUBE-CANOPEN 1.3.0
2024-04-04 12:11:06,672 [INFO] ThirdParty:1030 - CMSIS Pack Vendor :STMicroelectronics X-CUBE-MEMS1 10.0.0
2024-04-04 12:11:06,672 [INFO] ThirdParty:1030 - CMSIS Pack Vendor :STMicroelectronics X-CUBE-FREERTOS 1.1.0
2024-04-04 12:11:06,672 [INFO] ThirdParty:1030 - CMSIS Pack Vendor :STMicroelectronics X-CUBE-NFC7 1.0.1
2024-04-04 12:11:06,672 [INFO] ThirdParty:1030 - CMSIS Pack Vendor :STMicroelectronics MBEDTLS 2.14.1
2024-04-04 12:11:06,672 [INFO] ThirdParty:1030 - CMSIS Pack Vendor :STMicroelectronics X-CUBE-NFC6 3.0.0
2024-04-04 12:11:06,672 [INFO] ThirdParty:1030 - CMSIS Pack Vendor :portGmbH I-Cube-SoM-uGOAL 1.1.0
2024-04-04 12:11:06,672 [INFO] ThirdParty:1030 - CMSIS Pack Vendor :STMicroelectronics X-CUBE-ALS 1.0.1
2024-04-04 12:11:06,672 [INFO] ThirdParty:1030 - CMSIS Pack Vendor :STMicroelectronics X-CUBE-BLEMGR 3.1.0
2024-04-04 12:11:06,672 [INFO] ThirdParty:1030 - CMSIS Pack Vendor :STMicroelectronics ThreadX 1.0.0
2024-04-04 12:11:06,672 [INFO] ThirdParty:1030 - CMSIS Pack Vendor :STMicroelectronics FP-SNS-SMARTAG2 1.2.0
2024-04-04 12:11:06,673 [INFO] ThirdParty:1030 - CMSIS Pack Vendor :STMicroelectronics X-CUBE-AZRTOS-WL 2.0.0
2024-04-04 12:11:06,673 [INFO] ThirdParty:1030 - CMSIS Pack Vendor :SEGGER I-CUBE-embOS 1.3.1
2024-04-04 12:11:06,673 [INFO] ThirdParty:1030 - CMSIS Pack Vendor :STMicroelectronics FP-SNS-MOTENV1 5.0.0
2024-04-04 12:11:06,673 [INFO] ThirdParty:1030 - CMSIS Pack Vendor :STMicroelectronics USB_DEVICE 1.0.0
2024-04-04 12:11:06,673 [INFO] ThirdParty:1030 - CMSIS Pack Vendor :STMicroelectronics X-CUBE-AI 8.1.0
2024-04-04 12:11:06,673 [INFO] ThirdParty:1030 - CMSIS Pack Vendor :STMicroelectronics X-CUBE-AZRTOS-L4 2.0.0
2024-04-04 12:11:06,673 [INFO] ThirdParty:1030 - CMSIS Pack Vendor :STMicroelectronics ThreadX 0.0.2
2024-04-04 12:11:06,673 [INFO] ThirdParty:1030 - CMSIS Pack Vendor :WES I-CUBE-Cesium 1.3.0
2024-04-04 12:11:06,673 [INFO] ThirdParty:1030 - CMSIS Pack Vendor :STMicroelectronics FP-ATR-ASTRA1 2.0.0
2024-04-04 12:11:06,673 [INFO] ThirdParty:1030 - CMSIS Pack Vendor :STMicroelectronics lwIP 2.1.2
2024-04-04 12:11:06,673 [INFO] ThirdParty:1030 - CMSIS Pack Vendor :STMicroelectronics X-CUBE-SFXS2LP1 4.0.0
2024-04-04 12:11:06,673 [INFO] ThirdParty:1030 - CMSIS Pack Vendor :STMicroelectronics X-CUBE-BLE2 3.3.0
2024-04-04 12:11:06,673 [INFO] ThirdParty:1030 - CMSIS Pack Vendor :STMicroelectronics X-CUBE-TOF1 3.4.0
2024-04-04 12:11:06,673 [INFO] ThirdParty:1030 - CMSIS Pack Vendor :STMicroelectronics X-CUBE-TOF1 3.4.1
2024-04-04 12:11:06,673 [INFO] ThirdParty:1030 - CMSIS Pack Vendor :STMicroelectronics X-CUBE-AZRTOS-H7 3.2.0
2024-04-04 12:11:06,673 [INFO] ThirdParty:1030 - CMSIS Pack Vendor :STMicroelectronics PDM2PCM 3.2.0
2024-04-04 12:11:06,673 [INFO] ThirdParty:841 - exiting critical section [change project]
2024-04-04 12:11:06,967 [INFO] PinOutPanel:1499 - setPackage(No Configuration,No Configuration)
2024-04-04 12:11:06,969 [INFO] PinOutPanel:1499 - setPackage(STM32L152RETx,LQFP64)
2024-04-04 12:11:07,308 [INFO] UtilMem:75 - Before build in PCC Used Memory: 253278872 Bytes (444596224)
2024-04-04 12:11:07,911 [INFO] UtilMem:75 - After build in PCC Used Memory: 238926080 Bytes (444596224)
2024-04-04 12:11:07,956 [INFO] IPUIPlugin:80 - create IPUIPlugin
2024-04-04 12:11:07,957 [INFO] IPUIPlugin:80 - create IPUIPlugin
2024-04-04 12:11:07,957 [INFO] IPUIPlugin:80 - create IPUIPlugin
2024-04-04 12:11:07,957 [INFO] IPUIPlugin:80 - create IPUIPlugin
2024-04-04 12:11:07,957 [INFO] IPUIPlugin:80 - create IPUIPlugin
2024-04-04 12:11:07,958 [INFO] IPUIPlugin:80 - create IPUIPlugin
2024-04-04 12:11:07,958 [INFO] IPUIPlugin:80 - create IPUIPlugin
2024-04-04 12:11:07,958 [INFO] IPUIPlugin:80 - create IPUIPlugin
2024-04-04 12:11:07,958 [INFO] IPUIPlugin:80 - create IPUIPlugin
2024-04-04 12:11:07,958 [INFO] IPUIPlugin:80 - create IPUIPlugin
2024-04-04 12:11:07,958 [INFO] IPUIPlugin:80 - create IPUIPlugin
2024-04-04 12:11:07,958 [INFO] IPUIPlugin:80 - create IPUIPlugin
2024-04-04 12:11:07,958 [INFO] IPUIPlugin:80 - create IPUIPlugin
2024-04-04 12:11:07,959 [INFO] IPUIPlugin:80 - create IPUIPlugin
2024-04-04 12:11:07,959 [INFO] IPUIPlugin:80 - create IPUIPlugin
2024-04-04 12:11:07,959 [INFO] IPUIPlugin:80 - create IPUIPlugin
2024-04-04 12:11:07,959 [INFO] IPUIPlugin:80 - create IPUIPlugin
2024-04-04 12:11:07,960 [INFO] IPUIPlugin:80 - create IPUIPlugin
2024-04-04 12:11:07,960 [INFO] IPUIPlugin:80 - create IPUIPlugin
2024-04-04 12:11:07,960 [INFO] IPUIPlugin:80 - create IPUIPlugin
2024-04-04 12:11:07,960 [INFO] IPUIPlugin:80 - create IPUIPlugin
2024-04-04 12:11:07,960 [INFO] IPUIPlugin:80 - create IPUIPlugin
2024-04-04 12:11:07,961 [INFO] IPUIPlugin:80 - create IPUIPlugin
2024-04-04 12:11:07,961 [INFO] IPUIPlugin:80 - create IPUIPlugin
2024-04-04 12:11:07,961 [INFO] IPUIPlugin:80 - create IPUIPlugin
2024-04-04 12:11:07,961 [INFO] IPUIPlugin:80 - create IPUIPlugin
2024-04-04 12:11:07,961 [INFO] IPUIPlugin:80 - create IPUIPlugin
2024-04-04 12:11:07,962 [INFO] IPUIPlugin:80 - create IPUIPlugin
2024-04-04 12:11:07,962 [INFO] IPUIPlugin:80 - create IPUIPlugin
2024-04-04 12:11:07,962 [INFO] IPUIPlugin:80 - create IPUIPlugin
2024-04-04 12:11:07,962 [INFO] IPUIPlugin:80 - create IPUIPlugin
2024-04-04 12:11:07,963 [INFO] IPUIPlugin:80 - create IPUIPlugin
2024-04-04 12:11:07,963 [INFO] IPUIPlugin:80 - create IPUIPlugin
2024-04-04 12:11:07,963 [INFO] IPUIPlugin:80 - create IPUIPlugin
2024-04-04 12:11:07,963 [INFO] IPUIPlugin:80 - create IPUIPlugin
2024-04-04 12:11:07,963 [INFO] IPUIPlugin:80 - create IPUIPlugin
2024-04-04 12:11:07,963 [INFO] IPUIPlugin:80 - create IPUIPlugin
2024-04-04 12:11:07,964 [INFO] IPUIPlugin:80 - create IPUIPlugin
2024-04-04 12:11:07,964 [INFO] IPUIPlugin:80 - create IPUIPlugin
2024-04-04 12:11:07,964 [INFO] IPUIPlugin:80 - create IPUIPlugin
2024-04-04 12:11:07,964 [INFO] IPUIPlugin:80 - create IPUIPlugin
2024-04-04 12:11:07,964 [INFO] IPUIPlugin:80 - create IPUIPlugin
2024-04-04 12:11:07,965 [INFO] IPUIPlugin:80 - create IPUIPlugin
2024-04-04 12:11:08,105 [INFO] CADModel:165 - CPN selected for project levelSTM32L152RET6
2024-04-04 12:11:08,105 [INFO] CADModel:114 - Register for checkConnection events
2024-04-04 12:11:08,144 [INFO] OpenFileManager:343 - Restore cursor
2024-04-04 12:11:42,261 [INFO] Gpio:277 - dependency for GPIO [RCC, SYS, USART2]
2024-04-04 12:12:02,662 [INFO] NvicIntPanel:101 - NVIC parent = com.st.microxplorer.plugins.ip.nvic.MultiNvicIntPanel[,0,0,729x456,layout=javax.swing.BoxLayout,alignmentX=0.0,alignmentY=0.0,border=,flags=9,maximumSize=,minimumSize=,preferredSize=]
2024-04-04 12:14:33,030 [INFO] NvicIntPanel:101 - NVIC parent = com.st.microxplorer.plugins.ip.nvic.MultiNvicIntPanel[,0,0,729x456,layout=javax.swing.BoxLayout,alignmentX=0.0,alignmentY=0.0,border=,flags=9,maximumSize=,minimumSize=,preferredSize=]
2024-04-04 12:17:49,862 [INFO] Gpio:277 - dependency for GPIO [RCC, SPI1, SYS, USART2]
2024-04-04 12:18:46,432 [INFO] Gpio:277 - dependency for GPIO [RCC, SPI1, SYS, USART2]
2024-04-04 12:18:46,457 [INFO] NvicIntPanel:101 - NVIC parent = com.st.microxplorer.plugins.ip.nvic.MultiNvicIntPanel[,0,0,0x0,invalid,layout=javax.swing.BoxLayout,alignmentX=0.0,alignmentY=0.0,border=,flags=9,maximumSize=,minimumSize=,preferredSize=]
2024-04-04 12:20:03,511 [INFO] Gpio:277 - dependency for GPIO [RCC, SPI1, SYS, USART2]
2024-04-04 12:20:10,176 [INFO] UtilMem:75 - End SaveConfig() Used Memory: 964774912 Bytes (1073741824)
2024-04-04 12:20:12,393 [INFO] UtilMem:75 - End SaveConfig() Used Memory: 585462208 Bytes (1073741824)
2024-04-04 12:20:14,563 [INFO] UtilMem:75 - End SaveConfig() Used Memory: 570196624 Bytes (1073741824)
2024-04-04 12:20:14,925 [INFO] BlockDiagram:2759 - set Specific Code input for plugin: SPI
2024-04-04 12:20:14,925 [INFO] BlockDiagram:2759 - set Specific Code input for plugin: NVIC
2024-04-04 12:20:14,925 [INFO] BlockDiagram:2759 - set Specific Code input for plugin: USART
2024-04-04 12:20:14,925 [INFO] BlockDiagram:2759 - set Specific Code input for plugin: SYS
2024-04-04 12:20:14,926 [INFO] BlockDiagram:2759 - set Specific Code input for plugin: GPIO
2024-04-04 12:20:14,926 [INFO] BlockDiagram:2759 - set Specific Code input for plugin: RCC
2024-04-04 12:20:14,926 [INFO] CodeGenerator:807 - code generatio: config db path: /opt/st/stm32cubeide_1.14.0/plugins/com.st.stm32cube.common.mx_6.10.0.202311202037//db/
2024-04-04 12:20:15,088 [INFO] CodeEngine:255 - oldGeneratedFile, /home/lars/Documents/STM32/DataLogger/MXTmpFiles/license.tmp_save
2024-04-04 12:20:15,386 [INFO] CodeEngine:279 - Generated code: /home/lars/Documents/STM32/DataLogger/MXTmpFiles/license.tmp
2024-04-04 12:20:15,442 [INFO] CodeEngine:255 - oldGeneratedFile, /home/lars/Documents/STM32/DataLogger/MXTmpFiles/gpio.tmp_save
2024-04-04 12:20:15,532 [INFO] CodeEngine:279 - Generated code: /home/lars/Documents/STM32/DataLogger/MXTmpFiles/gpio.tmp
2024-04-04 12:20:15,607 [INFO] CodeEngine:255 - oldGeneratedFile, /home/lars/Documents/STM32/DataLogger/Core/Src/stm32l1xx_it.c_save
2024-04-04 12:20:15,680 [INFO] CodeEngine:279 - Generated code: /home/lars/Documents/STM32/DataLogger/Core/Src/stm32l1xx_it.c
2024-04-04 12:20:15,681 [INFO] CodeEngine:255 - oldGeneratedFile, /home/lars/Documents/STM32/DataLogger/Core/Inc/stm32l1xx_it.h_save
2024-04-04 12:20:15,732 [INFO] CodeEngine:279 - Generated code: /home/lars/Documents/STM32/DataLogger/Core/Inc/stm32l1xx_it.h
2024-04-04 12:20:15,735 [INFO] CodeEngine:255 - oldGeneratedFile, /home/lars/Documents/STM32/DataLogger/Core/Src/stm32l1xx_hal_msp.c_save
2024-04-04 12:20:15,856 [INFO] CodeEngine:279 - Generated code: /home/lars/Documents/STM32/DataLogger/Core/Src/stm32l1xx_hal_msp.c
2024-04-04 12:20:15,858 [INFO] CodeEngine:255 - oldGeneratedFile, /home/lars/Documents/STM32/DataLogger/MXTmpFiles/system.tmp_save
2024-04-04 12:20:15,929 [INFO] CodeEngine:279 - Generated code: /home/lars/Documents/STM32/DataLogger/MXTmpFiles/system.tmp
2024-04-04 12:20:15,932 [INFO] CodeEngine:311 - oldGeneratedFile, /home/lars/Documents/STM32/DataLogger/Core/Inc/stm32l1xx_hal_conf.h_save
2024-04-04 12:20:16,006 [INFO] CodeEngine:335 - Generated code: /home/lars/Documents/STM32/DataLogger/Core/Inc/stm32l1xx_hal_conf.h
2024-04-04 12:20:16,028 [INFO] CodeEngine:255 - oldGeneratedFile, /home/lars/Documents/STM32/DataLogger/Core/Inc/main.h_save
2024-04-04 12:20:16,097 [INFO] CodeEngine:279 - Generated code: /home/lars/Documents/STM32/DataLogger/Core/Inc/main.h
2024-04-04 12:20:16,099 [INFO] CodeEngine:255 - oldGeneratedFile, /home/lars/Documents/STM32/DataLogger/Core/Src/main.c_save
2024-04-04 12:20:16,242 [INFO] CodeEngine:279 - Generated code: /home/lars/Documents/STM32/DataLogger/Core/Src/main.c
2024-04-04 12:20:16,666 [INFO] ProjectBuilder:3076 - Time for Copy HAL[1] : 32mS.
2024-04-04 12:20:16,671 [INFO] ProjectBuilder:4485 - Project Generator version: 4.2.0-B44
2024-04-04 12:20:16,944 [INFO] ConfigFileManager:1495 - The Die is : DIE437
2024-04-04 12:20:16,956 [INFO] ApiDbMcu:508 - Load IP Config File for FATFS
2024-04-04 12:20:16,973 [INFO] ApiDbMcu:508 - Load IP Config File for FREERTOS
2024-04-04 12:20:17,058 [INFO] ApiDbMcu:508 - Load IP Config File for TOUCHSENSING
2024-04-04 12:20:17,072 [INFO] ApiDbMcu:508 - Load IP Config File for USB_DEVICE
2024-04-04 12:20:17,602 [INFO] LogOutputStream:77 - [STDOUT_REDIRECT] 
2024-04-04 12:20:18,208 [INFO] ProjectBuilder:4747 - Time for Generating toolchain IDE Files: 1536mS.
2024-04-04 12:20:18,208 [INFO] ProjectBuilder:2947 - Time for Copy CMSIS : 0mS.
2024-04-04 12:20:18,209 [INFO] ProjectBuilder:2947 - Time for Copy CMSIS : 0mS.
2024-04-04 12:23:34,110 [INFO] MainUpdater:2873 - connection check result : 10
2024-04-04 12:23:34,110 [INFO] MainUpdater:2873 - connection check result : 10
2024-04-04 12:23:34,126 [INFO] MicroXplorer:468 - Change Database Path : 
2024-04-04 12:23:34,126 [INFO] MicroXplorer:498 - Change Database Version : DB.6.0.100
2024-04-04 12:23:34,131 [ERROR] ProjectManagerView:394 - 
java.lang.NullPointerException: Cannot invoke "javax.swing.JTextField.getText()" because the return value of "java.util.List.get(int)" is null
	at com.st.microxplorer.plugins.projectmanager.gui.ProjectChoiceTab$10.caretUpdate(ProjectChoiceTab.java:2493) ~[filemanager.jar:?]
	at javax.swing.text.JTextComponent.fireCaretUpdate(JTextComponent.java:412) ~[?:?]
	at javax.swing.text.JTextComponent$MutableCaretEvent.fire(JTextComponent.java:4491) ~[?:?]
	at javax.swing.text.JTextComponent$MutableCaretEvent.stateChanged(JTextComponent.java:4513) ~[?:?]
	at javax.swing.text.DefaultCaret.fireStateChanged(DefaultCaret.java:842) ~[?:?]
	at javax.swing.text.DefaultCaret.changeCaretPosition(DefaultCaret.java:1313) ~[?:?]
	at javax.swing.text.DefaultCaret.handleSetDot(DefaultCaret.java:1212) ~[?:?]
	at javax.swing.text.DefaultCaret.setDot(DefaultCaret.java:1193) ~[?:?]
	at javax.swing.text.DefaultCaret$Handler.insertUpdate(DefaultCaret.java:1789) ~[?:?]
	at javax.swing.text.AbstractDocument.fireInsertUpdate(AbstractDocument.java:226) ~[?:?]
	at javax.swing.text.AbstractDocument.handleInsertString(AbstractDocument.java:780) ~[?:?]
	at javax.swing.text.AbstractDocument.insertString(AbstractDocument.java:739) ~[?:?]
	at javax.swing.text.PlainDocument.insertString(PlainDocument.java:131) ~[?:?]
	at javax.swing.text.AbstractDocument.replace(AbstractDocument.java:698) ~[?:?]
	at javax.swing.text.JTextComponent.setText(JTextComponent.java:1729) ~[?:?]
	at com.st.microxplorer.plugins.projectmanager.gui.ProjectChoiceTab.createHeapStackFields(ProjectChoiceTab.java:933) ~[filemanager.jar:?]
	at com.st.microxplorer.plugins.projectmanager.gui.ProjectChoiceTab.buildLinkSettingsPanel(ProjectChoiceTab.java:3426) ~[filemanager.jar:?]
	at com.st.microxplorer.plugins.projectmanager.gui.ProjectChoiceTab.defineWindowsFields(ProjectChoiceTab.java:1813) ~[filemanager.jar:?]
	at com.st.microxplorer.plugins.projectmanager.gui.ProjectChoiceTab.updateSettings(ProjectChoiceTab.java:533) ~[filemanager.jar:?]
	at com.st.microxplorer.plugins.projectmanager.gui.ProjectSettingsPanel.UpdateDialog(ProjectSettingsPanel.java:244) ~[filemanager.jar:?]
	at com.st.microxplorer.plugins.projectmanager.ProjectManagerView.propertyChange(ProjectManagerView.java:391) ~[filemanager.jar:?]
	at java.beans.PropertyChangeSupport.fire(PropertyChangeSupport.java:343) ~[?:?]
	at java.beans.PropertyChangeSupport.firePropertyChange(PropertyChangeSupport.java:335) ~[?:?]
	at java.beans.PropertyChangeSupport.firePropertyChange(PropertyChangeSupport.java:268) ~[?:?]
	at com.st.microxplorer.util.MXPropertyChangeSupport.firePropertyChange(MXPropertyChangeSupport.java:54) ~[STM32CubeMX.jar:?]
	at com.st.microxplorer.mxsystem.MxSystem.closeConfig(MxSystem.java:900) ~[STM32CubeMX.jar:?]
	at com.st.microxplorer.maingui.MainPanel.closeConfig(MainPanel.java:776) ~[STM32CubeMX.jar:?]
	at com.st.microxplorer.plugins.filemanager.engine.OpenFileManager.loadConfigurationFile(OpenFileManager.java:245) ~[filemanager.jar:?]
	at com.st.microxplorer.plugins.filemanager.engine.MainFileManager.userLoadConfig(MainFileManager.java:290) ~[filemanager.jar:?]
	at com.st.microxplorer.plugins.filemanager.FileManagerView.getSpecificTask(FileManagerView.java:247) ~[filemanager.jar:?]
	at com.st.stm32cube.common.mx.editor.CubeMxEditor.getMxTabbedPaneInstance(CubeMxEditor.java:1184) ~[com.st.stm32cube.common.mx_6.10.0.202311202037/:?]
	at com.st.stm32cube.common.mx.editor.CubeMxEditor$12$1.createSwingComponent(CubeMxEditor.java:1065) ~[com.st.stm32cube.common.mx_6.10.0.202311202037/:?]
	at com.st.stm32cube.common.mx.oss.core.awtswtbridge.EmbeddedSwingComposite.doComponentCreation(EmbeddedSwingComposite.java:492) ~[com.st.stm32cube.common.mx.oss_6.10.0.202311202037/:?]
	at com.st.stm32cube.common.mx.oss.core.awtswtbridge.EmbeddedSwingComposite$4.run(EmbeddedSwingComposite.java:291) ~[com.st.stm32cube.common.mx.oss_6.10.0.202311202037/:?]
	at com.st.stm32cube.common.mx.oss.core.awtswtbridge.AwtEnvironment$2.run(AwtEnvironment.java:166) ~[com.st.stm32cube.common.mx.oss_6.10.0.202311202037/:?]
	at java.awt.event.InvocationEvent.dispatch(InvocationEvent.java:318) ~[?:?]
	at java.awt.EventQueue.dispatchEventImpl(EventQueue.java:773) ~[?:?]
	at java.awt.EventQueue$4.run(EventQueue.java:720) ~[?:?]
	at java.awt.EventQueue$4.run(EventQueue.java:714) ~[?:?]
	at java.security.AccessController.doPrivileged(AccessController.java:399) ~[?:?]
	at java.security.ProtectionDomain$JavaSecurityAccessImpl.doIntersectionPrivilege(ProtectionDomain.java:86) ~[?:?]
	at java.awt.EventQueue.dispatchEvent(EventQueue.java:742) ~[?:?]
	at java.awt.EventDispatchThread.pumpOneEventForFilters(EventDispatchThread.java:203) ~[?:?]
	at java.awt.EventDispatchThread.pumpEventsForFilter(EventDispatchThread.java:124) ~[?:?]
	at java.awt.EventDispatchThread.pumpEventsForHierarchy(EventDispatchThread.java:113) ~[?:?]
	at java.awt.EventDispatchThread.pumpEvents(EventDispatchThread.java:109) ~[?:?]
	at java.awt.EventDispatchThread.pumpEvents(EventDispatchThread.java:101) ~[?:?]
	at java.awt.EventDispatchThread.run(EventDispatchThread.java:90) ~[?:?]
2024-04-04 12:23:34,137 [WARN] ThirdParty:871 - waiting for thirdparty lock release [close project]
2024-04-04 12:23:34,137 [INFO] ThirdParty:873 - entering critical section [close project]
2024-04-04 12:23:34,137 [INFO] ThirdParty:883 - exiting critical section [close project]
2024-04-04 12:23:34,138 [INFO] PinOutPanel:1499 - setPackage(No Configuration,No Configuration)
2024-04-04 12:23:34,140 [INFO] UtilMem:75 - Begin LoadConfig() Used Memory: 600194064 Bytes (947912704)
2024-04-04 12:23:34,140 [INFO] MicroXplorer:468 - Change Database Path : 
2024-04-04 12:23:34,140 [INFO] MicroXplorer:498 - Change Database Version : DB.6.0.100
2024-04-04 12:23:34,140 [INFO] OpenFileManager:312 - Change cursor
2024-04-04 12:23:34,149 [INFO] RulesReader:64 - Compatibility file has been processed (297 Rules)
2024-04-04 12:23:34,151 [INFO] Mcu:2016 - Initializing MCU STM32L152RETx STM32L152RETx STM32L152RET6
2024-04-04 12:23:34,661 [INFO] Context:659 - Trying to add GPIOservice into a context  which must be forbidden
2024-04-04 12:23:34,859 [INFO] RtosManager:555 - Registered RTOS mode: class=CMSIS, group=RTOS, mode=CMSIS_V1, owner=FREERTOS
2024-04-04 12:23:34,859 [INFO] RtosManager:555 - Registered RTOS mode: class=CMSIS, group=RTOS2, mode=CMSIS_V2, owner=FREERTOS
2024-04-04 12:23:34,859 [INFO] RtosManager:555 - Registered RTOS mode: class=RTOS, group=Core, mode=CMSIS_V1, owner=FREERTOS
2024-04-04 12:23:34,859 [INFO] RtosManager:555 - Registered RTOS mode: class=RTOS, group=Core, mode=CMSIS_V2, owner=FREERTOS
2024-04-04 12:23:34,859 [WARN] ModelIntegratedComponent:184 - Missing modes for component STMicroelectronics:FreeRTOS:0.0.1:STMicroelectronics:RTOS:FreeRTOS:Core:::10.2.0:
2024-04-04 12:23:34,864 [WARN] ModelIntegratedComponent:63 - No mode defined for component null
2024-04-04 12:23:34,864 [WARN] ModelIntegratedComponent:63 - No mode defined for component null
2024-04-04 12:23:34,864 [WARN] ModelIntegratedComponent:63 - No mode defined for component null
2024-04-04 12:23:34,864 [WARN] ModelIntegratedComponent:63 - No mode defined for component null
2024-04-04 12:23:34,864 [WARN] ModelIntegratedComponent:63 - No mode defined for component null
2024-04-04 12:23:34,864 [WARN] ModelIntegratedComponent:63 - No mode defined for component null
2024-04-04 12:23:34,864 [WARN] ModelIntegratedComponent:63 - No mode defined for component null
2024-04-04 12:23:34,864 [WARN] ModelIntegratedComponent:63 - No mode defined for component null
2024-04-04 12:23:34,864 [WARN] ModelIntegratedComponent:63 - No mode defined for component null
2024-04-04 12:23:34,864 [WARN] ModelIntegratedComponent:63 - No mode defined for component null
2024-04-04 12:23:34,865 [WARN] ModelIntegratedComponent:63 - No mode defined for component null
2024-04-04 12:23:34,865 [WARN] ModelIntegratedComponent:63 - No mode defined for component null
2024-04-04 12:23:34,865 [WARN] ModelIntegratedComponent:63 - No mode defined for component null
2024-04-04 12:23:34,865 [WARN] ModelIntegratedComponent:63 - No mode defined for component null
2024-04-04 12:23:34,865 [WARN] ModelIntegratedComponent:63 - No mode defined for component null
2024-04-04 12:23:34,865 [WARN] ModelIntegratedComponent:63 - No mode defined for component null
2024-04-04 12:23:34,865 [WARN] ModelIntegratedComponent:63 - No mode defined for component null
2024-04-04 12:23:34,865 [WARN] ModelIntegratedComponent:63 - No mode defined for component null
2024-04-04 12:23:34,865 [WARN] ModelIntegratedComponent:63 - No mode defined for component null
2024-04-04 12:23:34,865 [WARN] ModelIntegratedComponent:63 - No mode defined for component null
2024-04-04 12:23:34,865 [WARN] ModelIntegratedComponent:63 - No mode defined for component null
2024-04-04 12:23:34,865 [WARN] ModelIntegratedComponent:63 - No mode defined for component null
2024-04-04 12:23:34,865 [WARN] ModelIntegratedComponent:63 - No mode defined for component null
2024-04-04 12:23:34,865 [WARN] ModelIntegratedComponent:63 - No mode defined for component null
2024-04-04 12:23:34,865 [WARN] ModelIntegratedComponent:63 - No mode defined for component null
2024-04-04 12:23:34,865 [WARN] ModelIntegratedComponent:63 - No mode defined for component null
2024-04-04 12:23:34,865 [WARN] ModelIntegratedComponent:63 - No mode defined for component null
2024-04-04 12:23:34,865 [WARN] ModelIntegratedComponent:63 - No mode defined for component null
2024-04-04 12:23:34,865 [WARN] ModelIntegratedComponent:63 - No mode defined for component null
2024-04-04 12:23:34,865 [WARN] ModelIntegratedComponent:63 - No mode defined for component null
2024-04-04 12:23:34,865 [WARN] ModelIntegratedComponent:63 - No mode defined for component null
2024-04-04 12:23:34,865 [WARN] ModelIntegratedComponent:63 - No mode defined for component null
2024-04-04 12:23:34,865 [WARN] ModelIntegratedComponent:63 - No mode defined for component null
2024-04-04 12:23:34,921 [INFO] ThirdPartyModel:298 - Start build external matchings
2024-04-04 12:23:35,116 [INFO] ThirdPartyModel:316 - End build external matchings
2024-04-04 12:23:35,125 [INFO] ImportTextPane:194 - (OptionalMessage_ERROR) IP (RCC) : Invalid parameter (FamilyName)
2024-04-04 12:23:35,125 [INFO] ImportTextPane:194 - (OptionalMessage_ERROR) IP (RCC) : Parameter (RTCHSEDivFreq_Value) has invalid value (4000000)
2024-04-04 12:23:35,125 [INFO] ImportTextPane:194 - (OptionalMessage_ERROR) IP (RCC) : Invalid parameter (TIMFreq_Value)
2024-04-04 12:23:35,125 [INFO] ImportTextPane:194 - (OptionalMessage_ERROR) IP (RCC) : Invalid parameter (USBOutput)
2024-04-04 12:23:35,203 [INFO] ApiDb:668 - CubeFinder database Data Model version=2.1
2024-04-04 12:23:35,203 [INFO] ApiDb:669 - CubeFinder database Configuration version=3.0.39
2024-04-04 12:23:35,203 [INFO] ApiDb:670 - CubeFinder database generation date=2024-03-25 (1711369621)
2024-04-04 12:23:35,203 [INFO] ApiDb:671 - CubeFinder database FW Pack versions=[FP-ATR-ASTRA1_V2.0.0, FP-SNS-FLIGHT1_V5.0.1, FP-SNS-FLIGHT1_V5.0.2, FP-SNS-MOTENV1_V4.3.1, FP-SNS-MOTENV1_V4.3.2, FP-SNS-MOTENVWB1_V1.3.1, FP-SNS-SMARTAG2_V1.2.0, STM32Cube_FW_C0_V1.1.0, STM32Cube_FW_F4_V1.28.0, STM32Cube_FW_F7_V1.17.0, STM32Cube_FW_G0_V1.6.2, STM32Cube_FW_G4_V1.5.2, STM32Cube_FW_H5_V0.5.1, STM32Cube_FW_H5_V1.1.1, STM32Cube_FW_H5_V1.2.0, STM32Cube_FW_H5_V1.2.0RC4, STM32Cube_FW_H7RS_V1.0.0, STM32Cube_FW_H7RS_V1.0.0RC4, STM32Cube_FW_H7_V1.11.0, STM32Cube_FW_L0_V1.12.2, STM32Cube_FW_L5_V1.5.1, STM32Cube_FW_U0_V1.0.0, STM32Cube_FW_U0_V1.0.0RC1, STM32Cube_FW_U5_V1.3.0RC4, STM32Cube_FW_U5_V1.5.0, STM32Cube_FW_U5_V1.5.0RC1, STM32Cube_FW_WBA_V1.0.0RC1, STM32Cube_FW_WBA_V1.2.0, STM32Cube_FW_WBA_V1.2.0RC2, STM32Cube_FW_WBA_V1.3.0, STM32Cube_FW_WBA_V1.3.0RC1, STM32Cube_FW_WB_V1.15.0RC1, STM32Cube_FW_WB_V1.16.0, STM32Cube_FW_WB_V1.16.0RC2, STM32Cube_FW_WB_V1.18.0, STM32Cube_FW_WB_V1.19.0, STM32Cube_FW_WL_V1.3.0, X-CUBE-ALGOBUILD_V1.3.0, X-CUBE-ALS_V1.0.1, X-CUBE-AZRTOS-F4_V1.1.0, X-CUBE-AZRTOS-F7_V1.1.0, X-CUBE-AZRTOS-G0_V1.1.0, X-CUBE-AZRTOS-G4_V2.0.0, X-CUBE-AZRTOS-H7_V3.2.0, X-CUBE-AZRTOS-L4_V1.0.0, X-CUBE-AZRTOS-L4_V2.0.0, X-CUBE-AZRTOS-L5_V1.1.0, X-CUBE-AZRTOS-WB_V2.0.0, X-CUBE-AZRTOS-WL_V2.0.0, X-CUBE-BLE1_V7.0.0, X-CUBE-BLE2_V3.3.0, X-CUBE-BLEMGR_V3.1.0, X-CUBE-EEPRMA1_V4.1.0, X-CUBE-EEPRMA1_V5.1.0, X-CUBE-FREERTOS_V1.1.0, X-CUBE-GNSS1_V6.0.0, X-CUBE-MEMS1_V10.0.0, X-CUBE-MEMS1_V9.1.0, X-CUBE-MEMS1_V9.4.0, X-CUBE-MEMS1_V9.6.0, X-CUBE-NFC4_V3.0.0, X-CUBE-NFC7_V1.0.1, X-CUBE-SFXS2LP1_V4.0.0, X-CUBE-SUBG2_V5.0.0, X-CUBE-TOF1_V3.4.0]
2024-04-04 12:23:35,247 [INFO] DbBoardsSqlite:226 - include board P-NUCLEO-WB55-NUCLEO as a kit item of type 'Nucleo-64'
2024-04-04 12:23:35,247 [INFO] DbBoardsSqlite:226 - include board P-NUCLEO-WB55-USBDONGLE as a kit item of type 'Nucleo USB Dongle'
2024-04-04 12:23:35,247 [INFO] DbBoardsSqlite:226 - include board STEVAL-IDP005V1 as a kit item of type 'Evaluation Board'
2024-04-04 12:23:35,248 [INFO] DbBoardsSqlite:226 - include board STEVAL-IDP005V2 as a kit item of type 'Evaluation Board'
2024-04-04 12:23:35,310 [INFO] ApiDb:240 - Found 371 in-development CPN: [B-G473E-ZEST1S, B-WB1M-WPAN1, B-WL5M-SUBG1, NUCLEO-C031C6, NUCLEO-H503RB, NUCLEO-H563ZI, NUCLEO-U545RE-Q, NUCLEO-U5A5ZJ-Q, NUCLEO-WBA52CG, NUCLEO-WBA55CG, STEVAL-MKBOXPRO, STEVAL-PROTEUS1, STEVAL-STWINBX1, STM320518-EVAL, STM32C0116-DK, STM32C011D6Y3TR, STM32C011D6Y6TR, STM32C011F4P3, STM32C011F4P6, STM32C011F4U3, STM32C011F4U6TR, STM32C011F6P3, STM32C011F6P6, STM32C011F6U3, STM32C011F6U6TR, STM32C011J4M3, STM32C011J4M6, STM32C011J6M3, STM32C011J6M6, STM32C0316-DK, STM32C031C4T3, STM32C031C4T6, STM32C031C4U3, STM32C031C4U6, STM32C031C6T3, STM32C031C6T6, STM32C031C6U3, STM32C031C6U6, STM32C031F4P3, STM32C031F4P6, STM32C031F6P3, STM32C031F6P6, STM32C031G4U3, STM32C031G4U6, STM32C031G6U3, STM32C031G6U6, STM32C031K4T3, STM32C031K4T6, STM32C031K4U3, STM32C031K4U6, STM32C031K6T3, STM32C031K6T6, STM32C031K6U3, STM32C031K6U6, STM32G071K8TXN, STM32G071K8UXN, STM32G081GBU6N, STM32G081KBT6N, STM32G081KBUXN, STM32G0B1CCT6N, STM32G0B1KCT6, STM32G0B1NEY6TR, STM32G0B1RCT6N, STM32G0C1CCT6, STM32G0C1CCT6N, STM32G0C1CCU6N, STM32G0C1CET6N, STM32G0C1CEU6N, STM32G0C1KCT6, STM32G0C1NEY6TR, STM32G0C1RCI6N, STM32G0C1RCT6N, STM32G0C1REI6N, STM32G0C1RET6N, STM32G0C1VCI6, STM32G0C1VEI6, STM32G471CCT6, STM32G471CCU6, STM32G471CET3, STM32G471CET6, STM32G471CEU3, STM32G471CEU6, STM32G471MCT6, STM32G471MET3, STM32G471MET6, STM32G471MEY6TR, STM32G471QCT6, STM32G471QET3, STM32G471RCT6, STM32G471RET3, STM32G471RET6, STM32G471VCH6, STM32G471VCI6, STM32G471VCT6, STM32G471VEH3, STM32G471VEH6, STM32G471VEI3, STM32G471VEI6, STM32G471VET3, STM32G471VET6, STM32G474CCT6, STM32H503CBT6, STM32H503CBU6, STM32H503EBY6TR, STM32H503KBU6, STM32H503RBT6, STM32H562AGI6, STM32H562AII6, STM32H562IGK6, STM32H562IGT6, STM32H562IIK6, STM32H562IIT6, STM32H562RGT6, STM32H562RGV6, STM32H562RIT6, STM32H562RIV6, STM32H562VGT6, STM32H562VIT6, STM32H562ZGT6, STM32H562ZIT6, STM32H563AGI6, STM32H563AII3Q, STM32H563AII6, STM32H563IGK6, STM32H563IGT6, STM32H563IIK3Q, STM32H563IIK6, STM32H563IIT3Q, STM32H563IIT6, STM32H563MIY3QTR, STM32H563RGT6, STM32H563RGV6, STM32H563RIT6, STM32H563RIV6, STM32H563VGT6, STM32H563VIT3Q, STM32H563VIT6, STM32H563ZGT6, STM32H563ZIT3Q, STM32H563ZIT6, STM32H573AII3Q, STM32H573AII6, STM32H573I-DK, STM32H573IIK3Q, STM32H573IIK6, STM32H573IIT3Q, STM32H573IIT6, STM32H573MIY3QTR, STM32H573RIT6, STM32H573RIV6, STM32H573VIT3Q, STM32H573VIT6, STM32H573ZIT3Q, STM32H573ZIT6, STM32L4R5QGI6STR, STM32MP131AAE3, STM32MP131AAF3, STM32MP131AAG3, STM32MP131CAE3, STM32MP131CAF3, STM32MP131CAG3, STM32MP131DAE7, STM32MP131DAF7, STM32MP131DAG7, STM32MP131FAE7, STM32MP131FAF7, STM32MP131FAG7, STM32MP133AAE3, STM32MP133AAF3, STM32MP133AAG3, STM32MP133CAE3, STM32MP133CAF3, STM32MP133CAG3, STM32MP133DAE7, STM32MP133DAF7, STM32MP133DAG7, STM32MP133FAE7, STM32MP133FAF7, STM32MP133FAG7, STM32MP135AAE3, STM32MP135AAF3, STM32MP135AAG3, STM32MP135CAE3, STM32MP135CAF3, STM32MP135CAG3, STM32MP135DAE7, STM32MP135DAF7, STM32MP135DAG7, STM32MP135F-DK, STM32MP135FAE7, STM32MP135FAF7, STM32MP135FAF7T, STM32MP135FAF7U, STM32MP135FAG7, STM32U535CBT6, STM32U535CBT6Q, STM32U535CBU6, STM32U535CBU6Q, STM32U535CCT6, STM32U535CCT6Q, STM32U535CCU6, STM32U535CCU6Q, STM32U535CET6, STM32U535CET6Q, STM32U535CEU6, STM32U535CEU6Q, STM32U535JEY6QTR, STM32U535NCY6QTR, STM32U535NEY6QTR, STM32U535RBI6, STM32U535RBI6Q, STM32U535RBT6, STM32U535RBT6Q, STM32U535RCI6, STM32U535RCI6Q, STM32U535RCT6, STM32U535RCT6Q, STM32U535REI6, STM32U535REI6Q, STM32U535RET6, STM32U535RET6Q, STM32U535VCI6, STM32U535VCI6Q, STM32U535VCT6, STM32U535VCT6Q, STM32U535VEI6, STM32U535VEI6Q, STM32U535VET6, STM32U535VET6Q, STM32U545CET6, STM32U545CET6Q, STM32U545CEU6, STM32U545CEU6Q, STM32U545JEY6QTR, STM32U545NEY6QTR, STM32U545REI6, STM32U545REI6Q, STM32U545RET6, STM32U545RET6Q, STM32U545VEI6, STM32U545VEI6Q, STM32U545VET6, STM32U545VET6Q, STM32U595AIH6, STM32U595AIH6Q, STM32U595AJH6, STM32U595AJH6Q, STM32U595QII6, STM32U595QII6Q, STM32U595QJI6, STM32U595QJI6Q, STM32U595RIT6, STM32U595RIT6Q, STM32U595RJT6, STM32U595RJT6Q, STM32U595VIT6, STM32U595VIT6Q, STM32U595VJT6, STM32U595VJT6Q, STM32U595ZIT6, STM32U595ZIT6Q, STM32U595ZIY6QTR, STM32U595ZJT6, STM32U595ZJT6Q, STM32U595ZJY6QTR, STM32U599BJY6QTR, STM32U599NIH6Q, STM32U599NJH6Q, STM32U599VIT6Q, STM32U599VJT6, STM32U599VJT6Q, STM32U599ZIT6Q, STM32U599ZIY6QTR, STM32U599ZJT6Q, STM32U599ZJY6QTR, STM32U5A5AJH6, STM32U5A5AJH6Q, STM32U5A5QJI6, STM32U5A5QJI6Q, STM32U5A5RJT6, STM32U5A5RJT6Q, STM32U5A5VJT6, STM32U5A5VJT6Q, STM32U5A5ZJT6, STM32U5A5ZJT6Q, STM32U5A5ZJY6QTR, STM32U5A9BJY6QTR, STM32U5A9J-DK, STM32U5A9NJH6Q, STM32U5A9VJT6Q, STM32U5A9ZJT6Q, STM32U5A9ZJY6QTR, STM32U5F7VIT6, STM32U5F7VIT6Q, STM32U5F7VJT6, STM32U5F7VJT6Q, STM32U5F9BJY6QTR, STM32U5F9NJH6Q, STM32U5F9VIT6Q, STM32U5F9VJT6Q, STM32U5F9ZIJ6QTR, STM32U5F9ZIT6Q, STM32U5F9ZJJ6QTR, STM32U5F9ZJT6Q, STM32U5G7VJT6, STM32U5G7VJT6Q, STM32U5G9BJY6QTR, STM32U5G9J-DK1, STM32U5G9J-DK2, STM32U5G9NJH6Q, STM32U5G9VJT6Q, STM32U5G9ZJJ6QTR, STM32U5G9ZJT6Q, STM32WB1MMCH6, STM32WBA50KEU6, STM32WBA50KEU6TR, STM32WBA50KGU6, STM32WBA50KGU6TR, STM32WBA52CEU6, STM32WBA52CEU6TR, STM32WBA52CEU7, STM32WBA52CEU7TR, STM32WBA52CGU6, STM32WBA52CGU6TR, STM32WBA52CGU6U, STM32WBA52CGU7, STM32WBA52CGU7TR, STM32WBA52KEU6, STM32WBA52KEU6TR, STM32WBA52KGU6, STM32WBA52KGU6TR, STM32WBA54CEU6, STM32WBA54CEU6TR, STM32WBA54CEU7, STM32WBA54CEU7TR, STM32WBA54CGU6, STM32WBA54CGU6TR, STM32WBA54CGU7, STM32WBA54CGU7TR, STM32WBA54KEU6, STM32WBA54KEU6TR, STM32WBA54KEU7, STM32WBA54KEU7TR, STM32WBA54KGU6, STM32WBA54KGU6TR, STM32WBA54KGU7, STM32WBA54KGU7TR, STM32WBA55CEU6, STM32WBA55CEU6TR, STM32WBA55CEU7, STM32WBA55CEU7TR, STM32WBA55CGU6, STM32WBA55CGU6TR, STM32WBA55CGU6U, STM32WBA55CGU7, STM32WBA55CGU7TR, STM32WBA55G-DK1, STM32WBA55HEF6, STM32WBA55HEF7, STM32WBA55HGF6, STM32WBA55HGF7, STM32WBA55UEI6, STM32WBA55UEI6TR, STM32WBA55UEI7, STM32WBA55UEI7TR, STM32WBA55UGI6, STM32WBA55UGI6TR, STM32WBA55UGI7, STM32WBA55UGI7TR, STM32WL5MOCH6, STM32WL5MOCH6TR]
2024-04-04 12:23:35,357 [INFO] BoardInfo:889 - No configuration file found for board NUCLEO-H7S3L8
2024-04-04 12:23:35,357 [INFO] DbBoards:161 - Board is not supported: NUCLEO-H7S3L8
2024-04-04 12:23:35,369 [INFO] BoardInfo:889 - No configuration file found for board NUCLEO-U031R8
2024-04-04 12:23:35,369 [INFO] DbBoards:161 - Board is not supported: NUCLEO-U031R8
2024-04-04 12:23:35,370 [INFO] BoardInfo:889 - No configuration file found for board NUCLEO-U083RC
2024-04-04 12:23:35,370 [INFO] DbBoards:161 - Board is not supported: NUCLEO-U083RC
2024-04-04 12:23:35,376 [INFO] BoardInfo:889 - No configuration file found for board P-NUCLEO-WB55
2024-04-04 12:23:35,376 [INFO] DbBoards:161 - Kit is not supported: P-NUCLEO-WB55
2024-04-04 12:23:35,378 [INFO] BoardInfo:889 - No configuration file found for board STEVAL-BFA001V1B
2024-04-04 12:23:35,378 [INFO] DbBoards:161 - Kit is not supported: STEVAL-BFA001V1B
2024-04-04 12:23:35,379 [INFO] BoardInfo:889 - No configuration file found for board STEVAL-BFA001V2B
2024-04-04 12:23:35,379 [INFO] DbBoards:161 - Kit is not supported: STEVAL-BFA001V2B
2024-04-04 12:23:35,421 [INFO] BoardInfo:889 - No configuration file found for board STM32H7S78-DK
2024-04-04 12:23:35,421 [INFO] DbBoards:161 - Board is not supported: STM32H7S78-DK
2024-04-04 12:23:35,436 [INFO] BoardInfo:889 - No configuration file found for board STM32U083C-DK
2024-04-04 12:23:35,436 [INFO] DbBoards:161 - Board is not supported: STM32U083C-DK
2024-04-04 12:23:35,440 [INFO] DbBoards:168 - Found 198 boards, 190 are supported
2024-04-04 12:23:35,440 [INFO] DbBoards:169 - Found 198 boards, 3 of them is supported for  Bsp
2024-04-04 12:23:35,442 [INFO] ApiDb:423 - Load user favorites file /home/lars/.stm32cubeide/favorites.boards.txt: 1 item(s)
2024-04-04 12:23:35,443 [INFO] ApiDb:427 - User favorites Boards=[NUCLEO-L152RE]
2024-04-04 12:23:35,443 [INFO] DbBoards:198 - Set 1 / 1 favorites Boards
2024-04-04 12:23:35,479 [INFO] UtilMem:75 - End LoadConfig() Used Memory: 643465800 Bytes (947912704)
2024-04-04 12:23:35,486 [INFO] MicroXplorer:468 - Change Database Path : 
2024-04-04 12:23:35,486 [INFO] MicroXplorer:498 - Change Database Version : DB.6.0.100
2024-04-04 12:23:35,486 [WARN] ThirdParty:833 - waiting for thirdparty lock release [change project]
2024-04-04 12:23:35,486 [INFO] ThirdParty:835 - entering critical section [change project]
2024-04-04 12:23:35,486 [INFO] ThirdParty:1030 - CMSIS Pack Vendor :STMicroelectronics USBPD 4.1
2024-04-04 12:23:35,486 [INFO] ThirdParty:1030 - CMSIS Pack Vendor :STMicroelectronics X-CUBE-GNSS1 6.0.0
2024-04-04 12:23:35,487 [INFO] ThirdParty:1030 - CMSIS Pack Vendor :STMicroelectronics USB_HOST 2.0.0
2024-04-04 12:23:35,487 [INFO] ThirdParty:1030 - CMSIS Pack Vendor :STMicroelectronics X-CUBE-AZRTOS-F4 1.1.0
2024-04-04 12:23:35,487 [INFO] ThirdParty:1030 - CMSIS Pack Vendor :STMicroelectronics LIBJPEG 8.0.0
2024-04-04 12:23:35,487 [INFO] ThirdParty:1030 - CMSIS Pack Vendor :STMicroelectronics X-CUBE-SMBUS 2.1.0
2024-04-04 12:23:35,487 [INFO] ThirdParty:1030 - CMSIS Pack Vendor :STMicroelectronics USB_DEVICE 3.0.0
2024-04-04 12:23:35,487 [INFO] ThirdParty:1030 - CMSIS Pack Vendor :STMicroelectronics X-CUBE-AZRTOS-WB 2.0.0
2024-04-04 12:23:35,487 [INFO] ThirdParty:1030 - CMSIS Pack Vendor :wolfSSL I-CUBE-wolfSSL 5.6.6
2024-04-04 12:23:35,487 [INFO] ThirdParty:1030 - CMSIS Pack Vendor :STMicroelectronics X-CUBE-TOUCHGFX 4.23.1
2024-04-04 12:23:35,487 [INFO] ThirdParty:1030 - CMSIS Pack Vendor :STMicroelectronics X-CUBE-TOUCHGFX 4.23.0
2024-04-04 12:23:35,487 [INFO] ThirdParty:1030 - CMSIS Pack Vendor :STMicroelectronics X-CUBE-AZRTOS-F7 1.1.0
2024-04-04 12:23:35,487 [INFO] ThirdParty:1030 - CMSIS Pack Vendor :STMicroelectronics X-CUBE-AZRTOS-L5 2.0.0
2024-04-04 12:23:35,487 [INFO] ThirdParty:1030 - CMSIS Pack Vendor :STMicroelectronics USB_DEVICE 2.0.0
2024-04-04 12:23:35,487 [INFO] ThirdParty:1030 - CMSIS Pack Vendor :STMicroelectronics X-CUBE-NFC6 3.1.0
2024-04-04 12:23:35,487 [INFO] ThirdParty:1030 - CMSIS Pack Vendor :ITTIA_DB I-CUBE-ITTIADB 8.8.0
2024-04-04 12:23:35,487 [INFO] ThirdParty:1030 - CMSIS Pack Vendor :STMicroelectronics FP-SNS-MOTENV1 4.3.2
2024-04-04 12:23:35,487 [INFO] ThirdParty:1030 - CMSIS Pack Vendor :STMicroelectronics X-CUBE-ALGOBUILD 1.3.0
2024-04-04 12:23:35,487 [INFO] ThirdParty:1030 - CMSIS Pack Vendor :STMicroelectronics FreeRTOS 0.0.1
2024-04-04 12:23:35,487 [INFO] ThirdParty:1030 - CMSIS Pack Vendor :STMicroelectronics X-CUBE-AZRTOS-G0 1.1.0
2024-04-04 12:23:35,487 [INFO] ThirdParty:1030 - CMSIS Pack Vendor :STMicroelectronics X-CUBE-SAFEA1 1.2.2
2024-04-04 12:23:35,487 [INFO] ThirdParty:1030 - CMSIS Pack Vendor :STMicroelectronics X-CUBE-NFC4 3.0.0
2024-04-04 12:23:35,487 [INFO] ThirdParty:1030 - CMSIS Pack Vendor :STMicroelectronics X-CUBE-SUBG2 5.0.0
2024-04-04 12:23:35,487 [INFO] ThirdParty:1030 - CMSIS Pack Vendor :STMicroelectronics STM32_WPAN 1.0.0
2024-04-04 12:23:35,487 [INFO] ThirdParty:1030 - CMSIS Pack Vendor :STMicroelectronics lwIP 2.0.3
2024-04-04 12:23:35,487 [INFO] ThirdParty:1030 - CMSIS Pack Vendor :STMicroelectronics FP-SNS-FLIGHT1 5.0.2
2024-04-04 12:23:35,487 [INFO] ThirdParty:1030 - CMSIS Pack Vendor :STMicroelectronics USB_HOST 1.0.0
2024-04-04 12:23:35,487 [INFO] ThirdParty:1030 - CMSIS Pack Vendor :STMicroelectronics X-CUBE-AZRTOS-G4 2.0.0
2024-04-04 12:23:35,487 [INFO] ThirdParty:1030 - CMSIS Pack Vendor :STMicroelectronics PDM2PCM 3.1.0
2024-04-04 12:23:35,487 [INFO] ThirdParty:1030 - CMSIS Pack Vendor :Infineon AIROC-Wi-Fi-Bluetooth-STM32 1.5.1
2024-04-04 12:23:35,487 [INFO] ThirdParty:1030 - CMSIS Pack Vendor :STMicroelectronics PDM2PCM 3.3.0
2024-04-04 12:23:35,487 [INFO] ThirdParty:1030 - CMSIS Pack Vendor :STMicroelectronics X-CUBE-DISPLAY 3.0.0
2024-04-04 12:23:35,487 [INFO] ThirdParty:1030 - CMSIS Pack Vendor :STMicroelectronics FP-SNS-MOTENVWB1 1.3.1
2024-04-04 12:23:35,487 [INFO] ThirdParty:1030 - CMSIS Pack Vendor :STMicroelectronics X-CUBE-BLE1 7.0.0
2024-04-04 12:23:35,487 [INFO] ThirdParty:1030 - CMSIS Pack Vendor :STMicroelectronics FP-ATR-SIGFOX1 3.2.0
2024-04-04 12:23:35,487 [INFO] ThirdParty:1030 - CMSIS Pack Vendor :STMicroelectronics X-CUBE-ISPU 2.0.0
2024-04-04 12:23:35,488 [INFO] ThirdParty:1030 - CMSIS Pack Vendor :STMicroelectronics X-CUBE-EEPRMA1 5.1.0
2024-04-04 12:23:35,488 [INFO] ThirdParty:1030 - CMSIS Pack Vendor :STMicroelectronics HAL Drivers 0.0.0
2024-04-04 12:23:35,488 [INFO] ThirdParty:1030 - CMSIS Pack Vendor :STMicroelectronics MBEDTLS 2.16.2
2024-04-04 12:23:35,488 [INFO] ThirdParty:1030 - CMSIS Pack Vendor :emotas I-CUBE-CANOPEN 1.3.0
2024-04-04 12:23:35,488 [INFO] ThirdParty:1030 - CMSIS Pack Vendor :STMicroelectronics X-CUBE-MEMS1 10.0.0
2024-04-04 12:23:35,488 [INFO] ThirdParty:1030 - CMSIS Pack Vendor :STMicroelectronics X-CUBE-FREERTOS 1.1.0
2024-04-04 12:23:35,488 [INFO] ThirdParty:1030 - CMSIS Pack Vendor :STMicroelectronics X-CUBE-NFC7 1.0.1
2024-04-04 12:23:35,488 [INFO] ThirdParty:1030 - CMSIS Pack Vendor :STMicroelectronics MBEDTLS 2.14.1
2024-04-04 12:23:35,488 [INFO] ThirdParty:1030 - CMSIS Pack Vendor :STMicroelectronics X-CUBE-NFC6 3.0.0
2024-04-04 12:23:35,488 [INFO] ThirdParty:1030 - CMSIS Pack Vendor :portGmbH I-Cube-SoM-uGOAL 1.1.0
2024-04-04 12:23:35,488 [INFO] ThirdParty:1030 - CMSIS Pack Vendor :STMicroelectronics X-CUBE-ALS 1.0.1
2024-04-04 12:23:35,488 [INFO] ThirdParty:1030 - CMSIS Pack Vendor :STMicroelectronics X-CUBE-BLEMGR 3.1.0
2024-04-04 12:23:35,488 [INFO] ThirdParty:1030 - CMSIS Pack Vendor :STMicroelectronics ThreadX 1.0.0
2024-04-04 12:23:35,488 [INFO] ThirdParty:1030 - CMSIS Pack Vendor :STMicroelectronics FP-SNS-SMARTAG2 1.2.0
2024-04-04 12:23:35,488 [INFO] ThirdParty:1030 - CMSIS Pack Vendor :STMicroelectronics X-CUBE-AZRTOS-WL 2.0.0
2024-04-04 12:23:35,488 [INFO] ThirdParty:1030 - CMSIS Pack Vendor :SEGGER I-CUBE-embOS 1.3.1
2024-04-04 12:23:35,488 [INFO] ThirdParty:1030 - CMSIS Pack Vendor :STMicroelectronics FP-SNS-MOTENV1 5.0.0
2024-04-04 12:23:35,488 [INFO] ThirdParty:1030 - CMSIS Pack Vendor :STMicroelectronics USB_DEVICE 1.0.0
2024-04-04 12:23:35,488 [INFO] ThirdParty:1030 - CMSIS Pack Vendor :STMicroelectronics X-CUBE-AI 8.1.0
2024-04-04 12:23:35,488 [INFO] ThirdParty:1030 - CMSIS Pack Vendor :STMicroelectronics X-CUBE-AZRTOS-L4 2.0.0
2024-04-04 12:23:35,488 [INFO] ThirdParty:1030 - CMSIS Pack Vendor :STMicroelectronics ThreadX 0.0.2
2024-04-04 12:23:35,488 [INFO] ThirdParty:1030 - CMSIS Pack Vendor :WES I-CUBE-Cesium 1.3.0
2024-04-04 12:23:35,488 [INFO] ThirdParty:1030 - CMSIS Pack Vendor :STMicroelectronics FP-ATR-ASTRA1 2.0.0
2024-04-04 12:23:35,488 [INFO] ThirdParty:1030 - CMSIS Pack Vendor :STMicroelectronics lwIP 2.1.2
2024-04-04 12:23:35,488 [INFO] ThirdParty:1030 - CMSIS Pack Vendor :STMicroelectronics X-CUBE-SFXS2LP1 4.0.0
2024-04-04 12:23:35,488 [INFO] ThirdParty:1030 - CMSIS Pack Vendor :STMicroelectronics X-CUBE-BLE2 3.3.0
2024-04-04 12:23:35,488 [INFO] ThirdParty:1030 - CMSIS Pack Vendor :STMicroelectronics X-CUBE-TOF1 3.4.0
2024-04-04 12:23:35,488 [INFO] ThirdParty:1030 - CMSIS Pack Vendor :STMicroelectronics X-CUBE-TOF1 3.4.1
2024-04-04 12:23:35,488 [INFO] ThirdParty:1030 - CMSIS Pack Vendor :STMicroelectronics X-CUBE-AZRTOS-H7 3.2.0
2024-04-04 12:23:35,488 [INFO] ThirdParty:1030 - CMSIS Pack Vendor :STMicroelectronics PDM2PCM 3.2.0
2024-04-04 12:23:35,488 [INFO] ThirdParty:841 - exiting critical section [change project]
2024-04-04 12:23:35,661 [INFO] PinOutPanel:1499 - setPackage(No Configuration,No Configuration)
2024-04-04 12:23:35,661 [INFO] PinOutPanel:1499 - setPackage(STM32L152RETx,LQFP64)
2024-04-04 12:23:35,882 [INFO] UtilMem:75 - Before build in PCC Used Memory: 364804800 Bytes (947912704)
2024-04-04 12:23:36,026 [INFO] UtilMem:75 - After build in PCC Used Memory: 413039312 Bytes (947912704)
2024-04-04 12:23:36,038 [INFO] IPUIPlugin:80 - create IPUIPlugin
2024-04-04 12:23:36,038 [INFO] IPUIPlugin:80 - create IPUIPlugin
2024-04-04 12:23:36,038 [INFO] IPUIPlugin:80 - create IPUIPlugin
2024-04-04 12:23:36,038 [INFO] IPUIPlugin:80 - create IPUIPlugin
2024-04-04 12:23:36,038 [INFO] IPUIPlugin:80 - create IPUIPlugin
2024-04-04 12:23:36,038 [INFO] IPUIPlugin:80 - create IPUIPlugin
2024-04-04 12:23:36,038 [INFO] IPUIPlugin:80 - create IPUIPlugin
2024-04-04 12:23:36,038 [INFO] IPUIPlugin:80 - create IPUIPlugin
2024-04-04 12:23:36,038 [INFO] IPUIPlugin:80 - create IPUIPlugin
2024-04-04 12:23:36,038 [INFO] IPUIPlugin:80 - create IPUIPlugin
2024-04-04 12:23:36,039 [INFO] IPUIPlugin:80 - create IPUIPlugin
2024-04-04 12:23:36,039 [INFO] IPUIPlugin:80 - create IPUIPlugin
2024-04-04 12:23:36,039 [INFO] IPUIPlugin:80 - create IPUIPlugin
2024-04-04 12:23:36,039 [INFO] IPUIPlugin:80 - create IPUIPlugin
2024-04-04 12:23:36,039 [INFO] IPUIPlugin:80 - create IPUIPlugin
2024-04-04 12:23:36,039 [INFO] IPUIPlugin:80 - create IPUIPlugin
2024-04-04 12:23:36,039 [INFO] IPUIPlugin:80 - create IPUIPlugin
2024-04-04 12:23:36,039 [INFO] IPUIPlugin:80 - create IPUIPlugin
2024-04-04 12:23:36,039 [INFO] IPUIPlugin:80 - create IPUIPlugin
2024-04-04 12:23:36,039 [INFO] IPUIPlugin:80 - create IPUIPlugin
2024-04-04 12:23:36,039 [INFO] IPUIPlugin:80 - create IPUIPlugin
2024-04-04 12:23:36,039 [INFO] IPUIPlugin:80 - create IPUIPlugin
2024-04-04 12:23:36,039 [INFO] IPUIPlugin:80 - create IPUIPlugin
2024-04-04 12:23:36,039 [INFO] IPUIPlugin:80 - create IPUIPlugin
2024-04-04 12:23:36,040 [INFO] IPUIPlugin:80 - create IPUIPlugin
2024-04-04 12:23:36,040 [INFO] IPUIPlugin:80 - create IPUIPlugin
2024-04-04 12:23:36,040 [INFO] IPUIPlugin:80 - create IPUIPlugin
2024-04-04 12:23:36,040 [INFO] IPUIPlugin:80 - create IPUIPlugin
2024-04-04 12:23:36,040 [INFO] IPUIPlugin:80 - create IPUIPlugin
2024-04-04 12:23:36,040 [INFO] IPUIPlugin:80 - create IPUIPlugin
2024-04-04 12:23:36,040 [INFO] IPUIPlugin:80 - create IPUIPlugin
2024-04-04 12:23:36,040 [INFO] IPUIPlugin:80 - create IPUIPlugin
2024-04-04 12:23:36,040 [INFO] IPUIPlugin:80 - create IPUIPlugin
2024-04-04 12:23:36,041 [INFO] IPUIPlugin:80 - create IPUIPlugin
2024-04-04 12:23:36,041 [INFO] IPUIPlugin:80 - create IPUIPlugin
2024-04-04 12:23:36,041 [INFO] IPUIPlugin:80 - create IPUIPlugin
2024-04-04 12:23:36,041 [INFO] IPUIPlugin:80 - create IPUIPlugin
2024-04-04 12:23:36,041 [INFO] IPUIPlugin:80 - create IPUIPlugin
2024-04-04 12:23:36,041 [INFO] IPUIPlugin:80 - create IPUIPlugin
2024-04-04 12:23:36,041 [INFO] IPUIPlugin:80 - create IPUIPlugin
2024-04-04 12:23:36,041 [INFO] IPUIPlugin:80 - create IPUIPlugin
2024-04-04 12:23:36,041 [INFO] IPUIPlugin:80 - create IPUIPlugin
2024-04-04 12:23:36,041 [INFO] IPUIPlugin:80 - create IPUIPlugin
2024-04-04 12:23:36,068 [INFO] CADModel:165 - CPN selected for project levelSTM32L152RET6
2024-04-04 12:23:36,069 [INFO] CADModel:114 - Register for checkConnection events
2024-04-04 12:23:36,107 [INFO] OpenFileManager:343 - Restore cursor
2024-04-04 12:56:09,478 [ERROR] LogOutputStream:75 - [STDERR_REDIRECT] 
