2024-02-29 22:10:51,862 [INFO] Activator:176 - 


2024-02-29 22:10:51,864 [INFO] Activator:177 - !SESSION log4j initialized
2024-02-29 22:10:55,035 [INFO] LogOutputStream:77 - [STDOUT_REDIRECT] 
2024-02-29 22:10:55,696 [INFO] ApplicationProperties:184 - Using Application install path: /opt/st/stm32cubeide_1.14.0/plugins/com.st.stm32cube.common.mx_6.10.0.202311202037
2024-02-29 22:10:55,709 [INFO] DbMcusXml:78 - Set database path to: /opt/st/stm32cubeide_1.14.0/plugins/com.st.stm32cube.common.mx_6.10.0.202311202037//db//mcu/
2024-02-29 22:10:55,709 [INFO] ApiDb:274 - Set plugin database path to: /opt/st/stm32cubeide_1.14.0/plugins/com.st.stm32cube.common.mx_6.10.0.202311202037//db//plugins/boardmanager/
2024-02-29 22:10:55,709 [WARN] ApiDb:259 - Overriding images path with different value:  => /opt/st/stm32cubeide_1.14.0/plugins/com.st.stm32cube.common.mx_6.10.0.202311202037//db//plugins/mcufinder/images/
2024-02-29 22:10:55,714 [INFO] ApiDb:250 - Set database path to: /home/lars/.stmcufinder/plugins/mcufinder//mcu/
2024-02-29 22:10:55,714 [INFO] DbMcusAds:125 - Set database path to: /home/lars/.stmcufinder/plugins/mcufinder//mcu/
2024-02-29 22:10:55,716 [INFO] CrossReferenceDbSqlite:203 - Set database path to: /home/lars/.stmcufinder/plugins/mcufinder//mcu/cs/
2024-02-29 22:10:55,805 [INFO] RulesReader:64 - Compatibility file has been processed (297 Rules)
2024-02-29 22:10:55,858 [INFO] DbMcusXml:78 - Set database path to: /opt/st/stm32cubeide_1.14.0/plugins/com.st.stm32cube.common.mx_6.10.0.202311202037//db//mcu/
2024-02-29 22:10:55,859 [INFO] ApiDb:274 - Set plugin database path to: /opt/st/stm32cubeide_1.14.0/plugins/com.st.stm32cube.common.mx_6.10.0.202311202037//db//plugins/boardmanager/
2024-02-29 22:10:55,859 [INFO] ApiDb:261 - Set plugin images path to: /opt/st/stm32cubeide_1.14.0/plugins/com.st.stm32cube.common.mx_6.10.0.202311202037//db//plugins/mcufinder/images/
2024-02-29 22:10:55,859 [WARN] DbFile:41 - Overriding database path with different value: /home/lars/.stmcufinder/plugins/mcufinder/ => /home/lars/.stmcufinder/plugins/mcufinder
2024-02-29 22:10:55,859 [INFO] ApiDb:250 - Set database path to: /home/lars/.stmcufinder/plugins/mcufinder//mcu/
2024-02-29 22:10:55,859 [WARN] DbFile:41 - Overriding database path with different value: /home/lars/.stmcufinder/plugins/mcufinder/ => /home/lars/.stmcufinder/plugins/mcufinder
2024-02-29 22:10:55,859 [INFO] DbMcusAds:125 - Set database path to: /home/lars/.stmcufinder/plugins/mcufinder//mcu/
2024-02-29 22:10:55,859 [WARN] DbFile:41 - Overriding database path with different value: /home/lars/.stmcufinder/plugins/mcufinder/ => /home/lars/.stmcufinder/plugins/mcufinder
2024-02-29 22:10:55,859 [WARN] DbFile:41 - Overriding database path with different value: /home/lars/.stmcufinder/plugins/mcufinder/ => /home/lars/.stmcufinder/plugins/mcufinder
2024-02-29 22:10:55,859 [INFO] CrossReferenceDbSqlite:203 - Set database path to: /home/lars/.stmcufinder/plugins/mcufinder//mcu/cs/
2024-02-29 22:10:55,915 [INFO] MainPanel:264 - HeapMemory: 268435456
2024-02-29 22:10:55,975 [INFO] DbMcusXml:78 - Set database path to: /opt/st/stm32cubeide_1.14.0/plugins/com.st.stm32cube.common.mx_6.10.0.202311202037//db//mcu/
2024-02-29 22:10:55,975 [INFO] ApiDb:274 - Set plugin database path to: /opt/st/stm32cubeide_1.14.0/plugins/com.st.stm32cube.common.mx_6.10.0.202311202037//db//plugins/boardmanager/
2024-02-29 22:10:55,976 [INFO] ApiDb:261 - Set plugin images path to: /opt/st/stm32cubeide_1.14.0/plugins/com.st.stm32cube.common.mx_6.10.0.202311202037//db//plugins/mcufinder/images/
2024-02-29 22:10:55,976 [WARN] DbFile:41 - Overriding database path with different value: /home/lars/.stmcufinder/plugins/mcufinder/ => /home/lars/.stmcufinder/plugins/mcufinder
2024-02-29 22:10:55,976 [INFO] ApiDb:250 - Set database path to: /home/lars/.stmcufinder/plugins/mcufinder//mcu/
2024-02-29 22:10:55,976 [WARN] DbFile:41 - Overriding database path with different value: /home/lars/.stmcufinder/plugins/mcufinder/ => /home/lars/.stmcufinder/plugins/mcufinder
2024-02-29 22:10:55,976 [INFO] DbMcusAds:125 - Set database path to: /home/lars/.stmcufinder/plugins/mcufinder//mcu/
2024-02-29 22:10:55,976 [WARN] DbFile:41 - Overriding database path with different value: /home/lars/.stmcufinder/plugins/mcufinder/ => /home/lars/.stmcufinder/plugins/mcufinder
2024-02-29 22:10:55,976 [WARN] DbFile:41 - Overriding database path with different value: /home/lars/.stmcufinder/plugins/mcufinder/ => /home/lars/.stmcufinder/plugins/mcufinder
2024-02-29 22:10:55,976 [INFO] CrossReferenceDbSqlite:203 - Set database path to: /home/lars/.stmcufinder/plugins/mcufinder//mcu/cs/
2024-02-29 22:10:55,988 [INFO] ApplicationProperties:184 - Using Application install path: /opt/st/stm32cubeide_1.14.0/plugins/com.st.stm32cube.common.mx_6.10.0.202311202037
2024-02-29 22:10:55,989 [INFO] PluginManage:196 - Search for loadable plugins [exclusion list=, ]
2024-02-29 22:10:55,991 [INFO] PluginManage:310 - Check plugin analytics
2024-02-29 22:10:56,109 [INFO] AnalyticsPlugin:253 - Accepted Software Licenses: 
2024-02-29 22:10:56,109 [INFO] AnalyticsPlugin:255 - Accepted CMSIS Pack Licenses: 
2024-02-29 22:10:56,109 [INFO] AnalyticsPlugin:257 - Accepted Firmware Licenses: 
2024-02-29 22:10:56,110 [INFO] PluginManage:359 - Loaded plugin analytics (category:tool,tabindex:-1)
2024-02-29 22:10:56,110 [INFO] PluginManage:310 - Check plugin cadmodel
2024-02-29 22:10:56,131 [INFO] CADModel:105 - Init CAD model plugin
2024-02-29 22:10:56,131 [INFO] PluginManage:359 - Loaded plugin cadmodel (category:power,tabindex:5)
2024-02-29 22:10:56,132 [INFO] PluginManage:310 - Check plugin clock
2024-02-29 22:10:56,140 [INFO] PluginManage:359 - Loaded plugin clock (category:base,tabindex:2)
2024-02-29 22:10:56,140 [INFO] PluginManage:310 - Check plugin ddr
2024-02-29 22:10:56,141 [INFO] PluginManage:359 - Loaded plugin ddr (category:tool,tabindex:6)
2024-02-29 22:10:56,141 [INFO] PluginManage:310 - Check plugin filemanager
2024-02-29 22:10:56,233 [INFO] PluginManage:359 - Loaded plugin filemanager (category:base,tabindex:10)
2024-02-29 22:10:56,233 [INFO] PluginManage:310 - Check plugin ipmanager
2024-02-29 22:10:56,237 [INFO] PluginManage:359 - Loaded plugin ipmanager (category:base,tabindex:5)
2024-02-29 22:10:56,238 [INFO] PluginManage:310 - Check plugin lpbam
2024-02-29 22:10:56,245 [INFO] PluginManage:359 - Loaded plugin lpbam (category:base,tabindex:0)
2024-02-29 22:10:56,245 [INFO] PluginManage:310 - Check plugin memorymap
2024-02-29 22:10:56,253 [INFO] PluginManage:359 - Loaded plugin memorymap (category:base,tabindex:4)
2024-02-29 22:10:56,253 [INFO] PluginManage:310 - Check plugin pinoutandconfiguration
2024-02-29 22:10:56,259 [INFO] PluginManage:359 - Loaded plugin pinoutandconfiguration (category:base,tabindex:1)
2024-02-29 22:10:56,259 [INFO] PluginManage:310 - Check plugin pinoutconfig
2024-02-29 22:10:56,319 [WARN] SupportedApi:132 - Cannot load RTOS API schema: s4s-elt-must-match.1: The content of 'definitions' must match (annotation?, (simpleType | complexType)?, (unique | key | keyref)*)). A problem was found starting at: attribute.
2024-02-29 22:10:56,410 [INFO] PluginManage:359 - Loaded plugin pinoutconfig (category:base,tabindex:0)
2024-02-29 22:10:56,410 [INFO] PluginManage:310 - Check plugin power
2024-02-29 22:10:56,417 [INFO] PluginManage:359 - Loaded plugin power (category:power,tabindex:4)
2024-02-29 22:10:56,417 [INFO] PluginManage:310 - Check plugin projectmanager
2024-02-29 22:10:56,429 [INFO] PluginManage:359 - Loaded plugin projectmanager (category:projectmanager,tabindex:3)
2024-02-29 22:10:56,429 [INFO] PluginManage:310 - Check plugin thirdparty
2024-02-29 22:10:56,513 [INFO] PluginManage:359 - Loaded plugin thirdparty (category:base,tabindex:-1)
2024-02-29 22:10:56,512 [WARN] IntegrityCheckThread:84 - waiting for thirdparty lock release [integrity check]
2024-02-29 22:10:56,513 [INFO] PluginManage:310 - Check plugin tools
2024-02-29 22:10:56,513 [INFO] IntegrityCheckThread:86 - entering critical section [integrity check]
2024-02-29 22:10:56,513 [INFO] ThirdPartyUpdaterWithRetryManager:70 - Updater plugin not ready yet. [1/15]
2024-02-29 22:10:56,514 [INFO] PluginManage:359 - Loaded plugin tools (category:base,tabindex:7)
2024-02-29 22:10:56,515 [INFO] PluginManage:310 - Check plugin tutovideos
2024-02-29 22:10:56,638 [INFO] PluginManage:359 - Loaded plugin tutovideos (category:base,tabindex:-1)
2024-02-29 22:10:56,638 [INFO] PluginManage:310 - Check plugin updater
2024-02-29 22:10:56,646 [INFO] PluginManage:359 - Loaded plugin updater (category:base,tabindex:12)
2024-02-29 22:10:56,646 [INFO] PluginManage:310 - Check plugin userauth
2024-02-29 22:10:56,651 [INFO] UserAuth:114 - Init User Auth plugin
2024-02-29 22:10:56,651 [INFO] PluginManage:359 - Loaded plugin userauth (category:base,tabindex:14)
2024-02-29 22:10:56,652 [INFO] PluginManage:283 - PluginManage : Loaded plugins [17]
2024-02-29 22:10:56,778 [INFO] PinOutPanel:1499 - setPackage(No Configuration,No Configuration)
2024-02-29 22:10:56,817 [INFO] CADModel:165 - CPN selected for project level
2024-02-29 22:10:56,817 [INFO] CADModel:114 - Register for checkConnection events
2024-02-29 22:10:56,826 [INFO] IPUIPlugin:80 - create IPUIPlugin
2024-02-29 22:10:56,826 [INFO] PluginManager:220 - loadIPPluginJar : add i2s
2024-02-29 22:10:56,828 [INFO] IPUIPlugin:80 - create IPUIPlugin
2024-02-29 22:10:56,828 [INFO] PluginManager:220 - loadIPPluginJar : add ipddr
2024-02-29 22:10:56,829 [INFO] IPUIPlugin:80 - create IPUIPlugin
2024-02-29 22:10:56,829 [INFO] PluginManager:220 - loadIPPluginJar : add tracer_emb
2024-02-29 22:10:56,831 [INFO] IPUIPlugin:80 - create IPUIPlugin
2024-02-29 22:10:56,831 [INFO] PluginManager:220 - loadIPPluginJar : add usart
2024-02-29 22:10:56,832 [INFO] IPUIPlugin:80 - create IPUIPlugin
2024-02-29 22:10:56,832 [INFO] PluginManager:220 - loadIPPluginJar : add gtzc
2024-02-29 22:10:56,833 [INFO] IPUIPlugin:80 - create IPUIPlugin
2024-02-29 22:10:56,833 [INFO] PluginManager:220 - loadIPPluginJar : add quadspi
2024-02-29 22:10:56,836 [INFO] IPUIPlugin:80 - create IPUIPlugin
2024-02-29 22:10:56,836 [INFO] PluginManager:220 - loadIPPluginJar : add gpio
2024-02-29 22:10:56,838 [INFO] IPUIPlugin:80 - create IPUIPlugin
2024-02-29 22:10:56,838 [INFO] PluginManager:220 - loadIPPluginJar : add usbx
2024-02-29 22:10:56,843 [INFO] IPUIPlugin:80 - create IPUIPlugin
2024-02-29 22:10:56,843 [INFO] PluginManager:220 - loadIPPluginJar : add adc
2024-02-29 22:10:56,847 [INFO] IPUIPlugin:80 - create IPUIPlugin
2024-02-29 22:10:56,848 [INFO] PluginManager:220 - loadIPPluginJar : add mdma
2024-02-29 22:10:56,849 [INFO] IPUIPlugin:80 - create IPUIPlugin
2024-02-29 22:10:56,849 [INFO] PluginManager:220 - loadIPPluginJar : add tsc
2024-02-29 22:10:56,850 [INFO] IPUIPlugin:80 - create IPUIPlugin
2024-02-29 22:10:56,850 [INFO] PluginManager:220 - loadIPPluginJar : add aes
2024-02-29 22:10:56,851 [INFO] IPUIPlugin:80 - create IPUIPlugin
2024-02-29 22:10:56,851 [INFO] PluginManager:220 - loadIPPluginJar : add i3c
2024-02-29 22:10:56,852 [INFO] IPUIPlugin:80 - create IPUIPlugin
2024-02-29 22:10:56,853 [INFO] PluginManager:220 - loadIPPluginJar : add ts
2024-02-29 22:10:56,854 [INFO] IPUIPlugin:80 - create IPUIPlugin
2024-02-29 22:10:56,854 [INFO] PluginManager:220 - loadIPPluginJar : add can
2024-02-29 22:10:56,855 [INFO] IPUIPlugin:80 - create IPUIPlugin
2024-02-29 22:10:56,855 [INFO] PluginManager:220 - loadIPPluginJar : add cryp
2024-02-29 22:10:56,858 [INFO] IPUIPlugin:80 - create IPUIPlugin
2024-02-29 22:10:56,859 [INFO] PluginManager:220 - loadIPPluginJar : add stm32_wpan
2024-02-29 22:10:56,860 [INFO] IPUIPlugin:80 - create IPUIPlugin
2024-02-29 22:10:56,860 [INFO] PluginManager:220 - loadIPPluginJar : add genericplugin
2024-02-29 22:10:56,861 [INFO] IPUIPlugin:80 - create IPUIPlugin
2024-02-29 22:10:56,861 [INFO] PluginManager:220 - loadIPPluginJar : add spi
2024-02-29 22:10:56,874 [INFO] IPUIPlugin:80 - create IPUIPlugin
2024-02-29 22:10:56,874 [INFO] PluginManager:220 - loadIPPluginJar : add resmgrutility
2024-02-29 22:10:56,877 [INFO] IPUIPlugin:80 - create IPUIPlugin
2024-02-29 22:10:56,877 [INFO] PluginManager:220 - loadIPPluginJar : add gfxmmu
2024-02-29 22:10:56,878 [INFO] IPUIPlugin:80 - create IPUIPlugin
2024-02-29 22:10:56,878 [INFO] PluginManager:220 - loadIPPluginJar : add ucpd
2024-02-29 22:10:56,883 [INFO] IPUIPlugin:80 - create IPUIPlugin
2024-02-29 22:10:56,883 [INFO] PluginManager:220 - loadIPPluginJar : add linkedlist
2024-02-29 22:10:56,885 [INFO] IPUIPlugin:80 - create IPUIPlugin
2024-02-29 22:10:56,885 [INFO] PluginManager:220 - loadIPPluginJar : add hash
2024-02-29 22:10:56,887 [INFO] IPUIPlugin:80 - create IPUIPlugin
2024-02-29 22:10:56,887 [INFO] PluginManager:220 - loadIPPluginJar : add openamp
2024-02-29 22:10:56,889 [INFO] IPUIPlugin:80 - create IPUIPlugin
2024-02-29 22:10:56,889 [INFO] PluginManager:220 - loadIPPluginJar : add sai
2024-02-29 22:10:56,901 [INFO] IPUIPlugin:80 - create IPUIPlugin
2024-02-29 22:10:56,901 [INFO] PluginManager:220 - loadIPPluginJar : add opamp
2024-02-29 22:10:56,902 [INFO] IPUIPlugin:80 - create IPUIPlugin
2024-02-29 22:10:56,902 [INFO] PluginManager:220 - loadIPPluginJar : add comp
2024-02-29 22:10:56,904 [INFO] IPUIPlugin:80 - create IPUIPlugin
2024-02-29 22:10:56,905 [INFO] PluginManager:220 - loadIPPluginJar : add dma3
2024-02-29 22:10:56,910 [INFO] IPUIPlugin:80 - create IPUIPlugin
2024-02-29 22:10:56,910 [INFO] PluginManager:220 - loadIPPluginJar : add dma
2024-02-29 22:10:56,912 [INFO] IPUIPlugin:80 - create IPUIPlugin
2024-02-29 22:10:56,912 [INFO] PluginManager:220 - loadIPPluginJar : add pdm2pcm
2024-02-29 22:10:56,914 [INFO] IPUIPlugin:80 - create IPUIPlugin
2024-02-29 22:10:56,914 [INFO] PluginManager:220 - loadIPPluginJar : add touchsensing
2024-02-29 22:10:56,915 [INFO] IPUIPlugin:80 - create IPUIPlugin
2024-02-29 22:10:56,915 [INFO] PluginManager:220 - loadIPPluginJar : add ltdc
2024-02-29 22:10:56,917 [INFO] IPUIPlugin:80 - create IPUIPlugin
2024-02-29 22:10:56,917 [INFO] PluginManager:220 - loadIPPluginJar : add i2c
2024-02-29 22:10:56,919 [INFO] IPUIPlugin:80 - create IPUIPlugin
2024-02-29 22:10:56,920 [INFO] PluginManager:220 - loadIPPluginJar : add fmc
2024-02-29 22:10:56,921 [INFO] IPUIPlugin:80 - create IPUIPlugin
2024-02-29 22:10:56,921 [INFO] PluginManager:220 - loadIPPluginJar : add lorawan
2024-02-29 22:10:56,922 [INFO] IPUIPlugin:80 - create IPUIPlugin
2024-02-29 22:10:56,922 [INFO] PluginManager:220 - loadIPPluginJar : add tim
2024-02-29 22:10:56,926 [INFO] IPUIPlugin:80 - create IPUIPlugin
2024-02-29 22:10:56,928 [INFO] PluginManager:220 - loadIPPluginJar : add plateformsettings
2024-02-29 22:10:56,933 [INFO] IPUIPlugin:80 - create IPUIPlugin
2024-02-29 22:10:56,933 [INFO] PluginManager:220 - loadIPPluginJar : add freertos
2024-02-29 22:10:56,934 [INFO] IPUIPlugin:80 - create IPUIPlugin
2024-02-29 22:10:56,934 [INFO] PluginManager:220 - loadIPPluginJar : add dfsdm
2024-02-29 22:10:56,936 [INFO] IPUIPlugin:80 - create IPUIPlugin
2024-02-29 22:10:56,936 [INFO] PluginManager:220 - loadIPPluginJar : add nvic
2024-02-29 22:10:56,940 [INFO] IPUIPlugin:80 - create IPUIPlugin
2024-02-29 22:10:56,940 [INFO] PluginManager:220 - loadIPPluginJar : add gic
2024-02-29 22:10:56,940 [INFO] IPUIPlugin:80 - create IPUIPlugin
2024-02-29 22:10:56,940 [INFO] PluginManager:220 - loadIPPluginJar : add fatfs
2024-02-29 22:10:57,032 [INFO] CADModel:165 - CPN selected for project level
2024-02-29 22:10:57,033 [INFO] CADModel:114 - Register for checkConnection events
2024-02-29 22:10:57,033 [FATAL] Updater:308 - Updater called before beeing initialized
2024-02-29 22:10:57,033 [ERROR] CADModel:125 - Updater not yet initialized, retry later 
2024-02-29 22:10:57,112 [INFO] CADModel:165 - CPN selected for project level
2024-02-29 22:10:57,112 [INFO] CADModel:114 - Register for checkConnection events
2024-02-29 22:10:57,112 [FATAL] Updater:308 - Updater called before beeing initialized
2024-02-29 22:10:57,112 [ERROR] CADModel:125 - Updater not yet initialized, retry later 
2024-02-29 22:10:57,114 [FATAL] Updater:308 - Updater called before beeing initialized
2024-02-29 22:10:57,159 [FATAL] Updater:308 - Updater called before beeing initialized
2024-02-29 22:10:57,162 [INFO] DbMcusAds:53 - JSON generation date=Wed Nov 29 02:52:27 PST 2023 (1701255147349)
2024-02-29 22:10:57,163 [FATAL] Updater:308 - Updater called before beeing initialized
2024-02-29 22:10:57,186 [WARN] DetailPanel:346 - Failed to get advertising image, set to default
2024-02-29 22:10:57,245 [FATAL] Updater:308 - Updater called before beeing initialized
2024-02-29 22:10:57,246 [FATAL] Updater:308 - Updater called before beeing initialized
2024-02-29 22:10:57,246 [FATAL] Updater:308 - Updater called before beeing initialized
2024-02-29 22:10:57,246 [WARN] DetailPanel:346 - Failed to get advertising image, set to default
2024-02-29 22:10:57,247 [FATAL] Updater:308 - Updater called before beeing initialized
2024-02-29 22:10:57,272 [ERROR] Updater:1120 - MainUpdater not yet initialized. External WinMGr cannot be set.
2024-02-29 22:10:57,274 [INFO] Updater:1056 - Updater Version found : 6.10.0
2024-02-29 22:10:57,291 [INFO] ApplicationProperties:184 - Using Application install path: /opt/st/stm32cubeide_1.14.0/plugins/com.st.stm32cube.common.mx_6.10.0.202311202037
2024-02-29 22:10:57,301 [ERROR] LogOutputStream:75 - [STDERR_REDIRECT] Feb 29, 2024 10:10:57 PM java.util.prefs.FileSystemPreferences$2 run
2024-02-29 22:10:57,301 [ERROR] LogOutputStream:75 - [STDERR_REDIRECT] WARNING: Could not create system preferences directory. System preferences are unusable.
2024-02-29 22:10:57,301 [ERROR] LogOutputStream:75 - [STDERR_REDIRECT] 
2024-02-29 22:10:57,551 [INFO] MainUpdater:2873 - connection check result : 10
2024-02-29 22:10:57,552 [INFO] MainUpdater:290 - Updater Check For Update Now.
2024-02-29 22:10:57,553 [INFO] MicroXplorer:498 - Change Database Version : DB.6.0.100
2024-02-29 22:10:57,558 [INFO] McuFinderGlobals:63 - Set McuFinder mode to 2 (CubeIDE integrated)
2024-02-29 22:10:57,558 [INFO] UserAuth:180 - activating auth plugin
2024-02-29 22:10:57,565 [INFO] UserAuth:404 - Internet connection configuration mode: 1
2024-02-29 22:10:57,585 [INFO] JxBrowserEngine:152 - Initiate JxBrowser Engine with user profile folder
2024-02-29 22:10:57,758 [INFO] CheckServerUpdateThread:120 - End of CheckServer Thread
2024-02-29 22:10:58,259 [INFO] WebApp:161 - Instantiating new browser for Auth
2024-02-29 22:10:58,688 [INFO] WebApp:780 - Register for checkConnection events
2024-02-29 22:10:58,688 [INFO] WebApp:414 - Apply proxy settings
2024-02-29 22:10:58,688 [INFO] WebApp:499 - Chromium requires no authentication
2024-02-29 22:10:58,692 [INFO] WebApp:442 - Direct internet connection detected
2024-02-29 22:10:58,777 [INFO] WebApp:192 - Starting web application
2024-02-29 22:10:58,777 [INFO] WebApp:544 - Web application path used /opt/st/stm32cubeide_1.14.0/plugins/com.st.stm32cube.common.mx_6.10.0.202311202037/db/plugins/mcufinder/reactClient1/index.html
2024-02-29 22:10:59,579 [WARN] PackLoader:240 - Cannot read IP mode file for STMicroelectronics.X-CUBE-SMBUS.2.1.0
2024-02-29 22:10:59,583 [WARN] PackLoader:240 - Cannot read IP mode file for STMicroelectronics.X-CUBE-TOUCHGFX.4.23.0
2024-02-29 22:10:59,610 [WARN] PackLoader:240 - Cannot read IP mode file for STMicroelectronics.X-CUBE-AZRTOS-F7.1.1.0
2024-02-29 22:10:59,617 [WARN] PackLoader:240 - Cannot read IP mode file for STMicroelectronics.FP-SNS-MOTENV1.4.3.2
2024-02-29 22:10:59,621 [WARN] PackLoader:240 - Cannot read IP mode file for STMicroelectronics.FP-SNS-FLIGHT1.5.0.2
2024-02-29 22:10:59,626 [WARN] PackLoader:240 - Cannot read IP mode file for STMicroelectronics.X-CUBE-DISPLAY.3.0.0
2024-02-29 22:10:59,634 [WARN] PackLoader:240 - Cannot read IP mode file for STMicroelectronics.X-CUBE-BLE1.7.0.0
2024-02-29 22:10:59,638 [WARN] PackLoader:240 - Cannot read IP mode file for emotas.I-CUBE-CANOPEN.1.3.0
2024-02-29 22:10:59,645 [WARN] PackLoader:240 - Cannot read IP mode file for STMicroelectronics.X-CUBE-BLEMGR.3.1.0
2024-02-29 22:10:59,649 [WARN] PackLoader:240 - Cannot read IP mode file for STMicroelectronics.FP-SNS-SMARTAG2.1.2.0
2024-02-29 22:10:59,665 [INFO] LogOutputStream:77 - [STDOUT_REDIRECT] 1 : Invalid condition id : UX_CORESTACK_Condition cause : null
2024-02-29 22:10:59,665 [INFO] LogOutputStream:77 - [STDOUT_REDIRECT] 1 : Invalid condition id : UX_CORESTACK_Condition cause : null
2024-02-29 22:10:59,665 [INFO] LogOutputStream:77 - [STDOUT_REDIRECT] 1 : Invalid condition id : UX_CORESTACK_Condition cause : null
2024-02-29 22:10:59,665 [INFO] LogOutputStream:77 - [STDOUT_REDIRECT] 1 : Invalid condition id : UX_CORESTACK_Condition cause : null
2024-02-29 22:10:59,665 [INFO] LogOutputStream:77 - [STDOUT_REDIRECT] 1 : Invalid condition id : UX_CORESTACK_Condition cause : null
2024-02-29 22:10:59,668 [WARN] PackLoader:240 - Cannot read IP mode file for STMicroelectronics.X-CUBE-AZRTOS-WL.2.0.0
2024-02-29 22:10:59,673 [WARN] PackLoader:240 - Cannot read IP mode file for WES.I-CUBE-Cesium.1.3.0
2024-02-29 22:10:59,675 [WARN] PackLoader:240 - Cannot read IP mode file for STMicroelectronics.X-CUBE-BLE2.3.3.0
2024-02-29 22:10:59,679 [WARN] PackLoader:240 - Cannot read IP mode file for STMicroelectronics.X-CUBE-ALGOBUILD.1.3.0
2024-02-29 22:10:59,691 [WARN] PackLoader:240 - Cannot read IP mode file for STMicroelectronics.X-CUBE-AZRTOS-G0.1.1.0
2024-02-29 22:10:59,705 [WARN] PackLoader:240 - Cannot read IP mode file for STMicroelectronics.X-CUBE-NFC4.3.0.0
2024-02-29 22:10:59,708 [WARN] PackLoader:240 - Cannot read IP mode file for STMicroelectronics.FP-ATR-SIGFOX1.3.2.0
2024-02-29 22:10:59,712 [WARN] PackLoader:240 - Cannot read IP mode file for STMicroelectronics.X-CUBE-EEPRMA1.5.1.0
2024-02-29 22:10:59,732 [WARN] PackLoader:240 - Cannot read IP mode file for SEGGER.I-CUBE-embOS.1.3.1
2024-02-29 22:10:59,757 [WARN] PackLoader:240 - Cannot read IP mode file for STMicroelectronics.X-CUBE-GNSS1.6.0.0
2024-02-29 22:10:59,768 [WARN] PackLoader:240 - Cannot read IP mode file for STMicroelectronics.X-CUBE-AZRTOS-F4.1.1.0
2024-02-29 22:10:59,771 [WARN] PackLoader:240 - Cannot read IP mode file for wolfSSL.I-CUBE-wolfSSL.5.6.6
2024-02-29 22:10:59,781 [WARN] PackLoader:240 - Cannot read IP mode file for STMicroelectronics.X-CUBE-AZRTOS-L5.2.0.0
2024-02-29 22:10:59,785 [WARN] PackLoader:240 - Cannot read IP mode file for ITTIA_DB.I-CUBE-ITTIADB.8.8.0
2024-02-29 22:10:59,788 [WARN] PackLoader:240 - Cannot read IP mode file for STMicroelectronics.X-CUBE-NFC7.1.0.1
2024-02-29 22:10:59,797 [WARN] PackLoader:240 - Cannot read IP mode file for STMicroelectronics.X-CUBE-NFC6.3.0.0
2024-02-29 22:10:59,800 [WARN] PackLoader:240 - Cannot read IP mode file for STMicroelectronics.X-CUBE-AI.8.1.0
2024-02-29 22:10:59,813 [WARN] ConditionMgr:438 - getConditionDescription Invalid condition id : LAN8742 Phy interface Condition cause : null
2024-02-29 22:10:59,813 [WARN] PackLoader:240 - Cannot read IP mode file for STMicroelectronics.X-CUBE-AZRTOS-L4.2.0.0
2024-02-29 22:10:59,814 [WARN] ConditionMgr:1039 - genDependencies : Invalid condition id : LAN8742 Phy interface Condition cause : null
2024-02-29 22:10:59,814 [WARN] ConditionMgr:1039 - genDependencies : Invalid condition id : LAN8742 Phy interface Condition cause : null
2024-02-29 22:10:59,814 [WARN] ConditionMgr:1039 - genDependencies : Invalid condition id : LAN8742 Phy interface Condition cause : null
2024-02-29 22:10:59,818 [WARN] PackLoader:240 - Cannot read IP mode file for STMicroelectronics.X-CUBE-SFXS2LP1.4.0.0
2024-02-29 22:10:59,827 [WARN] ConditionMgr:438 - getConditionDescription Invalid condition id : UX DEVICE CLASS RTOS Condition cause : null
2024-02-29 22:10:59,827 [WARN] ConditionMgr:438 - getConditionDescription Invalid condition id : UX DEVICE CLASS RTOS Condition cause : null
2024-02-29 22:10:59,829 [WARN] PackLoader:240 - Cannot read IP mode file for STMicroelectronics.X-CUBE-AZRTOS-WB.2.0.0
2024-02-29 22:10:59,829 [WARN] ConditionMgr:1039 - genDependencies : Invalid condition id : UX DEVICE CLASS RTOS Condition cause : null
2024-02-29 22:10:59,829 [WARN] ConditionMgr:1039 - genDependencies : Invalid condition id : UX DEVICE CLASS RTOS Condition cause : null
2024-02-29 22:10:59,830 [WARN] ConditionMgr:1039 - genDependencies : Invalid condition id : UX DEVICE CLASS RTOS Condition cause : null
2024-02-29 22:10:59,830 [WARN] ConditionMgr:1039 - genDependencies : Invalid condition id : UX DEVICE CLASS RTOS Condition cause : null
2024-02-29 22:10:59,830 [WARN] ConditionMgr:1039 - genDependencies : Invalid condition id : UX DEVICE CLASS RTOS Condition cause : null
2024-02-29 22:10:59,836 [WARN] PackLoader:240 - Cannot read IP mode file for STMicroelectronics.X-CUBE-SUBG2.5.0.0
2024-02-29 22:10:59,848 [WARN] PackLoader:240 - Cannot read IP mode file for STMicroelectronics.X-CUBE-AZRTOS-G4.2.0.0
2024-02-29 22:10:59,856 [WARN] PackLoader:240 - Cannot read IP mode file for Infineon.AIROC-Wi-Fi-Bluetooth-STM32.1.5.1
2024-02-29 22:10:59,860 [WARN] PackLoader:240 - Cannot read IP mode file for STMicroelectronics.FP-SNS-MOTENVWB1.1.3.1
2024-02-29 22:10:59,862 [WARN] PackLoader:240 - Cannot read IP mode file for STMicroelectronics.X-CUBE-ISPU.2.0.0
2024-02-29 22:10:59,887 [WARN] PackLoader:240 - Cannot read IP mode file for STMicroelectronics.X-CUBE-MEMS1.10.0.0
2024-02-29 22:10:59,968 [WARN] PackLoader:240 - Cannot read IP mode file for STMicroelectronics.X-CUBE-FREERTOS.1.1.0
2024-02-29 22:10:59,971 [WARN] PackLoader:240 - Cannot read IP mode file for portGmbH.I-Cube-SoM-uGOAL.1.1.0
2024-02-29 22:10:59,972 [WARN] PackLoader:240 - Cannot read IP mode file for STMicroelectronics.X-CUBE-ALS.1.0.1
2024-02-29 22:10:59,974 [WARN] PackLoader:240 - Cannot read IP mode file for STMicroelectronics.FP-ATR-ASTRA1.2.0.0
2024-02-29 22:10:59,980 [WARN] PackLoader:240 - Cannot read IP mode file for STMicroelectronics.X-CUBE-TOF1.3.4.0
2024-02-29 22:10:59,996 [WARN] PackLoader:240 - Cannot read IP mode file for STMicroelectronics.X-CUBE-AZRTOS-H7.3.2.0
2024-02-29 22:10:59,998 [INFO] ThirdParty:978 - Integrity check success = true
2024-02-29 22:10:59,998 [INFO] IntegrityCheckThread:100 - exiting critical section [integrity check]
2024-02-29 22:10:59,998 [INFO] IntegrityCheckThread:103 - End integrity checks thread
2024-02-29 22:11:19,041 [ERROR] LogOutputStream:75 - [STDERR_REDIRECT] SLF4J: Failed to load class "org.slf4j.impl.StaticLoggerBinder".
2024-02-29 22:11:19,041 [ERROR] LogOutputStream:75 - [STDERR_REDIRECT] SLF4J: Defaulting to no-operation (NOP) logger implementation
2024-02-29 22:11:19,042 [ERROR] LogOutputStream:75 - [STDERR_REDIRECT] SLF4J: See http://www.slf4j.org/codes.html#StaticLoggerBinder for further details.
2024-02-29 22:11:25,109 [ERROR] LogOutputStream:75 - [STDERR_REDIRECT] Feb 29, 2024 10:11:25 PM java.util.prefs.FileSystemPreferences checkLockFile0ErrorCode
2024-02-29 22:11:25,109 [ERROR] LogOutputStream:75 - [STDERR_REDIRECT] WARNING: Could not lock System prefs. Unix error code 0.
2024-02-29 22:11:25,109 [ERROR] LogOutputStream:75 - [STDERR_REDIRECT] 
2024-02-29 22:11:25,110 [ERROR] LogOutputStream:75 - [STDERR_REDIRECT] Feb 29, 2024 10:11:25 PM java.util.prefs.FileSystemPreferences syncWorld
2024-02-29 22:11:25,110 [ERROR] LogOutputStream:75 - [STDERR_REDIRECT] WARNING: Couldn't flush system prefs: java.util.prefs.BackingStoreException: Couldn't get file lock.
2024-02-29 22:11:25,110 [ERROR] LogOutputStream:75 - [STDERR_REDIRECT] 
2024-02-29 22:11:37,151 [ERROR] LogOutputStream:75 - [STDERR_REDIRECT] 
2024-02-29 22:11:37,152 [ERROR] LogOutputStream:75 - [STDERR_REDIRECT] 
2024-02-29 22:12:33,016 [INFO] Activator:176 - 


2024-02-29 22:12:33,018 [INFO] Activator:177 - !SESSION log4j initialized
2024-02-29 22:12:35,967 [INFO] LogOutputStream:77 - [STDOUT_REDIRECT] 
2024-02-29 22:12:36,443 [INFO] ApplicationProperties:184 - Using Application install path: /opt/st/stm32cubeide_1.14.0/plugins/com.st.stm32cube.common.mx_6.10.0.202311202037
2024-02-29 22:12:36,454 [INFO] DbMcusXml:78 - Set database path to: /opt/st/stm32cubeide_1.14.0/plugins/com.st.stm32cube.common.mx_6.10.0.202311202037//db//mcu/
2024-02-29 22:12:36,454 [INFO] ApiDb:274 - Set plugin database path to: /opt/st/stm32cubeide_1.14.0/plugins/com.st.stm32cube.common.mx_6.10.0.202311202037//db//plugins/boardmanager/
2024-02-29 22:12:36,455 [WARN] ApiDb:259 - Overriding images path with different value:  => /opt/st/stm32cubeide_1.14.0/plugins/com.st.stm32cube.common.mx_6.10.0.202311202037//db//plugins/mcufinder/images/
2024-02-29 22:12:36,458 [INFO] ApiDb:250 - Set database path to: /home/lars/.stmcufinder/plugins/mcufinder//mcu/
2024-02-29 22:12:36,459 [INFO] DbMcusAds:125 - Set database path to: /home/lars/.stmcufinder/plugins/mcufinder//mcu/
2024-02-29 22:12:36,460 [INFO] CrossReferenceDbSqlite:203 - Set database path to: /home/lars/.stmcufinder/plugins/mcufinder//mcu/cs/
2024-02-29 22:12:36,539 [INFO] RulesReader:64 - Compatibility file has been processed (297 Rules)
2024-02-29 22:12:36,574 [INFO] DbMcusXml:78 - Set database path to: /opt/st/stm32cubeide_1.14.0/plugins/com.st.stm32cube.common.mx_6.10.0.202311202037//db//mcu/
2024-02-29 22:12:36,575 [INFO] ApiDb:274 - Set plugin database path to: /opt/st/stm32cubeide_1.14.0/plugins/com.st.stm32cube.common.mx_6.10.0.202311202037//db//plugins/boardmanager/
2024-02-29 22:12:36,575 [INFO] ApiDb:261 - Set plugin images path to: /opt/st/stm32cubeide_1.14.0/plugins/com.st.stm32cube.common.mx_6.10.0.202311202037//db//plugins/mcufinder/images/
2024-02-29 22:12:36,575 [WARN] DbFile:41 - Overriding database path with different value: /home/lars/.stmcufinder/plugins/mcufinder/ => /home/lars/.stmcufinder/plugins/mcufinder
2024-02-29 22:12:36,575 [INFO] ApiDb:250 - Set database path to: /home/lars/.stmcufinder/plugins/mcufinder//mcu/
2024-02-29 22:12:36,575 [WARN] DbFile:41 - Overriding database path with different value: /home/lars/.stmcufinder/plugins/mcufinder/ => /home/lars/.stmcufinder/plugins/mcufinder
2024-02-29 22:12:36,575 [INFO] DbMcusAds:125 - Set database path to: /home/lars/.stmcufinder/plugins/mcufinder//mcu/
2024-02-29 22:12:36,575 [WARN] DbFile:41 - Overriding database path with different value: /home/lars/.stmcufinder/plugins/mcufinder/ => /home/lars/.stmcufinder/plugins/mcufinder
2024-02-29 22:12:36,575 [WARN] DbFile:41 - Overriding database path with different value: /home/lars/.stmcufinder/plugins/mcufinder/ => /home/lars/.stmcufinder/plugins/mcufinder
2024-02-29 22:12:36,575 [INFO] CrossReferenceDbSqlite:203 - Set database path to: /home/lars/.stmcufinder/plugins/mcufinder//mcu/cs/
2024-02-29 22:12:36,613 [INFO] MainPanel:264 - HeapMemory: 268435456
2024-02-29 22:12:36,660 [INFO] DbMcusXml:78 - Set database path to: /opt/st/stm32cubeide_1.14.0/plugins/com.st.stm32cube.common.mx_6.10.0.202311202037//db//mcu/
2024-02-29 22:12:36,660 [INFO] ApiDb:274 - Set plugin database path to: /opt/st/stm32cubeide_1.14.0/plugins/com.st.stm32cube.common.mx_6.10.0.202311202037//db//plugins/boardmanager/
2024-02-29 22:12:36,660 [INFO] ApiDb:261 - Set plugin images path to: /opt/st/stm32cubeide_1.14.0/plugins/com.st.stm32cube.common.mx_6.10.0.202311202037//db//plugins/mcufinder/images/
2024-02-29 22:12:36,660 [WARN] DbFile:41 - Overriding database path with different value: /home/lars/.stmcufinder/plugins/mcufinder/ => /home/lars/.stmcufinder/plugins/mcufinder
2024-02-29 22:12:36,660 [INFO] ApiDb:250 - Set database path to: /home/lars/.stmcufinder/plugins/mcufinder//mcu/
2024-02-29 22:12:36,660 [WARN] DbFile:41 - Overriding database path with different value: /home/lars/.stmcufinder/plugins/mcufinder/ => /home/lars/.stmcufinder/plugins/mcufinder
2024-02-29 22:12:36,660 [INFO] DbMcusAds:125 - Set database path to: /home/lars/.stmcufinder/plugins/mcufinder//mcu/
2024-02-29 22:12:36,660 [WARN] DbFile:41 - Overriding database path with different value: /home/lars/.stmcufinder/plugins/mcufinder/ => /home/lars/.stmcufinder/plugins/mcufinder
2024-02-29 22:12:36,660 [WARN] DbFile:41 - Overriding database path with different value: /home/lars/.stmcufinder/plugins/mcufinder/ => /home/lars/.stmcufinder/plugins/mcufinder
2024-02-29 22:12:36,661 [INFO] CrossReferenceDbSqlite:203 - Set database path to: /home/lars/.stmcufinder/plugins/mcufinder//mcu/cs/
2024-02-29 22:12:36,669 [INFO] ApplicationProperties:184 - Using Application install path: /opt/st/stm32cubeide_1.14.0/plugins/com.st.stm32cube.common.mx_6.10.0.202311202037
2024-02-29 22:12:36,670 [INFO] PluginManage:196 - Search for loadable plugins [exclusion list=, ]
2024-02-29 22:12:36,671 [INFO] PluginManage:310 - Check plugin analytics
2024-02-29 22:12:36,762 [INFO] AnalyticsPlugin:253 - Accepted Software Licenses: 
2024-02-29 22:12:36,762 [INFO] AnalyticsPlugin:255 - Accepted CMSIS Pack Licenses: 
2024-02-29 22:12:36,762 [INFO] AnalyticsPlugin:257 - Accepted Firmware Licenses: 
2024-02-29 22:12:36,764 [INFO] PluginManage:359 - Loaded plugin analytics (category:tool,tabindex:-1)
2024-02-29 22:12:36,764 [INFO] PluginManage:310 - Check plugin cadmodel
2024-02-29 22:12:36,775 [INFO] CADModel:105 - Init CAD model plugin
2024-02-29 22:12:36,775 [INFO] PluginManage:359 - Loaded plugin cadmodel (category:power,tabindex:5)
2024-02-29 22:12:36,775 [INFO] PluginManage:310 - Check plugin clock
2024-02-29 22:12:36,780 [INFO] PluginManage:359 - Loaded plugin clock (category:base,tabindex:2)
2024-02-29 22:12:36,780 [INFO] PluginManage:310 - Check plugin ddr
2024-02-29 22:12:36,781 [INFO] PluginManage:359 - Loaded plugin ddr (category:tool,tabindex:6)
2024-02-29 22:12:36,781 [INFO] PluginManage:310 - Check plugin filemanager
2024-02-29 22:12:36,863 [INFO] PluginManage:359 - Loaded plugin filemanager (category:base,tabindex:10)
2024-02-29 22:12:36,864 [INFO] PluginManage:310 - Check plugin ipmanager
2024-02-29 22:12:36,867 [INFO] PluginManage:359 - Loaded plugin ipmanager (category:base,tabindex:5)
2024-02-29 22:12:36,867 [INFO] PluginManage:310 - Check plugin lpbam
2024-02-29 22:12:36,874 [INFO] PluginManage:359 - Loaded plugin lpbam (category:base,tabindex:0)
2024-02-29 22:12:36,874 [INFO] PluginManage:310 - Check plugin memorymap
2024-02-29 22:12:36,883 [INFO] PluginManage:359 - Loaded plugin memorymap (category:base,tabindex:4)
2024-02-29 22:12:36,883 [INFO] PluginManage:310 - Check plugin pinoutandconfiguration
2024-02-29 22:12:36,888 [INFO] PluginManage:359 - Loaded plugin pinoutandconfiguration (category:base,tabindex:1)
2024-02-29 22:12:36,888 [INFO] PluginManage:310 - Check plugin pinoutconfig
2024-02-29 22:12:36,963 [WARN] SupportedApi:132 - Cannot load RTOS API schema: s4s-elt-must-match.1: The content of 'definitions' must match (annotation?, (simpleType | complexType)?, (unique | key | keyref)*)). A problem was found starting at: attribute.
2024-02-29 22:12:37,051 [INFO] PluginManage:359 - Loaded plugin pinoutconfig (category:base,tabindex:0)
2024-02-29 22:12:37,051 [INFO] PluginManage:310 - Check plugin power
2024-02-29 22:12:37,057 [INFO] PluginManage:359 - Loaded plugin power (category:power,tabindex:4)
2024-02-29 22:12:37,058 [INFO] PluginManage:310 - Check plugin projectmanager
2024-02-29 22:12:37,071 [INFO] PluginManage:359 - Loaded plugin projectmanager (category:projectmanager,tabindex:3)
2024-02-29 22:12:37,072 [INFO] PluginManage:310 - Check plugin thirdparty
2024-02-29 22:12:37,151 [INFO] PluginManage:359 - Loaded plugin thirdparty (category:base,tabindex:-1)
2024-02-29 22:12:37,151 [WARN] IntegrityCheckThread:84 - waiting for thirdparty lock release [integrity check]
2024-02-29 22:12:37,151 [INFO] IntegrityCheckThread:86 - entering critical section [integrity check]
2024-02-29 22:12:37,151 [INFO] PluginManage:310 - Check plugin tools
2024-02-29 22:12:37,151 [INFO] ThirdPartyUpdaterWithRetryManager:70 - Updater plugin not ready yet. [1/15]
2024-02-29 22:12:37,153 [INFO] PluginManage:359 - Loaded plugin tools (category:base,tabindex:7)
2024-02-29 22:12:37,153 [INFO] PluginManage:310 - Check plugin tutovideos
2024-02-29 22:12:37,264 [INFO] PluginManage:359 - Loaded plugin tutovideos (category:base,tabindex:-1)
2024-02-29 22:12:37,264 [INFO] PluginManage:310 - Check plugin updater
2024-02-29 22:12:37,271 [INFO] PluginManage:359 - Loaded plugin updater (category:base,tabindex:12)
2024-02-29 22:12:37,272 [INFO] PluginManage:310 - Check plugin userauth
2024-02-29 22:12:37,276 [INFO] UserAuth:114 - Init User Auth plugin
2024-02-29 22:12:37,276 [INFO] PluginManage:359 - Loaded plugin userauth (category:base,tabindex:14)
2024-02-29 22:12:37,276 [INFO] PluginManage:283 - PluginManage : Loaded plugins [17]
2024-02-29 22:12:37,396 [INFO] PinOutPanel:1499 - setPackage(No Configuration,No Configuration)
2024-02-29 22:12:37,459 [INFO] CADModel:165 - CPN selected for project level
2024-02-29 22:12:37,459 [INFO] CADModel:114 - Register for checkConnection events
2024-02-29 22:12:37,470 [INFO] IPUIPlugin:80 - create IPUIPlugin
2024-02-29 22:12:37,470 [INFO] PluginManager:220 - loadIPPluginJar : add i2s
2024-02-29 22:12:37,473 [INFO] IPUIPlugin:80 - create IPUIPlugin
2024-02-29 22:12:37,473 [INFO] PluginManager:220 - loadIPPluginJar : add ipddr
2024-02-29 22:12:37,475 [INFO] IPUIPlugin:80 - create IPUIPlugin
2024-02-29 22:12:37,475 [INFO] PluginManager:220 - loadIPPluginJar : add tracer_emb
2024-02-29 22:12:37,477 [INFO] IPUIPlugin:80 - create IPUIPlugin
2024-02-29 22:12:37,477 [INFO] PluginManager:220 - loadIPPluginJar : add usart
2024-02-29 22:12:37,479 [INFO] IPUIPlugin:80 - create IPUIPlugin
2024-02-29 22:12:37,479 [INFO] PluginManager:220 - loadIPPluginJar : add gtzc
2024-02-29 22:12:37,480 [INFO] IPUIPlugin:80 - create IPUIPlugin
2024-02-29 22:12:37,480 [INFO] PluginManager:220 - loadIPPluginJar : add quadspi
2024-02-29 22:12:37,482 [INFO] IPUIPlugin:80 - create IPUIPlugin
2024-02-29 22:12:37,482 [INFO] PluginManager:220 - loadIPPluginJar : add gpio
2024-02-29 22:12:37,484 [INFO] IPUIPlugin:80 - create IPUIPlugin
2024-02-29 22:12:37,484 [INFO] PluginManager:220 - loadIPPluginJar : add usbx
2024-02-29 22:12:37,489 [INFO] IPUIPlugin:80 - create IPUIPlugin
2024-02-29 22:12:37,489 [INFO] PluginManager:220 - loadIPPluginJar : add adc
2024-02-29 22:12:37,494 [INFO] IPUIPlugin:80 - create IPUIPlugin
2024-02-29 22:12:37,494 [INFO] PluginManager:220 - loadIPPluginJar : add mdma
2024-02-29 22:12:37,495 [INFO] IPUIPlugin:80 - create IPUIPlugin
2024-02-29 22:12:37,495 [INFO] PluginManager:220 - loadIPPluginJar : add tsc
2024-02-29 22:12:37,497 [INFO] IPUIPlugin:80 - create IPUIPlugin
2024-02-29 22:12:37,497 [INFO] PluginManager:220 - loadIPPluginJar : add aes
2024-02-29 22:12:37,499 [INFO] IPUIPlugin:80 - create IPUIPlugin
2024-02-29 22:12:37,499 [INFO] PluginManager:220 - loadIPPluginJar : add i3c
2024-02-29 22:12:37,501 [INFO] IPUIPlugin:80 - create IPUIPlugin
2024-02-29 22:12:37,501 [INFO] PluginManager:220 - loadIPPluginJar : add ts
2024-02-29 22:12:37,502 [INFO] IPUIPlugin:80 - create IPUIPlugin
2024-02-29 22:12:37,502 [INFO] PluginManager:220 - loadIPPluginJar : add can
2024-02-29 22:12:37,504 [INFO] IPUIPlugin:80 - create IPUIPlugin
2024-02-29 22:12:37,504 [INFO] PluginManager:220 - loadIPPluginJar : add cryp
2024-02-29 22:12:37,507 [INFO] IPUIPlugin:80 - create IPUIPlugin
2024-02-29 22:12:37,508 [INFO] PluginManager:220 - loadIPPluginJar : add stm32_wpan
2024-02-29 22:12:37,509 [INFO] IPUIPlugin:80 - create IPUIPlugin
2024-02-29 22:12:37,509 [INFO] PluginManager:220 - loadIPPluginJar : add genericplugin
2024-02-29 22:12:37,510 [INFO] IPUIPlugin:80 - create IPUIPlugin
2024-02-29 22:12:37,510 [INFO] PluginManager:220 - loadIPPluginJar : add spi
2024-02-29 22:12:37,512 [INFO] IPUIPlugin:80 - create IPUIPlugin
2024-02-29 22:12:37,513 [INFO] PluginManager:220 - loadIPPluginJar : add resmgrutility
2024-02-29 22:12:37,514 [INFO] IPUIPlugin:80 - create IPUIPlugin
2024-02-29 22:12:37,514 [INFO] PluginManager:220 - loadIPPluginJar : add gfxmmu
2024-02-29 22:12:37,515 [INFO] IPUIPlugin:80 - create IPUIPlugin
2024-02-29 22:12:37,515 [INFO] PluginManager:220 - loadIPPluginJar : add ucpd
2024-02-29 22:12:37,522 [INFO] IPUIPlugin:80 - create IPUIPlugin
2024-02-29 22:12:37,523 [INFO] PluginManager:220 - loadIPPluginJar : add linkedlist
2024-02-29 22:12:37,525 [INFO] IPUIPlugin:80 - create IPUIPlugin
2024-02-29 22:12:37,525 [INFO] PluginManager:220 - loadIPPluginJar : add hash
2024-02-29 22:12:37,527 [INFO] IPUIPlugin:80 - create IPUIPlugin
2024-02-29 22:12:37,527 [INFO] PluginManager:220 - loadIPPluginJar : add openamp
2024-02-29 22:12:37,530 [INFO] IPUIPlugin:80 - create IPUIPlugin
2024-02-29 22:12:37,530 [INFO] PluginManager:220 - loadIPPluginJar : add sai
2024-02-29 22:12:37,532 [INFO] IPUIPlugin:80 - create IPUIPlugin
2024-02-29 22:12:37,532 [INFO] PluginManager:220 - loadIPPluginJar : add opamp
2024-02-29 22:12:37,533 [INFO] IPUIPlugin:80 - create IPUIPlugin
2024-02-29 22:12:37,533 [INFO] PluginManager:220 - loadIPPluginJar : add comp
2024-02-29 22:12:37,535 [INFO] IPUIPlugin:80 - create IPUIPlugin
2024-02-29 22:12:37,535 [INFO] PluginManager:220 - loadIPPluginJar : add dma3
2024-02-29 22:12:37,540 [INFO] IPUIPlugin:80 - create IPUIPlugin
2024-02-29 22:12:37,541 [INFO] PluginManager:220 - loadIPPluginJar : add dma
2024-02-29 22:12:37,543 [INFO] IPUIPlugin:80 - create IPUIPlugin
2024-02-29 22:12:37,543 [INFO] PluginManager:220 - loadIPPluginJar : add pdm2pcm
2024-02-29 22:12:37,546 [INFO] IPUIPlugin:80 - create IPUIPlugin
2024-02-29 22:12:37,546 [INFO] PluginManager:220 - loadIPPluginJar : add touchsensing
2024-02-29 22:12:37,547 [INFO] IPUIPlugin:80 - create IPUIPlugin
2024-02-29 22:12:37,547 [INFO] PluginManager:220 - loadIPPluginJar : add ltdc
2024-02-29 22:12:37,549 [INFO] IPUIPlugin:80 - create IPUIPlugin
2024-02-29 22:12:37,549 [INFO] PluginManager:220 - loadIPPluginJar : add i2c
2024-02-29 22:12:37,552 [INFO] IPUIPlugin:80 - create IPUIPlugin
2024-02-29 22:12:37,553 [INFO] PluginManager:220 - loadIPPluginJar : add fmc
2024-02-29 22:12:37,554 [INFO] IPUIPlugin:80 - create IPUIPlugin
2024-02-29 22:12:37,554 [INFO] PluginManager:220 - loadIPPluginJar : add lorawan
2024-02-29 22:12:37,556 [INFO] IPUIPlugin:80 - create IPUIPlugin
2024-02-29 22:12:37,556 [INFO] PluginManager:220 - loadIPPluginJar : add tim
2024-02-29 22:12:37,561 [INFO] IPUIPlugin:80 - create IPUIPlugin
2024-02-29 22:12:37,564 [INFO] PluginManager:220 - loadIPPluginJar : add plateformsettings
2024-02-29 22:12:37,569 [INFO] IPUIPlugin:80 - create IPUIPlugin
2024-02-29 22:12:37,570 [INFO] PluginManager:220 - loadIPPluginJar : add freertos
2024-02-29 22:12:37,572 [INFO] IPUIPlugin:80 - create IPUIPlugin
2024-02-29 22:12:37,572 [INFO] PluginManager:220 - loadIPPluginJar : add dfsdm
2024-02-29 22:12:37,575 [INFO] IPUIPlugin:80 - create IPUIPlugin
2024-02-29 22:12:37,575 [INFO] PluginManager:220 - loadIPPluginJar : add nvic
2024-02-29 22:12:37,579 [INFO] IPUIPlugin:80 - create IPUIPlugin
2024-02-29 22:12:37,580 [INFO] PluginManager:220 - loadIPPluginJar : add gic
2024-02-29 22:12:37,581 [INFO] IPUIPlugin:80 - create IPUIPlugin
2024-02-29 22:12:37,581 [INFO] PluginManager:220 - loadIPPluginJar : add fatfs
2024-02-29 22:12:37,678 [INFO] CADModel:165 - CPN selected for project level
2024-02-29 22:12:37,678 [INFO] CADModel:114 - Register for checkConnection events
2024-02-29 22:12:37,678 [FATAL] Updater:308 - Updater called before beeing initialized
2024-02-29 22:12:37,678 [ERROR] CADModel:125 - Updater not yet initialized, retry later 
2024-02-29 22:12:37,777 [INFO] CADModel:165 - CPN selected for project level
2024-02-29 22:12:37,777 [INFO] CADModel:114 - Register for checkConnection events
2024-02-29 22:12:37,777 [FATAL] Updater:308 - Updater called before beeing initialized
2024-02-29 22:12:37,777 [ERROR] CADModel:125 - Updater not yet initialized, retry later 
2024-02-29 22:12:37,780 [FATAL] Updater:308 - Updater called before beeing initialized
2024-02-29 22:12:37,834 [FATAL] Updater:308 - Updater called before beeing initialized
2024-02-29 22:12:37,837 [INFO] DbMcusAds:53 - JSON generation date=Wed Nov 29 02:52:27 PST 2023 (1701255147349)
2024-02-29 22:12:37,838 [FATAL] Updater:308 - Updater called before beeing initialized
2024-02-29 22:12:37,869 [WARN] DetailPanel:346 - Failed to get advertising image, set to default
2024-02-29 22:12:37,935 [FATAL] Updater:308 - Updater called before beeing initialized
2024-02-29 22:12:37,936 [FATAL] Updater:308 - Updater called before beeing initialized
2024-02-29 22:12:37,937 [FATAL] Updater:308 - Updater called before beeing initialized
2024-02-29 22:12:37,937 [WARN] DetailPanel:346 - Failed to get advertising image, set to default
2024-02-29 22:12:37,937 [FATAL] Updater:308 - Updater called before beeing initialized
2024-02-29 22:12:37,964 [ERROR] Updater:1120 - MainUpdater not yet initialized. External WinMGr cannot be set.
2024-02-29 22:12:37,966 [INFO] Updater:1056 - Updater Version found : 6.10.0
2024-02-29 22:12:37,982 [INFO] ApplicationProperties:184 - Using Application install path: /opt/st/stm32cubeide_1.14.0/plugins/com.st.stm32cube.common.mx_6.10.0.202311202037
2024-02-29 22:12:37,995 [ERROR] LogOutputStream:75 - [STDERR_REDIRECT] Feb 29, 2024 10:12:37 PM java.util.prefs.FileSystemPreferences$2 run
2024-02-29 22:12:37,995 [ERROR] LogOutputStream:75 - [STDERR_REDIRECT] WARNING: Could not create system preferences directory. System preferences are unusable.
2024-02-29 22:12:37,996 [ERROR] LogOutputStream:75 - [STDERR_REDIRECT] 
2024-02-29 22:12:38,254 [INFO] MainUpdater:2873 - connection check result : 10
2024-02-29 22:12:38,256 [INFO] MainUpdater:290 - Updater Check For Update Now.
2024-02-29 22:12:38,256 [INFO] MicroXplorer:498 - Change Database Version : DB.6.0.100
2024-02-29 22:12:38,264 [INFO] McuFinderGlobals:63 - Set McuFinder mode to 2 (CubeIDE integrated)
2024-02-29 22:12:38,265 [INFO] UserAuth:180 - activating auth plugin
2024-02-29 22:12:38,274 [INFO] UserAuth:404 - Internet connection configuration mode: 1
2024-02-29 22:12:38,291 [INFO] JxBrowserEngine:152 - Initiate JxBrowser Engine with user profile folder
2024-02-29 22:12:38,449 [INFO] CheckServerUpdateThread:120 - End of CheckServer Thread
2024-02-29 22:12:38,702 [INFO] WebApp:161 - Instantiating new browser for Auth
2024-02-29 22:12:39,036 [INFO] WebApp:780 - Register for checkConnection events
2024-02-29 22:12:39,036 [INFO] WebApp:414 - Apply proxy settings
2024-02-29 22:12:39,036 [INFO] WebApp:499 - Chromium requires no authentication
2024-02-29 22:12:39,041 [INFO] WebApp:442 - Direct internet connection detected
2024-02-29 22:12:39,141 [INFO] WebApp:192 - Starting web application
2024-02-29 22:12:39,141 [INFO] WebApp:544 - Web application path used /opt/st/stm32cubeide_1.14.0/plugins/com.st.stm32cube.common.mx_6.10.0.202311202037/db/plugins/mcufinder/reactClient1/index.html
2024-02-29 22:12:40,221 [WARN] PackLoader:240 - Cannot read IP mode file for STMicroelectronics.X-CUBE-SMBUS.2.1.0
2024-02-29 22:12:40,225 [WARN] PackLoader:240 - Cannot read IP mode file for STMicroelectronics.X-CUBE-TOUCHGFX.4.23.0
2024-02-29 22:12:40,247 [WARN] PackLoader:240 - Cannot read IP mode file for STMicroelectronics.X-CUBE-AZRTOS-F7.1.1.0
2024-02-29 22:12:40,253 [WARN] PackLoader:240 - Cannot read IP mode file for STMicroelectronics.FP-SNS-MOTENV1.4.3.2
2024-02-29 22:12:40,258 [WARN] PackLoader:240 - Cannot read IP mode file for STMicroelectronics.FP-SNS-FLIGHT1.5.0.2
2024-02-29 22:12:40,264 [WARN] PackLoader:240 - Cannot read IP mode file for STMicroelectronics.X-CUBE-DISPLAY.3.0.0
2024-02-29 22:12:40,271 [WARN] PackLoader:240 - Cannot read IP mode file for STMicroelectronics.X-CUBE-BLE1.7.0.0
2024-02-29 22:12:40,274 [WARN] PackLoader:240 - Cannot read IP mode file for emotas.I-CUBE-CANOPEN.1.3.0
2024-02-29 22:12:40,281 [WARN] PackLoader:240 - Cannot read IP mode file for STMicroelectronics.X-CUBE-BLEMGR.3.1.0
2024-02-29 22:12:40,285 [WARN] PackLoader:240 - Cannot read IP mode file for STMicroelectronics.FP-SNS-SMARTAG2.1.2.0
2024-02-29 22:12:40,293 [INFO] LogOutputStream:77 - [STDOUT_REDIRECT] 1 : Invalid condition id : UX_CORESTACK_Condition cause : null
2024-02-29 22:12:40,293 [INFO] LogOutputStream:77 - [STDOUT_REDIRECT] 1 : Invalid condition id : UX_CORESTACK_Condition cause : null
2024-02-29 22:12:40,294 [INFO] LogOutputStream:77 - [STDOUT_REDIRECT] 1 : Invalid condition id : UX_CORESTACK_Condition cause : null
2024-02-29 22:12:40,294 [INFO] LogOutputStream:77 - [STDOUT_REDIRECT] 1 : Invalid condition id : UX_CORESTACK_Condition cause : null
2024-02-29 22:12:40,294 [INFO] LogOutputStream:77 - [STDOUT_REDIRECT] 1 : Invalid condition id : UX_CORESTACK_Condition cause : null
2024-02-29 22:12:40,296 [WARN] PackLoader:240 - Cannot read IP mode file for STMicroelectronics.X-CUBE-AZRTOS-WL.2.0.0
2024-02-29 22:12:40,301 [WARN] PackLoader:240 - Cannot read IP mode file for WES.I-CUBE-Cesium.1.3.0
2024-02-29 22:12:40,304 [WARN] PackLoader:240 - Cannot read IP mode file for STMicroelectronics.X-CUBE-BLE2.3.3.0
2024-02-29 22:12:40,308 [WARN] PackLoader:240 - Cannot read IP mode file for STMicroelectronics.X-CUBE-ALGOBUILD.1.3.0
2024-02-29 22:12:40,319 [WARN] PackLoader:240 - Cannot read IP mode file for STMicroelectronics.X-CUBE-AZRTOS-G0.1.1.0
2024-02-29 22:12:40,325 [WARN] PackLoader:240 - Cannot read IP mode file for STMicroelectronics.X-CUBE-NFC4.3.0.0
2024-02-29 22:12:40,327 [WARN] PackLoader:240 - Cannot read IP mode file for STMicroelectronics.FP-ATR-SIGFOX1.3.2.0
2024-02-29 22:12:40,331 [WARN] PackLoader:240 - Cannot read IP mode file for STMicroelectronics.X-CUBE-EEPRMA1.5.1.0
2024-02-29 22:12:40,364 [WARN] PackLoader:240 - Cannot read IP mode file for SEGGER.I-CUBE-embOS.1.3.1
2024-02-29 22:12:40,408 [WARN] PackLoader:240 - Cannot read IP mode file for STMicroelectronics.X-CUBE-GNSS1.6.0.0
2024-02-29 22:12:40,422 [WARN] PackLoader:240 - Cannot read IP mode file for STMicroelectronics.X-CUBE-AZRTOS-F4.1.1.0
2024-02-29 22:12:40,428 [WARN] PackLoader:240 - Cannot read IP mode file for wolfSSL.I-CUBE-wolfSSL.5.6.6
2024-02-29 22:12:40,442 [WARN] PackLoader:240 - Cannot read IP mode file for STMicroelectronics.X-CUBE-AZRTOS-L5.2.0.0
2024-02-29 22:12:40,449 [WARN] PackLoader:240 - Cannot read IP mode file for ITTIA_DB.I-CUBE-ITTIADB.8.8.0
2024-02-29 22:12:40,452 [WARN] PackLoader:240 - Cannot read IP mode file for STMicroelectronics.X-CUBE-NFC7.1.0.1
2024-02-29 22:12:40,458 [WARN] PackLoader:240 - Cannot read IP mode file for STMicroelectronics.X-CUBE-NFC6.3.0.0
2024-02-29 22:12:40,461 [WARN] PackLoader:240 - Cannot read IP mode file for STMicroelectronics.X-CUBE-AI.8.1.0
2024-02-29 22:12:40,474 [WARN] ConditionMgr:438 - getConditionDescription Invalid condition id : LAN8742 Phy interface Condition cause : null
2024-02-29 22:12:40,475 [WARN] PackLoader:240 - Cannot read IP mode file for STMicroelectronics.X-CUBE-AZRTOS-L4.2.0.0
2024-02-29 22:12:40,477 [WARN] ConditionMgr:1039 - genDependencies : Invalid condition id : LAN8742 Phy interface Condition cause : null
2024-02-29 22:12:40,477 [WARN] ConditionMgr:1039 - genDependencies : Invalid condition id : LAN8742 Phy interface Condition cause : null
2024-02-29 22:12:40,478 [WARN] ConditionMgr:1039 - genDependencies : Invalid condition id : LAN8742 Phy interface Condition cause : null
2024-02-29 22:12:40,483 [WARN] PackLoader:240 - Cannot read IP mode file for STMicroelectronics.X-CUBE-SFXS2LP1.4.0.0
2024-02-29 22:12:40,495 [WARN] ConditionMgr:438 - getConditionDescription Invalid condition id : UX DEVICE CLASS RTOS Condition cause : null
2024-02-29 22:12:40,496 [WARN] ConditionMgr:438 - getConditionDescription Invalid condition id : UX DEVICE CLASS RTOS Condition cause : null
2024-02-29 22:12:40,497 [WARN] PackLoader:240 - Cannot read IP mode file for STMicroelectronics.X-CUBE-AZRTOS-WB.2.0.0
2024-02-29 22:12:40,497 [WARN] ConditionMgr:1039 - genDependencies : Invalid condition id : UX DEVICE CLASS RTOS Condition cause : null
2024-02-29 22:12:40,497 [WARN] ConditionMgr:1039 - genDependencies : Invalid condition id : UX DEVICE CLASS RTOS Condition cause : null
2024-02-29 22:12:40,498 [WARN] ConditionMgr:1039 - genDependencies : Invalid condition id : UX DEVICE CLASS RTOS Condition cause : null
2024-02-29 22:12:40,498 [WARN] ConditionMgr:1039 - genDependencies : Invalid condition id : UX DEVICE CLASS RTOS Condition cause : null
2024-02-29 22:12:40,498 [WARN] ConditionMgr:1039 - genDependencies : Invalid condition id : UX DEVICE CLASS RTOS Condition cause : null
2024-02-29 22:12:40,504 [WARN] PackLoader:240 - Cannot read IP mode file for STMicroelectronics.X-CUBE-SUBG2.5.0.0
2024-02-29 22:12:40,519 [WARN] PackLoader:240 - Cannot read IP mode file for STMicroelectronics.X-CUBE-AZRTOS-G4.2.0.0
2024-02-29 22:12:40,530 [WARN] PackLoader:240 - Cannot read IP mode file for Infineon.AIROC-Wi-Fi-Bluetooth-STM32.1.5.1
2024-02-29 22:12:40,535 [WARN] PackLoader:240 - Cannot read IP mode file for STMicroelectronics.FP-SNS-MOTENVWB1.1.3.1
2024-02-29 22:12:40,537 [WARN] PackLoader:240 - Cannot read IP mode file for STMicroelectronics.X-CUBE-ISPU.2.0.0
2024-02-29 22:12:40,575 [WARN] PackLoader:240 - Cannot read IP mode file for STMicroelectronics.X-CUBE-MEMS1.10.0.0
2024-02-29 22:12:40,668 [WARN] PackLoader:240 - Cannot read IP mode file for STMicroelectronics.X-CUBE-FREERTOS.1.1.0
2024-02-29 22:12:40,671 [WARN] PackLoader:240 - Cannot read IP mode file for portGmbH.I-Cube-SoM-uGOAL.1.1.0
2024-02-29 22:12:40,672 [WARN] PackLoader:240 - Cannot read IP mode file for STMicroelectronics.X-CUBE-ALS.1.0.1
2024-02-29 22:12:40,674 [WARN] PackLoader:240 - Cannot read IP mode file for STMicroelectronics.FP-ATR-ASTRA1.2.0.0
2024-02-29 22:12:40,681 [WARN] PackLoader:240 - Cannot read IP mode file for STMicroelectronics.X-CUBE-TOF1.3.4.0
2024-02-29 22:12:40,703 [WARN] PackLoader:240 - Cannot read IP mode file for STMicroelectronics.X-CUBE-AZRTOS-H7.3.2.0
2024-02-29 22:12:40,705 [INFO] ThirdParty:978 - Integrity check success = true
2024-02-29 22:12:40,706 [INFO] IntegrityCheckThread:100 - exiting critical section [integrity check]
2024-02-29 22:12:40,706 [INFO] IntegrityCheckThread:103 - End integrity checks thread
2024-02-29 22:12:59,427 [ERROR] LogOutputStream:75 - [STDERR_REDIRECT] SLF4J: Failed to load class "org.slf4j.impl.StaticLoggerBinder".
2024-02-29 22:12:59,428 [ERROR] LogOutputStream:75 - [STDERR_REDIRECT] SLF4J: Defaulting to no-operation (NOP) logger implementation
2024-02-29 22:12:59,428 [ERROR] LogOutputStream:75 - [STDERR_REDIRECT] SLF4J: See http://www.slf4j.org/codes.html#StaticLoggerBinder for further details.
2024-02-29 22:13:06,208 [ERROR] LogOutputStream:75 - [STDERR_REDIRECT] Feb 29, 2024 10:13:06 PM java.util.prefs.FileSystemPreferences checkLockFile0ErrorCode
2024-02-29 22:13:06,209 [ERROR] LogOutputStream:75 - [STDERR_REDIRECT] WARNING: Could not lock System prefs. Unix error code 32746.
2024-02-29 22:13:06,209 [ERROR] LogOutputStream:75 - [STDERR_REDIRECT] 
2024-02-29 22:13:06,210 [ERROR] LogOutputStream:75 - [STDERR_REDIRECT] Feb 29, 2024 10:13:06 PM java.util.prefs.FileSystemPreferences syncWorld
2024-02-29 22:13:06,210 [ERROR] LogOutputStream:75 - [STDERR_REDIRECT] WARNING: Couldn't flush system prefs: java.util.prefs.BackingStoreException: Couldn't get file lock.
2024-02-29 22:13:06,211 [ERROR] LogOutputStream:75 - [STDERR_REDIRECT] 
2024-02-29 22:13:36,202 [ERROR] LogOutputStream:75 - [STDERR_REDIRECT] Feb 29, 2024 10:13:36 PM java.util.prefs.FileSystemPreferences checkLockFile0ErrorCode
2024-02-29 22:13:36,203 [ERROR] LogOutputStream:75 - [STDERR_REDIRECT] WARNING: Could not lock System prefs. Unix error code 32746.
2024-02-29 22:13:36,203 [ERROR] LogOutputStream:75 - [STDERR_REDIRECT] 
2024-02-29 22:13:36,204 [ERROR] LogOutputStream:75 - [STDERR_REDIRECT] Feb 29, 2024 10:13:36 PM java.util.prefs.FileSystemPreferences syncWorld
2024-02-29 22:13:36,204 [ERROR] LogOutputStream:75 - [STDERR_REDIRECT] WARNING: Couldn't flush system prefs: java.util.prefs.BackingStoreException: Couldn't get file lock.
2024-02-29 22:13:36,204 [ERROR] LogOutputStream:75 - [STDERR_REDIRECT] 
2024-02-29 22:14:06,204 [ERROR] LogOutputStream:75 - [STDERR_REDIRECT] Feb 29, 2024 10:14:06 PM java.util.prefs.FileSystemPreferences checkLockFile0ErrorCode
2024-02-29 22:14:06,204 [ERROR] LogOutputStream:75 - [STDERR_REDIRECT] WARNING: Could not lock System prefs. Unix error code 32746.
2024-02-29 22:14:06,205 [ERROR] LogOutputStream:75 - [STDERR_REDIRECT] 
2024-02-29 22:14:06,205 [ERROR] LogOutputStream:75 - [STDERR_REDIRECT] Feb 29, 2024 10:14:06 PM java.util.prefs.FileSystemPreferences syncWorld
2024-02-29 22:14:06,206 [ERROR] LogOutputStream:75 - [STDERR_REDIRECT] WARNING: Couldn't flush system prefs: java.util.prefs.BackingStoreException: Couldn't get file lock.
2024-02-29 22:14:06,206 [ERROR] LogOutputStream:75 - [STDERR_REDIRECT] 
2024-02-29 22:14:36,204 [ERROR] LogOutputStream:75 - [STDERR_REDIRECT] Feb 29, 2024 10:14:36 PM java.util.prefs.FileSystemPreferences checkLockFile0ErrorCode
2024-02-29 22:14:36,205 [ERROR] LogOutputStream:75 - [STDERR_REDIRECT] WARNING: Could not lock System prefs. Unix error code 32746.
2024-02-29 22:14:36,205 [ERROR] LogOutputStream:75 - [STDERR_REDIRECT] 
2024-02-29 22:14:36,206 [ERROR] LogOutputStream:75 - [STDERR_REDIRECT] Feb 29, 2024 10:14:36 PM java.util.prefs.FileSystemPreferences syncWorld
2024-02-29 22:14:36,206 [ERROR] LogOutputStream:75 - [STDERR_REDIRECT] WARNING: Couldn't flush system prefs: java.util.prefs.BackingStoreException: Couldn't get file lock.
2024-02-29 22:14:36,206 [ERROR] LogOutputStream:75 - [STDERR_REDIRECT] 
2024-02-29 22:15:06,205 [ERROR] LogOutputStream:75 - [STDERR_REDIRECT] Feb 29, 2024 10:15:06 PM java.util.prefs.FileSystemPreferences checkLockFile0ErrorCode
2024-02-29 22:15:06,206 [ERROR] LogOutputStream:75 - [STDERR_REDIRECT] WARNING: Could not lock System prefs. Unix error code 32746.
2024-02-29 22:15:06,206 [ERROR] LogOutputStream:75 - [STDERR_REDIRECT] 
2024-02-29 22:15:06,206 [ERROR] LogOutputStream:75 - [STDERR_REDIRECT] Feb 29, 2024 10:15:06 PM java.util.prefs.FileSystemPreferences syncWorld
2024-02-29 22:15:06,206 [ERROR] LogOutputStream:75 - [STDERR_REDIRECT] WARNING: Couldn't flush system prefs: java.util.prefs.BackingStoreException: Couldn't get file lock.
2024-02-29 22:15:06,206 [ERROR] LogOutputStream:75 - [STDERR_REDIRECT] 
2024-02-29 22:15:36,204 [ERROR] LogOutputStream:75 - [STDERR_REDIRECT] Feb 29, 2024 10:15:36 PM java.util.prefs.FileSystemPreferences checkLockFile0ErrorCode
2024-02-29 22:15:36,204 [ERROR] LogOutputStream:75 - [STDERR_REDIRECT] WARNING: Could not lock System prefs. Unix error code 32746.
2024-02-29 22:15:36,204 [ERROR] LogOutputStream:75 - [STDERR_REDIRECT] 
2024-02-29 22:15:36,204 [ERROR] LogOutputStream:75 - [STDERR_REDIRECT] Feb 29, 2024 10:15:36 PM java.util.prefs.FileSystemPreferences syncWorld
2024-02-29 22:15:36,204 [ERROR] LogOutputStream:75 - [STDERR_REDIRECT] WARNING: Couldn't flush system prefs: java.util.prefs.BackingStoreException: Couldn't get file lock.
2024-02-29 22:15:36,204 [ERROR] LogOutputStream:75 - [STDERR_REDIRECT] 
2024-02-29 22:16:06,210 [ERROR] LogOutputStream:75 - [STDERR_REDIRECT] Feb 29, 2024 10:16:06 PM java.util.prefs.FileSystemPreferences checkLockFile0ErrorCode
2024-02-29 22:16:06,210 [ERROR] LogOutputStream:75 - [STDERR_REDIRECT] WARNING: Could not lock System prefs. Unix error code 32746.
2024-02-29 22:16:06,210 [ERROR] LogOutputStream:75 - [STDERR_REDIRECT] 
2024-02-29 22:16:06,211 [ERROR] LogOutputStream:75 - [STDERR_REDIRECT] Feb 29, 2024 10:16:06 PM java.util.prefs.FileSystemPreferences syncWorld
2024-02-29 22:16:06,211 [ERROR] LogOutputStream:75 - [STDERR_REDIRECT] WARNING: Couldn't flush system prefs: java.util.prefs.BackingStoreException: Couldn't get file lock.
2024-02-29 22:16:06,211 [ERROR] LogOutputStream:75 - [STDERR_REDIRECT] 
2024-02-29 22:16:36,206 [ERROR] LogOutputStream:75 - [STDERR_REDIRECT] Feb 29, 2024 10:16:36 PM java.util.prefs.FileSystemPreferences checkLockFile0ErrorCode
2024-02-29 22:16:36,206 [ERROR] LogOutputStream:75 - [STDERR_REDIRECT] WARNING: Could not lock System prefs. Unix error code 32746.
2024-02-29 22:16:36,207 [ERROR] LogOutputStream:75 - [STDERR_REDIRECT] 
2024-02-29 22:16:36,207 [ERROR] LogOutputStream:75 - [STDERR_REDIRECT] Feb 29, 2024 10:16:36 PM java.util.prefs.FileSystemPreferences syncWorld
2024-02-29 22:16:36,207 [ERROR] LogOutputStream:75 - [STDERR_REDIRECT] WARNING: Couldn't flush system prefs: java.util.prefs.BackingStoreException: Couldn't get file lock.
2024-02-29 22:16:36,208 [ERROR] LogOutputStream:75 - [STDERR_REDIRECT] 
2024-02-29 22:17:06,205 [ERROR] LogOutputStream:75 - [STDERR_REDIRECT] Feb 29, 2024 10:17:06 PM java.util.prefs.FileSystemPreferences checkLockFile0ErrorCode
2024-02-29 22:17:06,205 [ERROR] LogOutputStream:75 - [STDERR_REDIRECT] WARNING: Could not lock System prefs. Unix error code 32746.
2024-02-29 22:17:06,206 [ERROR] LogOutputStream:75 - [STDERR_REDIRECT] 
2024-02-29 22:17:06,206 [ERROR] LogOutputStream:75 - [STDERR_REDIRECT] Feb 29, 2024 10:17:06 PM java.util.prefs.FileSystemPreferences syncWorld
2024-02-29 22:17:06,206 [ERROR] LogOutputStream:75 - [STDERR_REDIRECT] WARNING: Couldn't flush system prefs: java.util.prefs.BackingStoreException: Couldn't get file lock.
2024-02-29 22:17:06,206 [ERROR] LogOutputStream:75 - [STDERR_REDIRECT] 
2024-02-29 22:17:36,205 [ERROR] LogOutputStream:75 - [STDERR_REDIRECT] Feb 29, 2024 10:17:36 PM java.util.prefs.FileSystemPreferences checkLockFile0ErrorCode
2024-02-29 22:17:36,205 [ERROR] LogOutputStream:75 - [STDERR_REDIRECT] WARNING: Could not lock System prefs. Unix error code 32746.
2024-02-29 22:17:36,206 [ERROR] LogOutputStream:75 - [STDERR_REDIRECT] 
2024-02-29 22:17:36,206 [ERROR] LogOutputStream:75 - [STDERR_REDIRECT] Feb 29, 2024 10:17:36 PM java.util.prefs.FileSystemPreferences syncWorld
2024-02-29 22:17:36,206 [ERROR] LogOutputStream:75 - [STDERR_REDIRECT] WARNING: Couldn't flush system prefs: java.util.prefs.BackingStoreException: Couldn't get file lock.
2024-02-29 22:17:36,206 [ERROR] LogOutputStream:75 - [STDERR_REDIRECT] 
2024-02-29 22:18:06,205 [ERROR] LogOutputStream:75 - [STDERR_REDIRECT] Feb 29, 2024 10:18:06 PM java.util.prefs.FileSystemPreferences checkLockFile0ErrorCode
2024-02-29 22:18:06,206 [ERROR] LogOutputStream:75 - [STDERR_REDIRECT] WARNING: Could not lock System prefs. Unix error code 32746.
2024-02-29 22:18:06,206 [ERROR] LogOutputStream:75 - [STDERR_REDIRECT] 
2024-02-29 22:18:06,207 [ERROR] LogOutputStream:75 - [STDERR_REDIRECT] Feb 29, 2024 10:18:06 PM java.util.prefs.FileSystemPreferences syncWorld
2024-02-29 22:18:06,207 [ERROR] LogOutputStream:75 - [STDERR_REDIRECT] WARNING: Couldn't flush system prefs: java.util.prefs.BackingStoreException: Couldn't get file lock.
2024-02-29 22:18:06,207 [ERROR] LogOutputStream:75 - [STDERR_REDIRECT] 
2024-02-29 22:18:36,206 [ERROR] LogOutputStream:75 - [STDERR_REDIRECT] Feb 29, 2024 10:18:36 PM java.util.prefs.FileSystemPreferences checkLockFile0ErrorCode
2024-02-29 22:18:36,207 [ERROR] LogOutputStream:75 - [STDERR_REDIRECT] WARNING: Could not lock System prefs. Unix error code 32746.
2024-02-29 22:18:36,207 [ERROR] LogOutputStream:75 - [STDERR_REDIRECT] 
2024-02-29 22:18:36,207 [ERROR] LogOutputStream:75 - [STDERR_REDIRECT] Feb 29, 2024 10:18:36 PM java.util.prefs.FileSystemPreferences syncWorld
2024-02-29 22:18:36,207 [ERROR] LogOutputStream:75 - [STDERR_REDIRECT] WARNING: Couldn't flush system prefs: java.util.prefs.BackingStoreException: Couldn't get file lock.
2024-02-29 22:18:36,208 [ERROR] LogOutputStream:75 - [STDERR_REDIRECT] 
2024-02-29 22:19:06,206 [ERROR] LogOutputStream:75 - [STDERR_REDIRECT] Feb 29, 2024 10:19:06 PM java.util.prefs.FileSystemPreferences checkLockFile0ErrorCode
2024-02-29 22:19:06,206 [ERROR] LogOutputStream:75 - [STDERR_REDIRECT] WARNING: Could not lock System prefs. Unix error code 32746.
2024-02-29 22:19:06,207 [ERROR] LogOutputStream:75 - [STDERR_REDIRECT] 
2024-02-29 22:19:06,207 [ERROR] LogOutputStream:75 - [STDERR_REDIRECT] Feb 29, 2024 10:19:06 PM java.util.prefs.FileSystemPreferences syncWorld
2024-02-29 22:19:06,208 [ERROR] LogOutputStream:75 - [STDERR_REDIRECT] WARNING: Couldn't flush system prefs: java.util.prefs.BackingStoreException: Couldn't get file lock.
2024-02-29 22:19:06,208 [ERROR] LogOutputStream:75 - [STDERR_REDIRECT] 
2024-02-29 22:19:36,207 [ERROR] LogOutputStream:75 - [STDERR_REDIRECT] Feb 29, 2024 10:19:36 PM java.util.prefs.FileSystemPreferences checkLockFile0ErrorCode
2024-02-29 22:19:36,207 [ERROR] LogOutputStream:75 - [STDERR_REDIRECT] WARNING: Could not lock System prefs. Unix error code 32746.
2024-02-29 22:19:36,207 [ERROR] LogOutputStream:75 - [STDERR_REDIRECT] 
2024-02-29 22:19:36,208 [ERROR] LogOutputStream:75 - [STDERR_REDIRECT] Feb 29, 2024 10:19:36 PM java.util.prefs.FileSystemPreferences syncWorld
2024-02-29 22:19:36,208 [ERROR] LogOutputStream:75 - [STDERR_REDIRECT] WARNING: Couldn't flush system prefs: java.util.prefs.BackingStoreException: Couldn't get file lock.
2024-02-29 22:19:36,208 [ERROR] LogOutputStream:75 - [STDERR_REDIRECT] 
2024-02-29 22:20:06,207 [ERROR] LogOutputStream:75 - [STDERR_REDIRECT] Feb 29, 2024 10:20:06 PM java.util.prefs.FileSystemPreferences checkLockFile0ErrorCode
2024-02-29 22:20:06,208 [ERROR] LogOutputStream:75 - [STDERR_REDIRECT] WARNING: Could not lock System prefs. Unix error code 32746.
2024-02-29 22:20:06,208 [ERROR] LogOutputStream:75 - [STDERR_REDIRECT] 
2024-02-29 22:20:06,208 [ERROR] LogOutputStream:75 - [STDERR_REDIRECT] Feb 29, 2024 10:20:06 PM java.util.prefs.FileSystemPreferences syncWorld
2024-02-29 22:20:06,208 [ERROR] LogOutputStream:75 - [STDERR_REDIRECT] WARNING: Couldn't flush system prefs: java.util.prefs.BackingStoreException: Couldn't get file lock.
2024-02-29 22:20:06,209 [ERROR] LogOutputStream:75 - [STDERR_REDIRECT] 
2024-02-29 22:20:36,207 [ERROR] LogOutputStream:75 - [STDERR_REDIRECT] Feb 29, 2024 10:20:36 PM java.util.prefs.FileSystemPreferences checkLockFile0ErrorCode
2024-02-29 22:20:36,207 [ERROR] LogOutputStream:75 - [STDERR_REDIRECT] WARNING: Could not lock System prefs. Unix error code 32746.
2024-02-29 22:20:36,207 [ERROR] LogOutputStream:75 - [STDERR_REDIRECT] 
2024-02-29 22:20:36,208 [ERROR] LogOutputStream:75 - [STDERR_REDIRECT] Feb 29, 2024 10:20:36 PM java.util.prefs.FileSystemPreferences syncWorld
2024-02-29 22:20:36,208 [ERROR] LogOutputStream:75 - [STDERR_REDIRECT] WARNING: Couldn't flush system prefs: java.util.prefs.BackingStoreException: Couldn't get file lock.
2024-02-29 22:20:36,208 [ERROR] LogOutputStream:75 - [STDERR_REDIRECT] 
2024-02-29 22:21:06,209 [ERROR] LogOutputStream:75 - [STDERR_REDIRECT] Feb 29, 2024 10:21:06 PM java.util.prefs.FileSystemPreferences checkLockFile0ErrorCode
2024-02-29 22:21:06,210 [ERROR] LogOutputStream:75 - [STDERR_REDIRECT] WARNING: Could not lock System prefs. Unix error code 32746.
2024-02-29 22:21:06,210 [ERROR] LogOutputStream:75 - [STDERR_REDIRECT] 
2024-02-29 22:21:06,210 [ERROR] LogOutputStream:75 - [STDERR_REDIRECT] Feb 29, 2024 10:21:06 PM java.util.prefs.FileSystemPreferences syncWorld
2024-02-29 22:21:06,210 [ERROR] LogOutputStream:75 - [STDERR_REDIRECT] WARNING: Couldn't flush system prefs: java.util.prefs.BackingStoreException: Couldn't get file lock.
2024-02-29 22:21:06,210 [ERROR] LogOutputStream:75 - [STDERR_REDIRECT] 
2024-02-29 22:21:36,207 [ERROR] LogOutputStream:75 - [STDERR_REDIRECT] Feb 29, 2024 10:21:36 PM java.util.prefs.FileSystemPreferences checkLockFile0ErrorCode
2024-02-29 22:21:36,207 [ERROR] LogOutputStream:75 - [STDERR_REDIRECT] WARNING: Could not lock System prefs. Unix error code 32746.
2024-02-29 22:21:36,207 [ERROR] LogOutputStream:75 - [STDERR_REDIRECT] 
2024-02-29 22:21:36,208 [ERROR] LogOutputStream:75 - [STDERR_REDIRECT] Feb 29, 2024 10:21:36 PM java.util.prefs.FileSystemPreferences syncWorld
2024-02-29 22:21:36,208 [ERROR] LogOutputStream:75 - [STDERR_REDIRECT] WARNING: Couldn't flush system prefs: java.util.prefs.BackingStoreException: Couldn't get file lock.
2024-02-29 22:21:36,208 [ERROR] LogOutputStream:75 - [STDERR_REDIRECT] 
2024-02-29 22:22:06,208 [ERROR] LogOutputStream:75 - [STDERR_REDIRECT] Feb 29, 2024 10:22:06 PM java.util.prefs.FileSystemPreferences checkLockFile0ErrorCode
2024-02-29 22:22:06,208 [ERROR] LogOutputStream:75 - [STDERR_REDIRECT] WARNING: Could not lock System prefs. Unix error code 32746.
2024-02-29 22:22:06,208 [ERROR] LogOutputStream:75 - [STDERR_REDIRECT] 
2024-02-29 22:22:06,209 [ERROR] LogOutputStream:75 - [STDERR_REDIRECT] Feb 29, 2024 10:22:06 PM java.util.prefs.FileSystemPreferences syncWorld
2024-02-29 22:22:06,209 [ERROR] LogOutputStream:75 - [STDERR_REDIRECT] WARNING: Couldn't flush system prefs: java.util.prefs.BackingStoreException: Couldn't get file lock.
2024-02-29 22:22:06,209 [ERROR] LogOutputStream:75 - [STDERR_REDIRECT] 
2024-02-29 22:22:36,207 [ERROR] LogOutputStream:75 - [STDERR_REDIRECT] Feb 29, 2024 10:22:36 PM java.util.prefs.FileSystemPreferences checkLockFile0ErrorCode
2024-02-29 22:22:36,207 [ERROR] LogOutputStream:75 - [STDERR_REDIRECT] WARNING: Could not lock System prefs. Unix error code 32746.
2024-02-29 22:22:36,207 [ERROR] LogOutputStream:75 - [STDERR_REDIRECT] 
2024-02-29 22:22:36,208 [ERROR] LogOutputStream:75 - [STDERR_REDIRECT] Feb 29, 2024 10:22:36 PM java.util.prefs.FileSystemPreferences syncWorld
2024-02-29 22:22:36,208 [ERROR] LogOutputStream:75 - [STDERR_REDIRECT] WARNING: Couldn't flush system prefs: java.util.prefs.BackingStoreException: Couldn't get file lock.
2024-02-29 22:22:36,208 [ERROR] LogOutputStream:75 - [STDERR_REDIRECT] 
2024-02-29 22:23:06,207 [ERROR] LogOutputStream:75 - [STDERR_REDIRECT] Feb 29, 2024 10:23:06 PM java.util.prefs.FileSystemPreferences checkLockFile0ErrorCode
2024-02-29 22:23:06,208 [ERROR] LogOutputStream:75 - [STDERR_REDIRECT] WARNING: Could not lock System prefs. Unix error code 32746.
2024-02-29 22:23:06,208 [ERROR] LogOutputStream:75 - [STDERR_REDIRECT] 
2024-02-29 22:23:06,208 [ERROR] LogOutputStream:75 - [STDERR_REDIRECT] Feb 29, 2024 10:23:06 PM java.util.prefs.FileSystemPreferences syncWorld
2024-02-29 22:23:06,208 [ERROR] LogOutputStream:75 - [STDERR_REDIRECT] WARNING: Couldn't flush system prefs: java.util.prefs.BackingStoreException: Couldn't get file lock.
2024-02-29 22:23:06,208 [ERROR] LogOutputStream:75 - [STDERR_REDIRECT] 
2024-02-29 22:23:36,208 [ERROR] LogOutputStream:75 - [STDERR_REDIRECT] Feb 29, 2024 10:23:36 PM java.util.prefs.FileSystemPreferences checkLockFile0ErrorCode
2024-02-29 22:23:36,208 [ERROR] LogOutputStream:75 - [STDERR_REDIRECT] WARNING: Could not lock System prefs. Unix error code 32746.
2024-02-29 22:23:36,209 [ERROR] LogOutputStream:75 - [STDERR_REDIRECT] 
2024-02-29 22:23:36,209 [ERROR] LogOutputStream:75 - [STDERR_REDIRECT] Feb 29, 2024 10:23:36 PM java.util.prefs.FileSystemPreferences syncWorld
2024-02-29 22:23:36,209 [ERROR] LogOutputStream:75 - [STDERR_REDIRECT] WARNING: Couldn't flush system prefs: java.util.prefs.BackingStoreException: Couldn't get file lock.
2024-02-29 22:23:36,209 [ERROR] LogOutputStream:75 - [STDERR_REDIRECT] 
2024-02-29 22:24:06,208 [ERROR] LogOutputStream:75 - [STDERR_REDIRECT] Feb 29, 2024 10:24:06 PM java.util.prefs.FileSystemPreferences checkLockFile0ErrorCode
2024-02-29 22:24:06,209 [ERROR] LogOutputStream:75 - [STDERR_REDIRECT] WARNING: Could not lock System prefs. Unix error code 32746.
2024-02-29 22:24:06,209 [ERROR] LogOutputStream:75 - [STDERR_REDIRECT] 
2024-02-29 22:24:06,209 [ERROR] LogOutputStream:75 - [STDERR_REDIRECT] Feb 29, 2024 10:24:06 PM java.util.prefs.FileSystemPreferences syncWorld
2024-02-29 22:24:06,210 [ERROR] LogOutputStream:75 - [STDERR_REDIRECT] WARNING: Couldn't flush system prefs: java.util.prefs.BackingStoreException: Couldn't get file lock.
2024-02-29 22:24:06,210 [ERROR] LogOutputStream:75 - [STDERR_REDIRECT] 
2024-02-29 22:24:36,209 [ERROR] LogOutputStream:75 - [STDERR_REDIRECT] Feb 29, 2024 10:24:36 PM java.util.prefs.FileSystemPreferences checkLockFile0ErrorCode
2024-02-29 22:24:36,209 [ERROR] LogOutputStream:75 - [STDERR_REDIRECT] WARNING: Could not lock System prefs. Unix error code 32746.
2024-02-29 22:24:36,209 [ERROR] LogOutputStream:75 - [STDERR_REDIRECT] 
2024-02-29 22:24:36,210 [ERROR] LogOutputStream:75 - [STDERR_REDIRECT] Feb 29, 2024 10:24:36 PM java.util.prefs.FileSystemPreferences syncWorld
2024-02-29 22:24:36,210 [ERROR] LogOutputStream:75 - [STDERR_REDIRECT] WARNING: Couldn't flush system prefs: java.util.prefs.BackingStoreException: Couldn't get file lock.
2024-02-29 22:24:36,210 [ERROR] LogOutputStream:75 - [STDERR_REDIRECT] 
2024-02-29 22:25:06,209 [ERROR] LogOutputStream:75 - [STDERR_REDIRECT] Feb 29, 2024 10:25:06 PM java.util.prefs.FileSystemPreferences checkLockFile0ErrorCode
2024-02-29 22:25:06,210 [ERROR] LogOutputStream:75 - [STDERR_REDIRECT] WARNING: Could not lock System prefs. Unix error code 32746.
2024-02-29 22:25:06,210 [ERROR] LogOutputStream:75 - [STDERR_REDIRECT] 
2024-02-29 22:25:06,210 [ERROR] LogOutputStream:75 - [STDERR_REDIRECT] Feb 29, 2024 10:25:06 PM java.util.prefs.FileSystemPreferences syncWorld
2024-02-29 22:25:06,211 [ERROR] LogOutputStream:75 - [STDERR_REDIRECT] WARNING: Couldn't flush system prefs: java.util.prefs.BackingStoreException: Couldn't get file lock.
2024-02-29 22:25:06,211 [ERROR] LogOutputStream:75 - [STDERR_REDIRECT] 
2024-02-29 22:25:36,209 [ERROR] LogOutputStream:75 - [STDERR_REDIRECT] Feb 29, 2024 10:25:36 PM java.util.prefs.FileSystemPreferences checkLockFile0ErrorCode
2024-02-29 22:25:36,209 [ERROR] LogOutputStream:75 - [STDERR_REDIRECT] WARNING: Could not lock System prefs. Unix error code 32746.
2024-02-29 22:25:36,209 [ERROR] LogOutputStream:75 - [STDERR_REDIRECT] 
2024-02-29 22:25:36,210 [ERROR] LogOutputStream:75 - [STDERR_REDIRECT] Feb 29, 2024 10:25:36 PM java.util.prefs.FileSystemPreferences syncWorld
2024-02-29 22:25:36,210 [ERROR] LogOutputStream:75 - [STDERR_REDIRECT] WARNING: Couldn't flush system prefs: java.util.prefs.BackingStoreException: Couldn't get file lock.
2024-02-29 22:25:36,210 [ERROR] LogOutputStream:75 - [STDERR_REDIRECT] 
2024-02-29 22:26:06,209 [ERROR] LogOutputStream:75 - [STDERR_REDIRECT] Feb 29, 2024 10:26:06 PM java.util.prefs.FileSystemPreferences checkLockFile0ErrorCode
2024-02-29 22:26:06,209 [ERROR] LogOutputStream:75 - [STDERR_REDIRECT] WARNING: Could not lock System prefs. Unix error code 32746.
2024-02-29 22:26:06,210 [ERROR] LogOutputStream:75 - [STDERR_REDIRECT] 
2024-02-29 22:26:06,210 [ERROR] LogOutputStream:75 - [STDERR_REDIRECT] Feb 29, 2024 10:26:06 PM java.util.prefs.FileSystemPreferences syncWorld
2024-02-29 22:26:06,210 [ERROR] LogOutputStream:75 - [STDERR_REDIRECT] WARNING: Couldn't flush system prefs: java.util.prefs.BackingStoreException: Couldn't get file lock.
2024-02-29 22:26:06,210 [ERROR] LogOutputStream:75 - [STDERR_REDIRECT] 
2024-02-29 22:26:36,210 [ERROR] LogOutputStream:75 - [STDERR_REDIRECT] Feb 29, 2024 10:26:36 PM java.util.prefs.FileSystemPreferences checkLockFile0ErrorCode
2024-02-29 22:26:36,210 [ERROR] LogOutputStream:75 - [STDERR_REDIRECT] WARNING: Could not lock System prefs. Unix error code 32746.
2024-02-29 22:26:36,210 [ERROR] LogOutputStream:75 - [STDERR_REDIRECT] 
2024-02-29 22:26:36,211 [ERROR] LogOutputStream:75 - [STDERR_REDIRECT] Feb 29, 2024 10:26:36 PM java.util.prefs.FileSystemPreferences syncWorld
2024-02-29 22:26:36,211 [ERROR] LogOutputStream:75 - [STDERR_REDIRECT] WARNING: Couldn't flush system prefs: java.util.prefs.BackingStoreException: Couldn't get file lock.
2024-02-29 22:26:36,211 [ERROR] LogOutputStream:75 - [STDERR_REDIRECT] 
2024-02-29 22:27:06,210 [ERROR] LogOutputStream:75 - [STDERR_REDIRECT] Feb 29, 2024 10:27:06 PM java.util.prefs.FileSystemPreferences checkLockFile0ErrorCode
2024-02-29 22:27:06,210 [ERROR] LogOutputStream:75 - [STDERR_REDIRECT] WARNING: Could not lock System prefs. Unix error code 32746.
2024-02-29 22:27:06,210 [ERROR] LogOutputStream:75 - [STDERR_REDIRECT] 
2024-02-29 22:27:06,211 [ERROR] LogOutputStream:75 - [STDERR_REDIRECT] Feb 29, 2024 10:27:06 PM java.util.prefs.FileSystemPreferences syncWorld
2024-02-29 22:27:06,211 [ERROR] LogOutputStream:75 - [STDERR_REDIRECT] WARNING: Couldn't flush system prefs: java.util.prefs.BackingStoreException: Couldn't get file lock.
2024-02-29 22:27:06,211 [ERROR] LogOutputStream:75 - [STDERR_REDIRECT] 
2024-02-29 22:27:36,211 [ERROR] LogOutputStream:75 - [STDERR_REDIRECT] Feb 29, 2024 10:27:36 PM java.util.prefs.FileSystemPreferences checkLockFile0ErrorCode
2024-02-29 22:27:36,211 [ERROR] LogOutputStream:75 - [STDERR_REDIRECT] WARNING: Could not lock System prefs. Unix error code 32746.
2024-02-29 22:27:36,211 [ERROR] LogOutputStream:75 - [STDERR_REDIRECT] 
2024-02-29 22:27:36,212 [ERROR] LogOutputStream:75 - [STDERR_REDIRECT] Feb 29, 2024 10:27:36 PM java.util.prefs.FileSystemPreferences syncWorld
2024-02-29 22:27:36,212 [ERROR] LogOutputStream:75 - [STDERR_REDIRECT] WARNING: Couldn't flush system prefs: java.util.prefs.BackingStoreException: Couldn't get file lock.
2024-02-29 22:27:36,212 [ERROR] LogOutputStream:75 - [STDERR_REDIRECT] 
2024-02-29 22:28:06,210 [ERROR] LogOutputStream:75 - [STDERR_REDIRECT] Feb 29, 2024 10:28:06 PM java.util.prefs.FileSystemPreferences checkLockFile0ErrorCode
2024-02-29 22:28:06,210 [ERROR] LogOutputStream:75 - [STDERR_REDIRECT] WARNING: Could not lock System prefs. Unix error code 32746.
2024-02-29 22:28:06,211 [ERROR] LogOutputStream:75 - [STDERR_REDIRECT] 
2024-02-29 22:28:06,211 [ERROR] LogOutputStream:75 - [STDERR_REDIRECT] Feb 29, 2024 10:28:06 PM java.util.prefs.FileSystemPreferences syncWorld
2024-02-29 22:28:06,212 [ERROR] LogOutputStream:75 - [STDERR_REDIRECT] WARNING: Couldn't flush system prefs: java.util.prefs.BackingStoreException: Couldn't get file lock.
2024-02-29 22:28:06,212 [ERROR] LogOutputStream:75 - [STDERR_REDIRECT] 
2024-02-29 22:28:36,210 [ERROR] LogOutputStream:75 - [STDERR_REDIRECT] Feb 29, 2024 10:28:36 PM java.util.prefs.FileSystemPreferences checkLockFile0ErrorCode
2024-02-29 22:28:36,210 [ERROR] LogOutputStream:75 - [STDERR_REDIRECT] WARNING: Could not lock System prefs. Unix error code 32746.
2024-02-29 22:28:36,210 [ERROR] LogOutputStream:75 - [STDERR_REDIRECT] 
2024-02-29 22:28:36,211 [ERROR] LogOutputStream:75 - [STDERR_REDIRECT] Feb 29, 2024 10:28:36 PM java.util.prefs.FileSystemPreferences syncWorld
2024-02-29 22:28:36,211 [ERROR] LogOutputStream:75 - [STDERR_REDIRECT] WARNING: Couldn't flush system prefs: java.util.prefs.BackingStoreException: Couldn't get file lock.
2024-02-29 22:28:36,211 [ERROR] LogOutputStream:75 - [STDERR_REDIRECT] 
2024-02-29 22:29:06,211 [ERROR] LogOutputStream:75 - [STDERR_REDIRECT] Feb 29, 2024 10:29:06 PM java.util.prefs.FileSystemPreferences checkLockFile0ErrorCode
2024-02-29 22:29:06,211 [ERROR] LogOutputStream:75 - [STDERR_REDIRECT] WARNING: Could not lock System prefs. Unix error code 32746.
2024-02-29 22:29:06,211 [ERROR] LogOutputStream:75 - [STDERR_REDIRECT] 
2024-02-29 22:29:06,212 [ERROR] LogOutputStream:75 - [STDERR_REDIRECT] Feb 29, 2024 10:29:06 PM java.util.prefs.FileSystemPreferences syncWorld
2024-02-29 22:29:06,212 [ERROR] LogOutputStream:75 - [STDERR_REDIRECT] WARNING: Couldn't flush system prefs: java.util.prefs.BackingStoreException: Couldn't get file lock.
2024-02-29 22:29:06,212 [ERROR] LogOutputStream:75 - [STDERR_REDIRECT] 
2024-02-29 22:29:36,211 [ERROR] LogOutputStream:75 - [STDERR_REDIRECT] Feb 29, 2024 10:29:36 PM java.util.prefs.FileSystemPreferences checkLockFile0ErrorCode
2024-02-29 22:29:36,211 [ERROR] LogOutputStream:75 - [STDERR_REDIRECT] WARNING: Could not lock System prefs. Unix error code 32746.
2024-02-29 22:29:36,211 [ERROR] LogOutputStream:75 - [STDERR_REDIRECT] 
2024-02-29 22:29:36,212 [ERROR] LogOutputStream:75 - [STDERR_REDIRECT] Feb 29, 2024 10:29:36 PM java.util.prefs.FileSystemPreferences syncWorld
2024-02-29 22:29:36,212 [ERROR] LogOutputStream:75 - [STDERR_REDIRECT] WARNING: Couldn't flush system prefs: java.util.prefs.BackingStoreException: Couldn't get file lock.
2024-02-29 22:29:36,212 [ERROR] LogOutputStream:75 - [STDERR_REDIRECT] 
2024-02-29 22:30:06,211 [ERROR] LogOutputStream:75 - [STDERR_REDIRECT] Feb 29, 2024 10:30:06 PM java.util.prefs.FileSystemPreferences checkLockFile0ErrorCode
2024-02-29 22:30:06,211 [ERROR] LogOutputStream:75 - [STDERR_REDIRECT] WARNING: Could not lock System prefs. Unix error code 32746.
2024-02-29 22:30:06,211 [ERROR] LogOutputStream:75 - [STDERR_REDIRECT] 
2024-02-29 22:30:06,212 [ERROR] LogOutputStream:75 - [STDERR_REDIRECT] Feb 29, 2024 10:30:06 PM java.util.prefs.FileSystemPreferences syncWorld
2024-02-29 22:30:06,212 [ERROR] LogOutputStream:75 - [STDERR_REDIRECT] WARNING: Couldn't flush system prefs: java.util.prefs.BackingStoreException: Couldn't get file lock.
2024-02-29 22:30:06,212 [ERROR] LogOutputStream:75 - [STDERR_REDIRECT] 
2024-02-29 22:30:22,163 [ERROR] LogOutputStream:75 - [STDERR_REDIRECT] 
2024-02-29 22:30:22,164 [ERROR] LogOutputStream:75 - [STDERR_REDIRECT] 
