2024-04-06 09:24:10,981 [INFO] Activator:176 - 


2024-04-06 09:24:10,983 [INFO] Activator:177 - !SESSION log4j initialized
2024-04-06 09:24:12,400 [INFO] LogOutputStream:77 - [STDOUT_REDIRECT] 
2024-04-06 09:24:13,653 [INFO] ApplicationProperties:184 - Using Application install path: /opt/st/stm32cubeide_1.14.0/plugins/com.st.stm32cube.common.mx_6.10.0.202311202037
2024-04-06 09:24:13,667 [INFO] DbMcusXml:78 - Set database path to: /opt/st/stm32cubeide_1.14.0/plugins/com.st.stm32cube.common.mx_6.10.0.202311202037//db//mcu/
2024-04-06 09:24:13,667 [INFO] ApiDb:274 - Set plugin database path to: /opt/st/stm32cubeide_1.14.0/plugins/com.st.stm32cube.common.mx_6.10.0.202311202037//db//plugins/boardmanager/
2024-04-06 09:24:13,667 [WARN] ApiDb:259 - Overriding images path with different value:  => /opt/st/stm32cubeide_1.14.0/plugins/com.st.stm32cube.common.mx_6.10.0.202311202037//db//plugins/mcufinder/images/
2024-04-06 09:24:13,674 [INFO] ApiDb:250 - Set database path to: /home/lars/.stmcufinder/plugins/mcufinder//mcu/
2024-04-06 09:24:13,675 [INFO] DbMcusAds:125 - Set database path to: /home/lars/.stmcufinder/plugins/mcufinder//mcu/
2024-04-06 09:24:13,676 [INFO] CrossReferenceDbSqlite:203 - Set database path to: /home/lars/.stmcufinder/plugins/mcufinder//mcu/cs/
2024-04-06 09:24:13,762 [INFO] RulesReader:64 - Compatibility file has been processed (297 Rules)
2024-04-06 09:24:13,806 [INFO] DbMcusXml:78 - Set database path to: /opt/st/stm32cubeide_1.14.0/plugins/com.st.stm32cube.common.mx_6.10.0.202311202037//db//mcu/
2024-04-06 09:24:13,806 [INFO] ApiDb:274 - Set plugin database path to: /opt/st/stm32cubeide_1.14.0/plugins/com.st.stm32cube.common.mx_6.10.0.202311202037//db//plugins/boardmanager/
2024-04-06 09:24:13,806 [INFO] ApiDb:261 - Set plugin images path to: /opt/st/stm32cubeide_1.14.0/plugins/com.st.stm32cube.common.mx_6.10.0.202311202037//db//plugins/mcufinder/images/
2024-04-06 09:24:13,806 [WARN] DbFile:41 - Overriding database path with different value: /home/lars/.stmcufinder/plugins/mcufinder/ => /home/lars/.stmcufinder/plugins/mcufinder
2024-04-06 09:24:13,806 [INFO] ApiDb:250 - Set database path to: /home/lars/.stmcufinder/plugins/mcufinder//mcu/
2024-04-06 09:24:13,806 [WARN] DbFile:41 - Overriding database path with different value: /home/lars/.stmcufinder/plugins/mcufinder/ => /home/lars/.stmcufinder/plugins/mcufinder
2024-04-06 09:24:13,806 [INFO] DbMcusAds:125 - Set database path to: /home/lars/.stmcufinder/plugins/mcufinder//mcu/
2024-04-06 09:24:13,806 [WARN] DbFile:41 - Overriding database path with different value: /home/lars/.stmcufinder/plugins/mcufinder/ => /home/lars/.stmcufinder/plugins/mcufinder
2024-04-06 09:24:13,806 [WARN] DbFile:41 - Overriding database path with different value: /home/lars/.stmcufinder/plugins/mcufinder/ => /home/lars/.stmcufinder/plugins/mcufinder
2024-04-06 09:24:13,806 [INFO] CrossReferenceDbSqlite:203 - Set database path to: /home/lars/.stmcufinder/plugins/mcufinder//mcu/cs/
2024-04-06 09:24:13,856 [INFO] MainPanel:264 - HeapMemory: 268435456
2024-04-06 09:24:13,927 [INFO] DbMcusXml:78 - Set database path to: /opt/st/stm32cubeide_1.14.0/plugins/com.st.stm32cube.common.mx_6.10.0.202311202037//db//mcu/
2024-04-06 09:24:13,927 [INFO] ApiDb:274 - Set plugin database path to: /opt/st/stm32cubeide_1.14.0/plugins/com.st.stm32cube.common.mx_6.10.0.202311202037//db//plugins/boardmanager/
2024-04-06 09:24:13,927 [INFO] ApiDb:261 - Set plugin images path to: /opt/st/stm32cubeide_1.14.0/plugins/com.st.stm32cube.common.mx_6.10.0.202311202037//db//plugins/mcufinder/images/
2024-04-06 09:24:13,927 [WARN] DbFile:41 - Overriding database path with different value: /home/lars/.stmcufinder/plugins/mcufinder/ => /home/lars/.stmcufinder/plugins/mcufinder
2024-04-06 09:24:13,927 [INFO] ApiDb:250 - Set database path to: /home/lars/.stmcufinder/plugins/mcufinder//mcu/
2024-04-06 09:24:13,927 [WARN] DbFile:41 - Overriding database path with different value: /home/lars/.stmcufinder/plugins/mcufinder/ => /home/lars/.stmcufinder/plugins/mcufinder
2024-04-06 09:24:13,927 [INFO] DbMcusAds:125 - Set database path to: /home/lars/.stmcufinder/plugins/mcufinder//mcu/
2024-04-06 09:24:13,927 [WARN] DbFile:41 - Overriding database path with different value: /home/lars/.stmcufinder/plugins/mcufinder/ => /home/lars/.stmcufinder/plugins/mcufinder
2024-04-06 09:24:13,928 [WARN] DbFile:41 - Overriding database path with different value: /home/lars/.stmcufinder/plugins/mcufinder/ => /home/lars/.stmcufinder/plugins/mcufinder
2024-04-06 09:24:13,928 [INFO] CrossReferenceDbSqlite:203 - Set database path to: /home/lars/.stmcufinder/plugins/mcufinder//mcu/cs/
2024-04-06 09:24:13,940 [INFO] ApplicationProperties:184 - Using Application install path: /opt/st/stm32cubeide_1.14.0/plugins/com.st.stm32cube.common.mx_6.10.0.202311202037
2024-04-06 09:24:13,941 [INFO] PluginManage:196 - Search for loadable plugins [exclusion list=, ]
2024-04-06 09:24:13,941 [INFO] PluginManage:310 - Check plugin analytics
2024-04-06 09:24:14,059 [INFO] AnalyticsPlugin:253 - Accepted Software Licenses: 
2024-04-06 09:24:14,059 [INFO] AnalyticsPlugin:255 - Accepted CMSIS Pack Licenses: 
2024-04-06 09:24:14,059 [INFO] AnalyticsPlugin:257 - Accepted Firmware Licenses: 
2024-04-06 09:24:14,061 [INFO] PluginManage:359 - Loaded plugin analytics (category:tool,tabindex:-1)
2024-04-06 09:24:14,061 [INFO] PluginManage:310 - Check plugin cadmodel
2024-04-06 09:24:14,097 [INFO] CADModel:105 - Init CAD model plugin
2024-04-06 09:24:14,097 [INFO] PluginManage:359 - Loaded plugin cadmodel (category:power,tabindex:5)
2024-04-06 09:24:14,097 [INFO] PluginManage:310 - Check plugin clock
2024-04-06 09:24:14,106 [INFO] PluginManage:359 - Loaded plugin clock (category:base,tabindex:2)
2024-04-06 09:24:14,106 [INFO] PluginManage:310 - Check plugin ddr
2024-04-06 09:24:14,108 [INFO] PluginManage:359 - Loaded plugin ddr (category:tool,tabindex:6)
2024-04-06 09:24:14,108 [INFO] PluginManage:310 - Check plugin filemanager
2024-04-06 09:24:14,215 [INFO] PluginManage:359 - Loaded plugin filemanager (category:base,tabindex:10)
2024-04-06 09:24:14,215 [INFO] PluginManage:310 - Check plugin ipmanager
2024-04-06 09:24:14,221 [INFO] PluginManage:359 - Loaded plugin ipmanager (category:base,tabindex:5)
2024-04-06 09:24:14,221 [INFO] PluginManage:310 - Check plugin lpbam
2024-04-06 09:24:14,228 [INFO] PluginManage:359 - Loaded plugin lpbam (category:base,tabindex:0)
2024-04-06 09:24:14,228 [INFO] PluginManage:310 - Check plugin memorymap
2024-04-06 09:24:14,239 [INFO] PluginManage:359 - Loaded plugin memorymap (category:base,tabindex:4)
2024-04-06 09:24:14,239 [INFO] PluginManage:310 - Check plugin pinoutandconfiguration
2024-04-06 09:24:14,246 [INFO] PluginManage:359 - Loaded plugin pinoutandconfiguration (category:base,tabindex:1)
2024-04-06 09:24:14,246 [INFO] PluginManage:310 - Check plugin pinoutconfig
2024-04-06 09:24:14,329 [WARN] SupportedApi:132 - Cannot load RTOS API schema: s4s-elt-must-match.1: The content of 'definitions' must match (annotation?, (simpleType | complexType)?, (unique | key | keyref)*)). A problem was found starting at: attribute.
2024-04-06 09:24:14,458 [INFO] PluginManage:359 - Loaded plugin pinoutconfig (category:base,tabindex:0)
2024-04-06 09:24:14,459 [INFO] PluginManage:310 - Check plugin power
2024-04-06 09:24:14,468 [INFO] PluginManage:359 - Loaded plugin power (category:power,tabindex:4)
2024-04-06 09:24:14,468 [INFO] PluginManage:310 - Check plugin projectmanager
2024-04-06 09:24:14,481 [INFO] PluginManage:359 - Loaded plugin projectmanager (category:projectmanager,tabindex:3)
2024-04-06 09:24:14,482 [INFO] PluginManage:310 - Check plugin thirdparty
2024-04-06 09:24:14,575 [INFO] PluginManage:359 - Loaded plugin thirdparty (category:base,tabindex:-1)
2024-04-06 09:24:14,575 [WARN] IntegrityCheckThread:84 - waiting for thirdparty lock release [integrity check]
2024-04-06 09:24:14,575 [INFO] PluginManage:310 - Check plugin tools
2024-04-06 09:24:14,575 [INFO] IntegrityCheckThread:86 - entering critical section [integrity check]
2024-04-06 09:24:14,575 [INFO] ThirdPartyUpdaterWithRetryManager:70 - Updater plugin not ready yet. [1/15]
2024-04-06 09:24:14,577 [INFO] PluginManage:359 - Loaded plugin tools (category:base,tabindex:7)
2024-04-06 09:24:14,577 [INFO] PluginManage:310 - Check plugin tutovideos
2024-04-06 09:24:14,687 [INFO] PluginManage:359 - Loaded plugin tutovideos (category:base,tabindex:-1)
2024-04-06 09:24:14,688 [INFO] PluginManage:310 - Check plugin updater
2024-04-06 09:24:14,696 [INFO] PluginManage:359 - Loaded plugin updater (category:base,tabindex:12)
2024-04-06 09:24:14,696 [INFO] PluginManage:310 - Check plugin userauth
2024-04-06 09:24:14,701 [INFO] UserAuth:114 - Init User Auth plugin
2024-04-06 09:24:14,702 [INFO] PluginManage:359 - Loaded plugin userauth (category:base,tabindex:14)
2024-04-06 09:24:14,702 [INFO] PluginManage:283 - PluginManage : Loaded plugins [17]
2024-04-06 09:24:14,854 [INFO] PinOutPanel:1499 - setPackage(No Configuration,No Configuration)
2024-04-06 09:24:14,897 [INFO] CADModel:165 - CPN selected for project level
2024-04-06 09:24:14,897 [INFO] CADModel:114 - Register for checkConnection events
2024-04-06 09:24:14,906 [INFO] IPUIPlugin:80 - create IPUIPlugin
2024-04-06 09:24:14,907 [INFO] PluginManager:220 - loadIPPluginJar : add i2s
2024-04-06 09:24:14,909 [INFO] IPUIPlugin:80 - create IPUIPlugin
2024-04-06 09:24:14,909 [INFO] PluginManager:220 - loadIPPluginJar : add ipddr
2024-04-06 09:24:14,910 [INFO] IPUIPlugin:80 - create IPUIPlugin
2024-04-06 09:24:14,911 [INFO] PluginManager:220 - loadIPPluginJar : add tracer_emb
2024-04-06 09:24:14,912 [INFO] IPUIPlugin:80 - create IPUIPlugin
2024-04-06 09:24:14,912 [INFO] PluginManager:220 - loadIPPluginJar : add usart
2024-04-06 09:24:14,914 [INFO] IPUIPlugin:80 - create IPUIPlugin
2024-04-06 09:24:14,914 [INFO] PluginManager:220 - loadIPPluginJar : add gtzc
2024-04-06 09:24:14,915 [INFO] IPUIPlugin:80 - create IPUIPlugin
2024-04-06 09:24:14,915 [INFO] PluginManager:220 - loadIPPluginJar : add quadspi
2024-04-06 09:24:14,918 [INFO] IPUIPlugin:80 - create IPUIPlugin
2024-04-06 09:24:14,918 [INFO] PluginManager:220 - loadIPPluginJar : add gpio
2024-04-06 09:24:14,920 [INFO] IPUIPlugin:80 - create IPUIPlugin
2024-04-06 09:24:14,920 [INFO] PluginManager:220 - loadIPPluginJar : add usbx
2024-04-06 09:24:14,926 [INFO] IPUIPlugin:80 - create IPUIPlugin
2024-04-06 09:24:14,926 [INFO] PluginManager:220 - loadIPPluginJar : add adc
2024-04-06 09:24:14,930 [INFO] IPUIPlugin:80 - create IPUIPlugin
2024-04-06 09:24:14,930 [INFO] PluginManager:220 - loadIPPluginJar : add mdma
2024-04-06 09:24:14,931 [INFO] IPUIPlugin:80 - create IPUIPlugin
2024-04-06 09:24:14,932 [INFO] PluginManager:220 - loadIPPluginJar : add tsc
2024-04-06 09:24:14,933 [INFO] IPUIPlugin:80 - create IPUIPlugin
2024-04-06 09:24:14,933 [INFO] PluginManager:220 - loadIPPluginJar : add aes
2024-04-06 09:24:14,935 [INFO] IPUIPlugin:80 - create IPUIPlugin
2024-04-06 09:24:14,935 [INFO] PluginManager:220 - loadIPPluginJar : add i3c
2024-04-06 09:24:14,936 [INFO] IPUIPlugin:80 - create IPUIPlugin
2024-04-06 09:24:14,936 [INFO] PluginManager:220 - loadIPPluginJar : add ts
2024-04-06 09:24:14,937 [INFO] IPUIPlugin:80 - create IPUIPlugin
2024-04-06 09:24:14,937 [INFO] PluginManager:220 - loadIPPluginJar : add can
2024-04-06 09:24:14,938 [INFO] IPUIPlugin:80 - create IPUIPlugin
2024-04-06 09:24:14,939 [INFO] PluginManager:220 - loadIPPluginJar : add cryp
2024-04-06 09:24:14,942 [INFO] IPUIPlugin:80 - create IPUIPlugin
2024-04-06 09:24:14,942 [INFO] PluginManager:220 - loadIPPluginJar : add stm32_wpan
2024-04-06 09:24:14,943 [INFO] IPUIPlugin:80 - create IPUIPlugin
2024-04-06 09:24:14,943 [INFO] PluginManager:220 - loadIPPluginJar : add genericplugin
2024-04-06 09:24:14,944 [INFO] IPUIPlugin:80 - create IPUIPlugin
2024-04-06 09:24:14,945 [INFO] PluginManager:220 - loadIPPluginJar : add spi
2024-04-06 09:24:14,948 [INFO] IPUIPlugin:80 - create IPUIPlugin
2024-04-06 09:24:14,948 [INFO] PluginManager:220 - loadIPPluginJar : add resmgrutility
2024-04-06 09:24:14,950 [INFO] IPUIPlugin:80 - create IPUIPlugin
2024-04-06 09:24:14,951 [INFO] PluginManager:220 - loadIPPluginJar : add gfxmmu
2024-04-06 09:24:14,952 [INFO] IPUIPlugin:80 - create IPUIPlugin
2024-04-06 09:24:14,952 [INFO] PluginManager:220 - loadIPPluginJar : add ucpd
2024-04-06 09:24:14,957 [INFO] IPUIPlugin:80 - create IPUIPlugin
2024-04-06 09:24:14,957 [INFO] PluginManager:220 - loadIPPluginJar : add linkedlist
2024-04-06 09:24:14,958 [INFO] IPUIPlugin:80 - create IPUIPlugin
2024-04-06 09:24:14,959 [INFO] PluginManager:220 - loadIPPluginJar : add hash
2024-04-06 09:24:14,961 [INFO] IPUIPlugin:80 - create IPUIPlugin
2024-04-06 09:24:14,961 [INFO] PluginManager:220 - loadIPPluginJar : add openamp
2024-04-06 09:24:14,963 [INFO] IPUIPlugin:80 - create IPUIPlugin
2024-04-06 09:24:14,963 [INFO] PluginManager:220 - loadIPPluginJar : add sai
2024-04-06 09:24:14,965 [INFO] IPUIPlugin:80 - create IPUIPlugin
2024-04-06 09:24:14,965 [INFO] PluginManager:220 - loadIPPluginJar : add opamp
2024-04-06 09:24:14,966 [INFO] IPUIPlugin:80 - create IPUIPlugin
2024-04-06 09:24:14,966 [INFO] PluginManager:220 - loadIPPluginJar : add comp
2024-04-06 09:24:14,967 [INFO] IPUIPlugin:80 - create IPUIPlugin
2024-04-06 09:24:14,967 [INFO] PluginManager:220 - loadIPPluginJar : add dma3
2024-04-06 09:24:14,972 [INFO] IPUIPlugin:80 - create IPUIPlugin
2024-04-06 09:24:14,972 [INFO] PluginManager:220 - loadIPPluginJar : add dma
2024-04-06 09:24:14,974 [INFO] IPUIPlugin:80 - create IPUIPlugin
2024-04-06 09:24:14,974 [INFO] PluginManager:220 - loadIPPluginJar : add pdm2pcm
2024-04-06 09:24:14,976 [INFO] IPUIPlugin:80 - create IPUIPlugin
2024-04-06 09:24:14,976 [INFO] PluginManager:220 - loadIPPluginJar : add touchsensing
2024-04-06 09:24:14,977 [INFO] IPUIPlugin:80 - create IPUIPlugin
2024-04-06 09:24:14,977 [INFO] PluginManager:220 - loadIPPluginJar : add ltdc
2024-04-06 09:24:14,979 [INFO] IPUIPlugin:80 - create IPUIPlugin
2024-04-06 09:24:14,979 [INFO] PluginManager:220 - loadIPPluginJar : add i2c
2024-04-06 09:24:14,982 [INFO] IPUIPlugin:80 - create IPUIPlugin
2024-04-06 09:24:14,982 [INFO] PluginManager:220 - loadIPPluginJar : add fmc
2024-04-06 09:24:14,984 [INFO] IPUIPlugin:80 - create IPUIPlugin
2024-04-06 09:24:14,984 [INFO] PluginManager:220 - loadIPPluginJar : add lorawan
2024-04-06 09:24:14,985 [INFO] IPUIPlugin:80 - create IPUIPlugin
2024-04-06 09:24:14,985 [INFO] PluginManager:220 - loadIPPluginJar : add tim
2024-04-06 09:24:14,989 [INFO] IPUIPlugin:80 - create IPUIPlugin
2024-04-06 09:24:14,991 [INFO] PluginManager:220 - loadIPPluginJar : add plateformsettings
2024-04-06 09:24:14,997 [INFO] IPUIPlugin:80 - create IPUIPlugin
2024-04-06 09:24:14,997 [INFO] PluginManager:220 - loadIPPluginJar : add freertos
2024-04-06 09:24:14,999 [INFO] IPUIPlugin:80 - create IPUIPlugin
2024-04-06 09:24:14,999 [INFO] PluginManager:220 - loadIPPluginJar : add dfsdm
2024-04-06 09:24:15,002 [INFO] IPUIPlugin:80 - create IPUIPlugin
2024-04-06 09:24:15,002 [INFO] PluginManager:220 - loadIPPluginJar : add nvic
2024-04-06 09:24:15,006 [INFO] IPUIPlugin:80 - create IPUIPlugin
2024-04-06 09:24:15,006 [INFO] PluginManager:220 - loadIPPluginJar : add gic
2024-04-06 09:24:15,007 [INFO] IPUIPlugin:80 - create IPUIPlugin
2024-04-06 09:24:15,008 [INFO] PluginManager:220 - loadIPPluginJar : add fatfs
2024-04-06 09:24:15,104 [INFO] CADModel:165 - CPN selected for project level
2024-04-06 09:24:15,104 [INFO] CADModel:114 - Register for checkConnection events
2024-04-06 09:24:15,104 [FATAL] Updater:308 - Updater called before beeing initialized
2024-04-06 09:24:15,104 [ERROR] CADModel:125 - Updater not yet initialized, retry later 
2024-04-06 09:24:15,202 [INFO] CADModel:165 - CPN selected for project level
2024-04-06 09:24:15,202 [INFO] CADModel:114 - Register for checkConnection events
2024-04-06 09:24:15,202 [FATAL] Updater:308 - Updater called before beeing initialized
2024-04-06 09:24:15,203 [ERROR] CADModel:125 - Updater not yet initialized, retry later 
2024-04-06 09:24:15,205 [FATAL] Updater:308 - Updater called before beeing initialized
2024-04-06 09:24:15,258 [FATAL] Updater:308 - Updater called before beeing initialized
2024-04-06 09:24:15,261 [INFO] DbMcusAds:53 - JSON generation date=Wed Nov 29 02:52:27 PST 2023 (1701255147349)
2024-04-06 09:24:15,261 [FATAL] Updater:308 - Updater called before beeing initialized
2024-04-06 09:24:15,287 [WARN] DetailPanel:346 - Failed to get advertising image, set to default
2024-04-06 09:24:15,343 [FATAL] Updater:308 - Updater called before beeing initialized
2024-04-06 09:24:15,344 [FATAL] Updater:308 - Updater called before beeing initialized
2024-04-06 09:24:15,344 [FATAL] Updater:308 - Updater called before beeing initialized
2024-04-06 09:24:15,344 [WARN] DetailPanel:346 - Failed to get advertising image, set to default
2024-04-06 09:24:15,345 [FATAL] Updater:308 - Updater called before beeing initialized
2024-04-06 09:24:15,367 [ERROR] Updater:1120 - MainUpdater not yet initialized. External WinMGr cannot be set.
2024-04-06 09:24:15,368 [INFO] Updater:1056 - Updater Version found : 6.10.0
2024-04-06 09:24:15,382 [INFO] ApplicationProperties:184 - Using Application install path: /opt/st/stm32cubeide_1.14.0/plugins/com.st.stm32cube.common.mx_6.10.0.202311202037
2024-04-06 09:24:15,636 [INFO] MainUpdater:2873 - connection check result : 10
2024-04-06 09:24:15,637 [INFO] MainUpdater:290 - Updater Check For Update Now.
2024-04-06 09:24:15,637 [INFO] MicroXplorer:498 - Change Database Version : DB.6.0.100
2024-04-06 09:24:15,644 [INFO] McuFinderGlobals:63 - Set McuFinder mode to 2 (CubeIDE integrated)
2024-04-06 09:24:15,825 [INFO] CheckServerUpdateThread:120 - End of CheckServer Thread
2024-04-06 09:24:15,981 [INFO] UserAuth:404 - Internet connection configuration mode: 1
2024-04-06 09:24:16,001 [INFO] JxBrowserEngine:152 - Initiate JxBrowser Engine with user profile folder
2024-04-06 09:24:16,797 [INFO] WebApp:161 - Instantiating new browser for Auth
2024-04-06 09:24:17,285 [INFO] WebApp:780 - Register for checkConnection events
2024-04-06 09:24:17,285 [INFO] WebApp:414 - Apply proxy settings
2024-04-06 09:24:17,285 [INFO] WebApp:499 - Chromium requires no authentication
2024-04-06 09:24:17,290 [INFO] WebApp:442 - Direct internet connection detected
2024-04-06 09:24:17,392 [INFO] WebApp:192 - Starting web application
2024-04-06 09:24:17,392 [INFO] WebApp:544 - Web application path used /opt/st/stm32cubeide_1.14.0/plugins/com.st.stm32cube.common.mx_6.10.0.202311202037/db/plugins/mcufinder/reactClient1/index.html
2024-04-06 09:24:17,647 [WARN] PackLoader:240 - Cannot read IP mode file for STMicroelectronics.X-CUBE-SMBUS.2.1.0
2024-04-06 09:24:17,653 [WARN] PackLoader:240 - Cannot read IP mode file for STMicroelectronics.X-CUBE-TOUCHGFX.4.23.1
2024-04-06 09:24:17,656 [WARN] PackLoader:240 - Cannot read IP mode file for STMicroelectronics.X-CUBE-TOUCHGFX.4.23.0
2024-04-06 09:24:17,682 [WARN] PackLoader:240 - Cannot read IP mode file for STMicroelectronics.X-CUBE-AZRTOS-F7.1.1.0
2024-04-06 09:24:17,696 [WARN] PackLoader:240 - Cannot read IP mode file for STMicroelectronics.FP-SNS-MOTENV1.4.3.2
2024-04-06 09:24:17,704 [WARN] PackLoader:240 - Cannot read IP mode file for STMicroelectronics.FP-SNS-FLIGHT1.5.0.2
2024-04-06 09:24:17,712 [WARN] PackLoader:240 - Cannot read IP mode file for STMicroelectronics.X-CUBE-DISPLAY.3.0.0
2024-04-06 09:24:17,726 [WARN] PackLoader:240 - Cannot read IP mode file for STMicroelectronics.X-CUBE-BLE1.7.0.0
2024-04-06 09:24:17,731 [WARN] PackLoader:240 - Cannot read IP mode file for emotas.I-CUBE-CANOPEN.1.3.0
2024-04-06 09:24:17,746 [WARN] PackLoader:240 - Cannot read IP mode file for STMicroelectronics.X-CUBE-BLEMGR.3.1.0
2024-04-06 09:24:17,762 [WARN] PackLoader:240 - Cannot read IP mode file for STMicroelectronics.FP-SNS-SMARTAG2.1.2.0
2024-04-06 09:24:17,776 [INFO] LogOutputStream:77 - [STDOUT_REDIRECT] 1 : Invalid condition id : UX_CORESTACK_Condition cause : null
2024-04-06 09:24:17,777 [INFO] LogOutputStream:77 - [STDOUT_REDIRECT] 1 : Invalid condition id : UX_CORESTACK_Condition cause : null
2024-04-06 09:24:17,777 [INFO] LogOutputStream:77 - [STDOUT_REDIRECT] 1 : Invalid condition id : UX_CORESTACK_Condition cause : null
2024-04-06 09:24:17,777 [INFO] LogOutputStream:77 - [STDOUT_REDIRECT] 1 : Invalid condition id : UX_CORESTACK_Condition cause : null
2024-04-06 09:24:17,777 [INFO] LogOutputStream:77 - [STDOUT_REDIRECT] 1 : Invalid condition id : UX_CORESTACK_Condition cause : null
2024-04-06 09:24:17,782 [WARN] PackLoader:240 - Cannot read IP mode file for STMicroelectronics.X-CUBE-AZRTOS-WL.2.0.0
2024-04-06 09:24:17,788 [WARN] PackLoader:240 - Cannot read IP mode file for STMicroelectronics.FP-SNS-MOTENV1.5.0.0
2024-04-06 09:24:17,809 [WARN] PackLoader:240 - Cannot read IP mode file for WES.I-CUBE-Cesium.1.3.0
2024-04-06 09:24:17,815 [WARN] PackLoader:240 - Cannot read IP mode file for STMicroelectronics.X-CUBE-BLE2.3.3.0
2024-04-06 09:24:17,822 [WARN] PackLoader:240 - Cannot read IP mode file for STMicroelectronics.X-CUBE-ALGOBUILD.1.3.0
2024-04-06 09:24:17,840 [WARN] PackLoader:240 - Cannot read IP mode file for STMicroelectronics.X-CUBE-AZRTOS-G0.1.1.0
2024-04-06 09:24:17,848 [WARN] PackLoader:240 - Cannot read IP mode file for STMicroelectronics.X-CUBE-SAFEA1.1.2.2
2024-04-06 09:24:17,853 [WARN] PackLoader:240 - Cannot read IP mode file for STMicroelectronics.X-CUBE-NFC4.3.0.0
2024-04-06 09:24:17,857 [WARN] PackLoader:240 - Cannot read IP mode file for STMicroelectronics.FP-ATR-SIGFOX1.3.2.0
2024-04-06 09:24:17,863 [WARN] PackLoader:240 - Cannot read IP mode file for STMicroelectronics.X-CUBE-EEPRMA1.5.1.0
2024-04-06 09:24:17,896 [WARN] PackLoader:240 - Cannot read IP mode file for SEGGER.I-CUBE-embOS.1.3.1
2024-04-06 09:24:17,933 [WARN] PackLoader:240 - Cannot read IP mode file for STMicroelectronics.X-CUBE-GNSS1.6.0.0
2024-04-06 09:24:17,951 [WARN] PackLoader:240 - Cannot read IP mode file for STMicroelectronics.X-CUBE-AZRTOS-F4.1.1.0
2024-04-06 09:24:17,957 [WARN] PackLoader:240 - Cannot read IP mode file for wolfSSL.I-CUBE-wolfSSL.5.6.6
2024-04-06 09:24:17,971 [WARN] PackLoader:240 - Cannot read IP mode file for STMicroelectronics.X-CUBE-AZRTOS-L5.2.0.0
2024-04-06 09:24:17,976 [WARN] PackLoader:240 - Cannot read IP mode file for STMicroelectronics.X-CUBE-NFC6.3.1.0
2024-04-06 09:24:17,980 [WARN] PackLoader:240 - Cannot read IP mode file for ITTIA_DB.I-CUBE-ITTIADB.8.8.0
2024-04-06 09:24:17,983 [WARN] PackLoader:240 - Cannot read IP mode file for STMicroelectronics.X-CUBE-NFC7.1.0.1
2024-04-06 09:24:17,988 [WARN] PackLoader:240 - Cannot read IP mode file for STMicroelectronics.X-CUBE-NFC6.3.0.0
2024-04-06 09:24:17,991 [WARN] PackLoader:240 - Cannot read IP mode file for STMicroelectronics.X-CUBE-AI.8.1.0
2024-04-06 09:24:18,002 [WARN] ConditionMgr:438 - getConditionDescription Invalid condition id : LAN8742 Phy interface Condition cause : null
2024-04-06 09:24:18,002 [WARN] PackLoader:240 - Cannot read IP mode file for STMicroelectronics.X-CUBE-AZRTOS-L4.2.0.0
2024-04-06 09:24:18,003 [WARN] ConditionMgr:1039 - genDependencies : Invalid condition id : LAN8742 Phy interface Condition cause : null
2024-04-06 09:24:18,003 [WARN] ConditionMgr:1039 - genDependencies : Invalid condition id : LAN8742 Phy interface Condition cause : null
2024-04-06 09:24:18,004 [WARN] ConditionMgr:1039 - genDependencies : Invalid condition id : LAN8742 Phy interface Condition cause : null
2024-04-06 09:24:18,009 [WARN] PackLoader:240 - Cannot read IP mode file for STMicroelectronics.X-CUBE-SFXS2LP1.4.0.0
2024-04-06 09:24:18,017 [WARN] ConditionMgr:438 - getConditionDescription Invalid condition id : UX DEVICE CLASS RTOS Condition cause : null
2024-04-06 09:24:18,017 [WARN] ConditionMgr:438 - getConditionDescription Invalid condition id : UX DEVICE CLASS RTOS Condition cause : null
2024-04-06 09:24:18,018 [WARN] PackLoader:240 - Cannot read IP mode file for STMicroelectronics.X-CUBE-AZRTOS-WB.2.0.0
2024-04-06 09:24:18,019 [WARN] ConditionMgr:1039 - genDependencies : Invalid condition id : UX DEVICE CLASS RTOS Condition cause : null
2024-04-06 09:24:18,019 [WARN] ConditionMgr:1039 - genDependencies : Invalid condition id : UX DEVICE CLASS RTOS Condition cause : null
2024-04-06 09:24:18,019 [WARN] ConditionMgr:1039 - genDependencies : Invalid condition id : UX DEVICE CLASS RTOS Condition cause : null
2024-04-06 09:24:18,019 [WARN] ConditionMgr:1039 - genDependencies : Invalid condition id : UX DEVICE CLASS RTOS Condition cause : null
2024-04-06 09:24:18,019 [WARN] ConditionMgr:1039 - genDependencies : Invalid condition id : UX DEVICE CLASS RTOS Condition cause : null
2024-04-06 09:24:18,027 [WARN] PackLoader:240 - Cannot read IP mode file for STMicroelectronics.X-CUBE-SUBG2.5.0.0
2024-04-06 09:24:18,040 [WARN] PackLoader:240 - Cannot read IP mode file for STMicroelectronics.X-CUBE-AZRTOS-G4.2.0.0
2024-04-06 09:24:18,048 [WARN] PackLoader:240 - Cannot read IP mode file for Infineon.AIROC-Wi-Fi-Bluetooth-STM32.1.5.1
2024-04-06 09:24:18,053 [WARN] PackLoader:240 - Cannot read IP mode file for STMicroelectronics.FP-SNS-MOTENVWB1.1.3.1
2024-04-06 09:24:18,056 [WARN] PackLoader:240 - Cannot read IP mode file for STMicroelectronics.X-CUBE-ISPU.2.0.0
2024-04-06 09:24:18,080 [WARN] PackLoader:240 - Cannot read IP mode file for STMicroelectronics.X-CUBE-MEMS1.10.0.0
2024-04-06 09:24:18,195 [WARN] PackLoader:240 - Cannot read IP mode file for STMicroelectronics.X-CUBE-FREERTOS.1.1.0
2024-04-06 09:24:18,199 [WARN] PackLoader:240 - Cannot read IP mode file for portGmbH.I-Cube-SoM-uGOAL.1.1.0
2024-04-06 09:24:18,202 [WARN] PackLoader:240 - Cannot read IP mode file for STMicroelectronics.X-CUBE-ALS.1.0.1
2024-04-06 09:24:18,205 [WARN] PackLoader:240 - Cannot read IP mode file for STMicroelectronics.FP-ATR-ASTRA1.2.0.0
2024-04-06 09:24:18,214 [WARN] PackLoader:240 - Cannot read IP mode file for STMicroelectronics.X-CUBE-TOF1.3.4.0
2024-04-06 09:24:18,234 [WARN] PackLoader:240 - Cannot read IP mode file for STMicroelectronics.X-CUBE-TOF1.3.4.1
2024-04-06 09:24:18,262 [WARN] PackLoader:240 - Cannot read IP mode file for STMicroelectronics.X-CUBE-AZRTOS-H7.3.2.0
2024-04-06 09:24:18,266 [INFO] ThirdParty:978 - Integrity check success = true
2024-04-06 09:24:18,266 [INFO] IntegrityCheckThread:100 - exiting critical section [integrity check]
2024-04-06 09:24:18,266 [INFO] IntegrityCheckThread:103 - End integrity checks thread
2024-04-06 09:24:37,754 [ERROR] LogOutputStream:75 - [STDERR_REDIRECT] SLF4J: Failed to load class "org.slf4j.impl.StaticLoggerBinder".
2024-04-06 09:24:37,756 [ERROR] LogOutputStream:75 - [STDERR_REDIRECT] SLF4J: Defaulting to no-operation (NOP) logger implementation
2024-04-06 09:24:37,756 [ERROR] LogOutputStream:75 - [STDERR_REDIRECT] SLF4J: See http://www.slf4j.org/codes.html#StaticLoggerBinder for further details.
