2024-04-05 15:45:23,149 [INFO] Activator:176 - 


2024-04-05 15:45:23,152 [INFO] Activator:177 - !SESSION log4j initialized
2024-04-05 15:45:26,209 [INFO] LogOutputStream:77 - [STDOUT_REDIRECT] 
2024-04-05 15:45:26,570 [INFO] ApplicationProperties:184 - Using Application install path: /opt/st/stm32cubeide_1.14.0/plugins/com.st.stm32cube.common.mx_6.10.0.202311202037
2024-04-05 15:45:26,583 [INFO] DbMcusXml:78 - Set database path to: /opt/st/stm32cubeide_1.14.0/plugins/com.st.stm32cube.common.mx_6.10.0.202311202037//db//mcu/
2024-04-05 15:45:26,584 [INFO] ApiDb:274 - Set plugin database path to: /opt/st/stm32cubeide_1.14.0/plugins/com.st.stm32cube.common.mx_6.10.0.202311202037//db//plugins/boardmanager/
2024-04-05 15:45:26,584 [WARN] ApiDb:259 - Overriding images path with different value:  => /opt/st/stm32cubeide_1.14.0/plugins/com.st.stm32cube.common.mx_6.10.0.202311202037//db//plugins/mcufinder/images/
2024-04-05 15:45:26,590 [INFO] ApiDb:250 - Set database path to: /home/lars/.stmcufinder/plugins/mcufinder//mcu/
2024-04-05 15:45:26,591 [INFO] DbMcusAds:125 - Set database path to: /home/lars/.stmcufinder/plugins/mcufinder//mcu/
2024-04-05 15:45:26,593 [INFO] CrossReferenceDbSqlite:203 - Set database path to: /home/lars/.stmcufinder/plugins/mcufinder//mcu/cs/
2024-04-05 15:45:26,676 [INFO] RulesReader:64 - Compatibility file has been processed (297 Rules)
2024-04-05 15:45:26,719 [INFO] DbMcusXml:78 - Set database path to: /opt/st/stm32cubeide_1.14.0/plugins/com.st.stm32cube.common.mx_6.10.0.202311202037//db//mcu/
2024-04-05 15:45:26,719 [INFO] ApiDb:274 - Set plugin database path to: /opt/st/stm32cubeide_1.14.0/plugins/com.st.stm32cube.common.mx_6.10.0.202311202037//db//plugins/boardmanager/
2024-04-05 15:45:26,720 [INFO] ApiDb:261 - Set plugin images path to: /opt/st/stm32cubeide_1.14.0/plugins/com.st.stm32cube.common.mx_6.10.0.202311202037//db//plugins/mcufinder/images/
2024-04-05 15:45:26,720 [WARN] DbFile:41 - Overriding database path with different value: /home/lars/.stmcufinder/plugins/mcufinder/ => /home/lars/.stmcufinder/plugins/mcufinder
2024-04-05 15:45:26,720 [INFO] ApiDb:250 - Set database path to: /home/lars/.stmcufinder/plugins/mcufinder//mcu/
2024-04-05 15:45:26,720 [WARN] DbFile:41 - Overriding database path with different value: /home/lars/.stmcufinder/plugins/mcufinder/ => /home/lars/.stmcufinder/plugins/mcufinder
2024-04-05 15:45:26,720 [INFO] DbMcusAds:125 - Set database path to: /home/lars/.stmcufinder/plugins/mcufinder//mcu/
2024-04-05 15:45:26,720 [WARN] DbFile:41 - Overriding database path with different value: /home/lars/.stmcufinder/plugins/mcufinder/ => /home/lars/.stmcufinder/plugins/mcufinder
2024-04-05 15:45:26,720 [WARN] DbFile:41 - Overriding database path with different value: /home/lars/.stmcufinder/plugins/mcufinder/ => /home/lars/.stmcufinder/plugins/mcufinder
2024-04-05 15:45:26,720 [INFO] CrossReferenceDbSqlite:203 - Set database path to: /home/lars/.stmcufinder/plugins/mcufinder//mcu/cs/
2024-04-05 15:45:26,774 [INFO] MainPanel:264 - HeapMemory: 268435456
2024-04-05 15:45:26,854 [INFO] DbMcusXml:78 - Set database path to: /opt/st/stm32cubeide_1.14.0/plugins/com.st.stm32cube.common.mx_6.10.0.202311202037//db//mcu/
2024-04-05 15:45:26,854 [INFO] ApiDb:274 - Set plugin database path to: /opt/st/stm32cubeide_1.14.0/plugins/com.st.stm32cube.common.mx_6.10.0.202311202037//db//plugins/boardmanager/
2024-04-05 15:45:26,854 [INFO] ApiDb:261 - Set plugin images path to: /opt/st/stm32cubeide_1.14.0/plugins/com.st.stm32cube.common.mx_6.10.0.202311202037//db//plugins/mcufinder/images/
2024-04-05 15:45:26,855 [WARN] DbFile:41 - Overriding database path with different value: /home/lars/.stmcufinder/plugins/mcufinder/ => /home/lars/.stmcufinder/plugins/mcufinder
2024-04-05 15:45:26,855 [INFO] ApiDb:250 - Set database path to: /home/lars/.stmcufinder/plugins/mcufinder//mcu/
2024-04-05 15:45:26,855 [WARN] DbFile:41 - Overriding database path with different value: /home/lars/.stmcufinder/plugins/mcufinder/ => /home/lars/.stmcufinder/plugins/mcufinder
2024-04-05 15:45:26,855 [INFO] DbMcusAds:125 - Set database path to: /home/lars/.stmcufinder/plugins/mcufinder//mcu/
2024-04-05 15:45:26,855 [WARN] DbFile:41 - Overriding database path with different value: /home/lars/.stmcufinder/plugins/mcufinder/ => /home/lars/.stmcufinder/plugins/mcufinder
2024-04-05 15:45:26,855 [WARN] DbFile:41 - Overriding database path with different value: /home/lars/.stmcufinder/plugins/mcufinder/ => /home/lars/.stmcufinder/plugins/mcufinder
2024-04-05 15:45:26,855 [INFO] CrossReferenceDbSqlite:203 - Set database path to: /home/lars/.stmcufinder/plugins/mcufinder//mcu/cs/
2024-04-05 15:45:26,869 [INFO] ApplicationProperties:184 - Using Application install path: /opt/st/stm32cubeide_1.14.0/plugins/com.st.stm32cube.common.mx_6.10.0.202311202037
2024-04-05 15:45:26,870 [INFO] PluginManage:196 - Search for loadable plugins [exclusion list=, ]
2024-04-05 15:45:26,871 [INFO] PluginManage:310 - Check plugin analytics
2024-04-05 15:45:26,974 [INFO] AnalyticsPlugin:253 - Accepted Software Licenses: 
2024-04-05 15:45:26,975 [INFO] AnalyticsPlugin:255 - Accepted CMSIS Pack Licenses: 
2024-04-05 15:45:26,975 [INFO] AnalyticsPlugin:257 - Accepted Firmware Licenses: 
2024-04-05 15:45:26,976 [INFO] PluginManage:359 - Loaded plugin analytics (category:tool,tabindex:-1)
2024-04-05 15:45:26,977 [INFO] PluginManage:310 - Check plugin cadmodel
2024-04-05 15:45:26,999 [INFO] CADModel:105 - Init CAD model plugin
2024-04-05 15:45:26,999 [INFO] PluginManage:359 - Loaded plugin cadmodel (category:power,tabindex:5)
2024-04-05 15:45:27,000 [INFO] PluginManage:310 - Check plugin clock
2024-04-05 15:45:27,007 [INFO] PluginManage:359 - Loaded plugin clock (category:base,tabindex:2)
2024-04-05 15:45:27,007 [INFO] PluginManage:310 - Check plugin ddr
2024-04-05 15:45:27,009 [INFO] PluginManage:359 - Loaded plugin ddr (category:tool,tabindex:6)
2024-04-05 15:45:27,009 [INFO] PluginManage:310 - Check plugin filemanager
2024-04-05 15:45:27,120 [INFO] PluginManage:359 - Loaded plugin filemanager (category:base,tabindex:10)
2024-04-05 15:45:27,120 [INFO] PluginManage:310 - Check plugin ipmanager
2024-04-05 15:45:27,124 [INFO] PluginManage:359 - Loaded plugin ipmanager (category:base,tabindex:5)
2024-04-05 15:45:27,124 [INFO] PluginManage:310 - Check plugin lpbam
2024-04-05 15:45:27,133 [INFO] PluginManage:359 - Loaded plugin lpbam (category:base,tabindex:0)
2024-04-05 15:45:27,133 [INFO] PluginManage:310 - Check plugin memorymap
2024-04-05 15:45:27,144 [INFO] PluginManage:359 - Loaded plugin memorymap (category:base,tabindex:4)
2024-04-05 15:45:27,144 [INFO] PluginManage:310 - Check plugin pinoutandconfiguration
2024-04-05 15:45:27,151 [INFO] PluginManage:359 - Loaded plugin pinoutandconfiguration (category:base,tabindex:1)
2024-04-05 15:45:27,151 [INFO] PluginManage:310 - Check plugin pinoutconfig
2024-04-05 15:45:27,221 [WARN] SupportedApi:132 - Cannot load RTOS API schema: s4s-elt-must-match.1: The content of 'definitions' must match (annotation?, (simpleType | complexType)?, (unique | key | keyref)*)). A problem was found starting at: attribute.
2024-04-05 15:45:27,331 [INFO] PluginManage:359 - Loaded plugin pinoutconfig (category:base,tabindex:0)
2024-04-05 15:45:27,331 [INFO] PluginManage:310 - Check plugin power
2024-04-05 15:45:27,338 [INFO] PluginManage:359 - Loaded plugin power (category:power,tabindex:4)
2024-04-05 15:45:27,339 [INFO] PluginManage:310 - Check plugin projectmanager
2024-04-05 15:45:27,349 [INFO] PluginManage:359 - Loaded plugin projectmanager (category:projectmanager,tabindex:3)
2024-04-05 15:45:27,349 [INFO] PluginManage:310 - Check plugin thirdparty
2024-04-05 15:45:27,439 [INFO] PluginManage:359 - Loaded plugin thirdparty (category:base,tabindex:-1)
2024-04-05 15:45:27,439 [INFO] PluginManage:310 - Check plugin tools
2024-04-05 15:45:27,439 [WARN] IntegrityCheckThread:84 - waiting for thirdparty lock release [integrity check]
2024-04-05 15:45:27,439 [INFO] IntegrityCheckThread:86 - entering critical section [integrity check]
2024-04-05 15:45:27,440 [INFO] ThirdPartyUpdaterWithRetryManager:70 - Updater plugin not ready yet. [1/15]
2024-04-05 15:45:27,441 [INFO] PluginManage:359 - Loaded plugin tools (category:base,tabindex:7)
2024-04-05 15:45:27,441 [INFO] PluginManage:310 - Check plugin tutovideos
2024-04-05 15:45:27,574 [INFO] PluginManage:359 - Loaded plugin tutovideos (category:base,tabindex:-1)
2024-04-05 15:45:27,574 [INFO] PluginManage:310 - Check plugin updater
2024-04-05 15:45:27,583 [INFO] PluginManage:359 - Loaded plugin updater (category:base,tabindex:12)
2024-04-05 15:45:27,583 [INFO] PluginManage:310 - Check plugin userauth
2024-04-05 15:45:27,589 [INFO] UserAuth:114 - Init User Auth plugin
2024-04-05 15:45:27,589 [INFO] PluginManage:359 - Loaded plugin userauth (category:base,tabindex:14)
2024-04-05 15:45:27,589 [INFO] PluginManage:283 - PluginManage : Loaded plugins [17]
2024-04-05 15:45:27,729 [INFO] PinOutPanel:1499 - setPackage(No Configuration,No Configuration)
2024-04-05 15:45:27,769 [INFO] CADModel:165 - CPN selected for project level
2024-04-05 15:45:27,770 [INFO] CADModel:114 - Register for checkConnection events
2024-04-05 15:45:27,796 [INFO] IPUIPlugin:80 - create IPUIPlugin
2024-04-05 15:45:27,796 [INFO] PluginManager:220 - loadIPPluginJar : add i2s
2024-04-05 15:45:27,799 [INFO] IPUIPlugin:80 - create IPUIPlugin
2024-04-05 15:45:27,799 [INFO] PluginManager:220 - loadIPPluginJar : add ipddr
2024-04-05 15:45:27,801 [INFO] IPUIPlugin:80 - create IPUIPlugin
2024-04-05 15:45:27,801 [INFO] PluginManager:220 - loadIPPluginJar : add tracer_emb
2024-04-05 15:45:27,803 [INFO] IPUIPlugin:80 - create IPUIPlugin
2024-04-05 15:45:27,803 [INFO] PluginManager:220 - loadIPPluginJar : add usart
2024-04-05 15:45:27,805 [INFO] IPUIPlugin:80 - create IPUIPlugin
2024-04-05 15:45:27,806 [INFO] PluginManager:220 - loadIPPluginJar : add gtzc
2024-04-05 15:45:27,806 [INFO] IPUIPlugin:80 - create IPUIPlugin
2024-04-05 15:45:27,806 [INFO] PluginManager:220 - loadIPPluginJar : add quadspi
2024-04-05 15:45:27,817 [INFO] IPUIPlugin:80 - create IPUIPlugin
2024-04-05 15:45:27,818 [INFO] PluginManager:220 - loadIPPluginJar : add gpio
2024-04-05 15:45:27,821 [INFO] IPUIPlugin:80 - create IPUIPlugin
2024-04-05 15:45:27,821 [INFO] PluginManager:220 - loadIPPluginJar : add usbx
2024-04-05 15:45:27,828 [INFO] IPUIPlugin:80 - create IPUIPlugin
2024-04-05 15:45:27,828 [INFO] PluginManager:220 - loadIPPluginJar : add adc
2024-04-05 15:45:27,835 [INFO] IPUIPlugin:80 - create IPUIPlugin
2024-04-05 15:45:27,836 [INFO] PluginManager:220 - loadIPPluginJar : add mdma
2024-04-05 15:45:27,837 [INFO] IPUIPlugin:80 - create IPUIPlugin
2024-04-05 15:45:27,837 [INFO] PluginManager:220 - loadIPPluginJar : add tsc
2024-04-05 15:45:27,840 [INFO] IPUIPlugin:80 - create IPUIPlugin
2024-04-05 15:45:27,840 [INFO] PluginManager:220 - loadIPPluginJar : add aes
2024-04-05 15:45:27,842 [INFO] IPUIPlugin:80 - create IPUIPlugin
2024-04-05 15:45:27,842 [INFO] PluginManager:220 - loadIPPluginJar : add i3c
2024-04-05 15:45:27,843 [INFO] IPUIPlugin:80 - create IPUIPlugin
2024-04-05 15:45:27,843 [INFO] PluginManager:220 - loadIPPluginJar : add ts
2024-04-05 15:45:27,845 [INFO] IPUIPlugin:80 - create IPUIPlugin
2024-04-05 15:45:27,845 [INFO] PluginManager:220 - loadIPPluginJar : add can
2024-04-05 15:45:27,846 [INFO] IPUIPlugin:80 - create IPUIPlugin
2024-04-05 15:45:27,846 [INFO] PluginManager:220 - loadIPPluginJar : add cryp
2024-04-05 15:45:27,852 [INFO] IPUIPlugin:80 - create IPUIPlugin
2024-04-05 15:45:27,852 [INFO] PluginManager:220 - loadIPPluginJar : add stm32_wpan
2024-04-05 15:45:27,854 [INFO] IPUIPlugin:80 - create IPUIPlugin
2024-04-05 15:45:27,854 [INFO] PluginManager:220 - loadIPPluginJar : add genericplugin
2024-04-05 15:45:27,856 [INFO] IPUIPlugin:80 - create IPUIPlugin
2024-04-05 15:45:27,856 [INFO] PluginManager:220 - loadIPPluginJar : add spi
2024-04-05 15:45:27,860 [INFO] IPUIPlugin:80 - create IPUIPlugin
2024-04-05 15:45:27,860 [INFO] PluginManager:220 - loadIPPluginJar : add resmgrutility
2024-04-05 15:45:27,862 [INFO] IPUIPlugin:80 - create IPUIPlugin
2024-04-05 15:45:27,862 [INFO] PluginManager:220 - loadIPPluginJar : add gfxmmu
2024-04-05 15:45:27,863 [INFO] IPUIPlugin:80 - create IPUIPlugin
2024-04-05 15:45:27,863 [INFO] PluginManager:220 - loadIPPluginJar : add ucpd
2024-04-05 15:45:27,869 [INFO] IPUIPlugin:80 - create IPUIPlugin
2024-04-05 15:45:27,869 [INFO] PluginManager:220 - loadIPPluginJar : add linkedlist
2024-04-05 15:45:27,871 [INFO] IPUIPlugin:80 - create IPUIPlugin
2024-04-05 15:45:27,871 [INFO] PluginManager:220 - loadIPPluginJar : add hash
2024-04-05 15:45:27,873 [INFO] IPUIPlugin:80 - create IPUIPlugin
2024-04-05 15:45:27,873 [INFO] PluginManager:220 - loadIPPluginJar : add openamp
2024-04-05 15:45:27,875 [INFO] IPUIPlugin:80 - create IPUIPlugin
2024-04-05 15:45:27,875 [INFO] PluginManager:220 - loadIPPluginJar : add sai
2024-04-05 15:45:27,877 [INFO] IPUIPlugin:80 - create IPUIPlugin
2024-04-05 15:45:27,877 [INFO] PluginManager:220 - loadIPPluginJar : add opamp
2024-04-05 15:45:27,878 [INFO] IPUIPlugin:80 - create IPUIPlugin
2024-04-05 15:45:27,878 [INFO] PluginManager:220 - loadIPPluginJar : add comp
2024-04-05 15:45:27,880 [INFO] IPUIPlugin:80 - create IPUIPlugin
2024-04-05 15:45:27,880 [INFO] PluginManager:220 - loadIPPluginJar : add dma3
2024-04-05 15:45:27,885 [INFO] IPUIPlugin:80 - create IPUIPlugin
2024-04-05 15:45:27,886 [INFO] PluginManager:220 - loadIPPluginJar : add dma
2024-04-05 15:45:27,888 [INFO] IPUIPlugin:80 - create IPUIPlugin
2024-04-05 15:45:27,888 [INFO] PluginManager:220 - loadIPPluginJar : add pdm2pcm
2024-04-05 15:45:27,890 [INFO] IPUIPlugin:80 - create IPUIPlugin
2024-04-05 15:45:27,890 [INFO] PluginManager:220 - loadIPPluginJar : add touchsensing
2024-04-05 15:45:27,891 [INFO] IPUIPlugin:80 - create IPUIPlugin
2024-04-05 15:45:27,891 [INFO] PluginManager:220 - loadIPPluginJar : add ltdc
2024-04-05 15:45:27,892 [INFO] IPUIPlugin:80 - create IPUIPlugin
2024-04-05 15:45:27,892 [INFO] PluginManager:220 - loadIPPluginJar : add i2c
2024-04-05 15:45:27,895 [INFO] IPUIPlugin:80 - create IPUIPlugin
2024-04-05 15:45:27,895 [INFO] PluginManager:220 - loadIPPluginJar : add fmc
2024-04-05 15:45:27,897 [INFO] IPUIPlugin:80 - create IPUIPlugin
2024-04-05 15:45:27,897 [INFO] PluginManager:220 - loadIPPluginJar : add lorawan
2024-04-05 15:45:27,898 [INFO] IPUIPlugin:80 - create IPUIPlugin
2024-04-05 15:45:27,898 [INFO] PluginManager:220 - loadIPPluginJar : add tim
2024-04-05 15:45:27,902 [INFO] IPUIPlugin:80 - create IPUIPlugin
2024-04-05 15:45:27,904 [INFO] PluginManager:220 - loadIPPluginJar : add plateformsettings
2024-04-05 15:45:27,909 [INFO] IPUIPlugin:80 - create IPUIPlugin
2024-04-05 15:45:27,909 [INFO] PluginManager:220 - loadIPPluginJar : add freertos
2024-04-05 15:45:27,910 [INFO] IPUIPlugin:80 - create IPUIPlugin
2024-04-05 15:45:27,911 [INFO] PluginManager:220 - loadIPPluginJar : add dfsdm
2024-04-05 15:45:27,913 [INFO] IPUIPlugin:80 - create IPUIPlugin
2024-04-05 15:45:27,913 [INFO] PluginManager:220 - loadIPPluginJar : add nvic
2024-04-05 15:45:27,917 [INFO] IPUIPlugin:80 - create IPUIPlugin
2024-04-05 15:45:27,917 [INFO] PluginManager:220 - loadIPPluginJar : add gic
2024-04-05 15:45:27,918 [INFO] IPUIPlugin:80 - create IPUIPlugin
2024-04-05 15:45:27,918 [INFO] PluginManager:220 - loadIPPluginJar : add fatfs
2024-04-05 15:45:28,011 [INFO] CADModel:165 - CPN selected for project level
2024-04-05 15:45:28,011 [INFO] CADModel:114 - Register for checkConnection events
2024-04-05 15:45:28,011 [FATAL] Updater:308 - Updater called before beeing initialized
2024-04-05 15:45:28,011 [ERROR] CADModel:125 - Updater not yet initialized, retry later 
2024-04-05 15:45:28,101 [INFO] CADModel:165 - CPN selected for project level
2024-04-05 15:45:28,102 [INFO] CADModel:114 - Register for checkConnection events
2024-04-05 15:45:28,102 [FATAL] Updater:308 - Updater called before beeing initialized
2024-04-05 15:45:28,102 [ERROR] CADModel:125 - Updater not yet initialized, retry later 
2024-04-05 15:45:28,104 [FATAL] Updater:308 - Updater called before beeing initialized
2024-04-05 15:45:28,151 [FATAL] Updater:308 - Updater called before beeing initialized
2024-04-05 15:45:28,155 [INFO] DbMcusAds:53 - JSON generation date=Wed Nov 29 02:52:27 PST 2023 (1701255147349)
2024-04-05 15:45:28,155 [FATAL] Updater:308 - Updater called before beeing initialized
2024-04-05 15:45:28,179 [WARN] DetailPanel:346 - Failed to get advertising image, set to default
2024-04-05 15:45:28,240 [FATAL] Updater:308 - Updater called before beeing initialized
2024-04-05 15:45:28,242 [FATAL] Updater:308 - Updater called before beeing initialized
2024-04-05 15:45:28,242 [FATAL] Updater:308 - Updater called before beeing initialized
2024-04-05 15:45:28,242 [WARN] DetailPanel:346 - Failed to get advertising image, set to default
2024-04-05 15:45:28,242 [FATAL] Updater:308 - Updater called before beeing initialized
2024-04-05 15:45:28,268 [ERROR] Updater:1120 - MainUpdater not yet initialized. External WinMGr cannot be set.
2024-04-05 15:45:28,269 [INFO] Updater:1056 - Updater Version found : 6.10.0
2024-04-05 15:45:28,286 [INFO] ApplicationProperties:184 - Using Application install path: /opt/st/stm32cubeide_1.14.0/plugins/com.st.stm32cube.common.mx_6.10.0.202311202037
2024-04-05 15:45:28,526 [INFO] MainUpdater:2873 - connection check result : 10
2024-04-05 15:45:28,527 [INFO] MainUpdater:290 - Updater Check For Update Now.
2024-04-05 15:45:28,527 [INFO] MicroXplorer:498 - Change Database Version : DB.6.0.100
2024-04-05 15:45:28,530 [INFO] McuFinderGlobals:63 - Set McuFinder mode to 2 (CubeIDE integrated)
2024-04-05 15:45:28,688 [INFO] CheckServerUpdateThread:120 - End of CheckServer Thread
2024-04-05 15:45:28,792 [INFO] UserAuth:404 - Internet connection configuration mode: 1
2024-04-05 15:45:28,805 [INFO] JxBrowserEngine:152 - Initiate JxBrowser Engine with user profile folder
2024-04-05 15:45:29,708 [INFO] WebApp:161 - Instantiating new browser for Auth
2024-04-05 15:45:30,266 [INFO] WebApp:780 - Register for checkConnection events
2024-04-05 15:45:30,266 [INFO] WebApp:414 - Apply proxy settings
2024-04-05 15:45:30,266 [INFO] WebApp:499 - Chromium requires no authentication
2024-04-05 15:45:30,271 [INFO] WebApp:442 - Direct internet connection detected
2024-04-05 15:45:30,363 [INFO] WebApp:192 - Starting web application
2024-04-05 15:45:30,363 [INFO] WebApp:544 - Web application path used /opt/st/stm32cubeide_1.14.0/plugins/com.st.stm32cube.common.mx_6.10.0.202311202037/db/plugins/mcufinder/reactClient1/index.html
2024-04-05 15:45:30,539 [WARN] PackLoader:240 - Cannot read IP mode file for STMicroelectronics.X-CUBE-SMBUS.2.1.0
2024-04-05 15:45:30,543 [WARN] PackLoader:240 - Cannot read IP mode file for STMicroelectronics.X-CUBE-TOUCHGFX.4.23.1
2024-04-05 15:45:30,545 [WARN] PackLoader:240 - Cannot read IP mode file for STMicroelectronics.X-CUBE-TOUCHGFX.4.23.0
2024-04-05 15:45:30,572 [WARN] PackLoader:240 - Cannot read IP mode file for STMicroelectronics.X-CUBE-AZRTOS-F7.1.1.0
2024-04-05 15:45:30,584 [WARN] PackLoader:240 - Cannot read IP mode file for STMicroelectronics.FP-SNS-MOTENV1.4.3.2
2024-04-05 15:45:30,589 [WARN] PackLoader:240 - Cannot read IP mode file for STMicroelectronics.FP-SNS-FLIGHT1.5.0.2
2024-04-05 15:45:30,597 [WARN] PackLoader:240 - Cannot read IP mode file for STMicroelectronics.X-CUBE-DISPLAY.3.0.0
2024-04-05 15:45:30,611 [WARN] PackLoader:240 - Cannot read IP mode file for STMicroelectronics.X-CUBE-BLE1.7.0.0
2024-04-05 15:45:30,625 [WARN] PackLoader:240 - Cannot read IP mode file for emotas.I-CUBE-CANOPEN.1.3.0
2024-04-05 15:45:30,637 [WARN] PackLoader:240 - Cannot read IP mode file for STMicroelectronics.X-CUBE-BLEMGR.3.1.0
2024-04-05 15:45:30,643 [WARN] PackLoader:240 - Cannot read IP mode file for STMicroelectronics.FP-SNS-SMARTAG2.1.2.0
2024-04-05 15:45:30,655 [INFO] LogOutputStream:77 - [STDOUT_REDIRECT] 1 : Invalid condition id : UX_CORESTACK_Condition cause : null
2024-04-05 15:45:30,655 [INFO] LogOutputStream:77 - [STDOUT_REDIRECT] 1 : Invalid condition id : UX_CORESTACK_Condition cause : null
2024-04-05 15:45:30,655 [INFO] LogOutputStream:77 - [STDOUT_REDIRECT] 1 : Invalid condition id : UX_CORESTACK_Condition cause : null
2024-04-05 15:45:30,655 [INFO] LogOutputStream:77 - [STDOUT_REDIRECT] 1 : Invalid condition id : UX_CORESTACK_Condition cause : null
2024-04-05 15:45:30,656 [INFO] LogOutputStream:77 - [STDOUT_REDIRECT] 1 : Invalid condition id : UX_CORESTACK_Condition cause : null
2024-04-05 15:45:30,660 [WARN] PackLoader:240 - Cannot read IP mode file for STMicroelectronics.X-CUBE-AZRTOS-WL.2.0.0
2024-04-05 15:45:30,665 [WARN] PackLoader:240 - Cannot read IP mode file for STMicroelectronics.FP-SNS-MOTENV1.5.0.0
2024-04-05 15:45:30,672 [WARN] PackLoader:240 - Cannot read IP mode file for WES.I-CUBE-Cesium.1.3.0
2024-04-05 15:45:30,676 [WARN] PackLoader:240 - Cannot read IP mode file for STMicroelectronics.X-CUBE-BLE2.3.3.0
2024-04-05 15:45:30,683 [WARN] PackLoader:240 - Cannot read IP mode file for STMicroelectronics.X-CUBE-ALGOBUILD.1.3.0
2024-04-05 15:45:30,705 [WARN] PackLoader:240 - Cannot read IP mode file for STMicroelectronics.X-CUBE-AZRTOS-G0.1.1.0
2024-04-05 15:45:30,713 [WARN] PackLoader:240 - Cannot read IP mode file for STMicroelectronics.X-CUBE-SAFEA1.1.2.2
2024-04-05 15:45:30,719 [WARN] PackLoader:240 - Cannot read IP mode file for STMicroelectronics.X-CUBE-NFC4.3.0.0
2024-04-05 15:45:30,724 [WARN] PackLoader:240 - Cannot read IP mode file for STMicroelectronics.FP-ATR-SIGFOX1.3.2.0
2024-04-05 15:45:30,728 [WARN] PackLoader:240 - Cannot read IP mode file for STMicroelectronics.X-CUBE-EEPRMA1.5.1.0
2024-04-05 15:45:30,752 [WARN] PackLoader:240 - Cannot read IP mode file for SEGGER.I-CUBE-embOS.1.3.1
2024-04-05 15:45:30,787 [WARN] PackLoader:240 - Cannot read IP mode file for STMicroelectronics.X-CUBE-GNSS1.6.0.0
2024-04-05 15:45:30,800 [WARN] PackLoader:240 - Cannot read IP mode file for STMicroelectronics.X-CUBE-AZRTOS-F4.1.1.0
2024-04-05 15:45:30,804 [WARN] PackLoader:240 - Cannot read IP mode file for wolfSSL.I-CUBE-wolfSSL.5.6.6
2024-04-05 15:45:30,819 [WARN] PackLoader:240 - Cannot read IP mode file for STMicroelectronics.X-CUBE-AZRTOS-L5.2.0.0
2024-04-05 15:45:30,826 [WARN] PackLoader:240 - Cannot read IP mode file for STMicroelectronics.X-CUBE-NFC6.3.1.0
2024-04-05 15:45:30,831 [WARN] PackLoader:240 - Cannot read IP mode file for ITTIA_DB.I-CUBE-ITTIADB.8.8.0
2024-04-05 15:45:30,834 [WARN] PackLoader:240 - Cannot read IP mode file for STMicroelectronics.X-CUBE-NFC7.1.0.1
2024-04-05 15:45:30,839 [WARN] PackLoader:240 - Cannot read IP mode file for STMicroelectronics.X-CUBE-NFC6.3.0.0
2024-04-05 15:45:30,843 [WARN] PackLoader:240 - Cannot read IP mode file for STMicroelectronics.X-CUBE-AI.8.1.0
2024-04-05 15:45:30,857 [WARN] ConditionMgr:438 - getConditionDescription Invalid condition id : LAN8742 Phy interface Condition cause : null
2024-04-05 15:45:30,857 [WARN] PackLoader:240 - Cannot read IP mode file for STMicroelectronics.X-CUBE-AZRTOS-L4.2.0.0
2024-04-05 15:45:30,858 [WARN] ConditionMgr:1039 - genDependencies : Invalid condition id : LAN8742 Phy interface Condition cause : null
2024-04-05 15:45:30,858 [WARN] ConditionMgr:1039 - genDependencies : Invalid condition id : LAN8742 Phy interface Condition cause : null
2024-04-05 15:45:30,859 [WARN] ConditionMgr:1039 - genDependencies : Invalid condition id : LAN8742 Phy interface Condition cause : null
2024-04-05 15:45:30,864 [WARN] PackLoader:240 - Cannot read IP mode file for STMicroelectronics.X-CUBE-SFXS2LP1.4.0.0
2024-04-05 15:45:30,876 [WARN] ConditionMgr:438 - getConditionDescription Invalid condition id : UX DEVICE CLASS RTOS Condition cause : null
2024-04-05 15:45:30,876 [WARN] ConditionMgr:438 - getConditionDescription Invalid condition id : UX DEVICE CLASS RTOS Condition cause : null
2024-04-05 15:45:30,878 [WARN] PackLoader:240 - Cannot read IP mode file for STMicroelectronics.X-CUBE-AZRTOS-WB.2.0.0
2024-04-05 15:45:30,878 [WARN] ConditionMgr:1039 - genDependencies : Invalid condition id : UX DEVICE CLASS RTOS Condition cause : null
2024-04-05 15:45:30,878 [WARN] ConditionMgr:1039 - genDependencies : Invalid condition id : UX DEVICE CLASS RTOS Condition cause : null
2024-04-05 15:45:30,878 [WARN] ConditionMgr:1039 - genDependencies : Invalid condition id : UX DEVICE CLASS RTOS Condition cause : null
2024-04-05 15:45:30,878 [WARN] ConditionMgr:1039 - genDependencies : Invalid condition id : UX DEVICE CLASS RTOS Condition cause : null
2024-04-05 15:45:30,879 [WARN] ConditionMgr:1039 - genDependencies : Invalid condition id : UX DEVICE CLASS RTOS Condition cause : null
2024-04-05 15:45:30,886 [WARN] PackLoader:240 - Cannot read IP mode file for STMicroelectronics.X-CUBE-SUBG2.5.0.0
2024-04-05 15:45:30,905 [WARN] PackLoader:240 - Cannot read IP mode file for STMicroelectronics.X-CUBE-AZRTOS-G4.2.0.0
2024-04-05 15:45:30,916 [WARN] PackLoader:240 - Cannot read IP mode file for Infineon.AIROC-Wi-Fi-Bluetooth-STM32.1.5.1
2024-04-05 15:45:30,922 [WARN] PackLoader:240 - Cannot read IP mode file for STMicroelectronics.FP-SNS-MOTENVWB1.1.3.1
2024-04-05 15:45:30,924 [WARN] PackLoader:240 - Cannot read IP mode file for STMicroelectronics.X-CUBE-ISPU.2.0.0
2024-04-05 15:45:30,957 [WARN] PackLoader:240 - Cannot read IP mode file for STMicroelectronics.X-CUBE-MEMS1.10.0.0
2024-04-05 15:45:31,063 [WARN] PackLoader:240 - Cannot read IP mode file for STMicroelectronics.X-CUBE-FREERTOS.1.1.0
2024-04-05 15:45:31,068 [WARN] PackLoader:240 - Cannot read IP mode file for portGmbH.I-Cube-SoM-uGOAL.1.1.0
2024-04-05 15:45:31,071 [WARN] PackLoader:240 - Cannot read IP mode file for STMicroelectronics.X-CUBE-ALS.1.0.1
2024-04-05 15:45:31,074 [WARN] PackLoader:240 - Cannot read IP mode file for STMicroelectronics.FP-ATR-ASTRA1.2.0.0
2024-04-05 15:45:31,082 [WARN] PackLoader:240 - Cannot read IP mode file for STMicroelectronics.X-CUBE-TOF1.3.4.0
2024-04-05 15:45:31,100 [WARN] PackLoader:240 - Cannot read IP mode file for STMicroelectronics.X-CUBE-TOF1.3.4.1
2024-04-05 15:45:31,132 [WARN] PackLoader:240 - Cannot read IP mode file for STMicroelectronics.X-CUBE-AZRTOS-H7.3.2.0
2024-04-05 15:45:31,134 [INFO] ThirdParty:978 - Integrity check success = true
2024-04-05 15:45:31,134 [INFO] IntegrityCheckThread:100 - exiting critical section [integrity check]
2024-04-05 15:45:31,135 [INFO] IntegrityCheckThread:103 - End integrity checks thread
2024-04-05 15:45:50,730 [ERROR] LogOutputStream:75 - [STDERR_REDIRECT] SLF4J: Failed to load class "org.slf4j.impl.StaticLoggerBinder".
2024-04-05 15:45:50,730 [ERROR] LogOutputStream:75 - [STDERR_REDIRECT] SLF4J: Defaulting to no-operation (NOP) logger implementation
2024-04-05 15:45:50,730 [ERROR] LogOutputStream:75 - [STDERR_REDIRECT] SLF4J: See http://www.slf4j.org/codes.html#StaticLoggerBinder for further details.
